version: 1
creator: callgrind-3.12.0
pid: 12115
cmd:  ./edlib-aligner -m NW ../../test_data/Enterobacteria_Phage_1/mutated_97_perc_prefix_80bp.fasta ../../test_data/Enterobacteria_Phage_1/Enterobacteria_phage_1_prefix_80bp.fasta
part: 1


desc: I1 cache: 
desc: D1 cache: 
desc: LL cache: 

desc: Timerange: Basic block 0 - 80752507
desc: Trigger: Program termination

positions: line
events: Ir
summary: 709985187


ob=(1) /usr/lib/ld-2.24.so
fl=(1) ???
fn=(40) rtld_lock_default_lock_recursive
0 260

fn=(58) _dl_count_modids
0 4

fn=(90) _dl_map_object_from_fd
0 90
cfn=(56) _dl_debug_initialize
calls=5 0 
0 40
0 25
cfn=(92) _fxstat
calls=5 0 
0 50
0 380
cfn=(22) _dl_new_object
calls=5 0 
0 1758
0 1304
cfn=(114) _dl_next_tls_modid
calls=2 0 
0 12
0 209
cfn=(94) mmap
calls=5 0 
0 175
0 1940
cfn=(100) close
calls=2 0 
0 10
0 6
cfn=(100)
calls=3 0 
0 15
0 60
cfn=(4) _dl_setup_hash
calls=5 0 
0 115
0 80
cfn=(38) _dl_add_to_namespace_list
calls=5 0 
0 235
0 112
cfn=(98) memset
calls=5 0 
0 559
0 75
cfn=(96) mprotect
calls=5 0 
0 25
0 80
cfn=(94)
calls=5 0 
0 155
0 114
cfn=(94)
calls=2 0 
0 62
0 14

fn=(98)
0 776

fn=(106) openaux
0 156
cfn=(74) _dl_map_object
calls=12 0 
0 22495
0 36

fn=(134) _dl_relocate_object
0 14779
cob=(4) /usr/lib/libm-2.24.so
cfi=(4) ???
cfn=(190) sin
calls=1 0 
0 8
cob=(4)
cfi=(4)
cfn=(188) __atan2_finite
calls=1 0 
0 8
cob=(4)
cfi=(4)
cfn=(186) __asin_finite
calls=1 0 
0 5
cob=(4)
cfi=(4)
cfn=(184) floor
calls=1 0 
0 5
cob=(4)
cfi=(4)
cfn=(182) floorf
calls=1 0 
0 5
cob=(4)
cfi=(4)
cfn=(180) __acos_finite
calls=1 0 
0 5
cob=(4)
cfi=(4)
cfn=(178) rintf
calls=1 0 
0 5
cob=(4)
cfi=(4)
cfn=(176) __log_finite
calls=1 0 
0 8
cob=(4)
cfi=(4)
cfn=(174) __pow_finite
calls=1 0 
0 5
cob=(4)
cfi=(4)
cfn=(172) ceil
calls=1 0 
0 5
cob=(4)
cfi=(4)
cfn=(170) ceilf
calls=1 0 
0 5
cob=(4)
cfi=(4)
cfn=(168) rint
calls=1 0 
0 5
cob=(4)
cfi=(4)
cfn=(166) cos
calls=1 0 
0 8
cob=(4)
cfi=(4)
cfn=(164) __exp_finite
calls=1 0 
0 8
0 190
cfn=(160) _dl_protect_relro
calls=7 0 
0 175
0 206509
cfn=(136) _dl_lookup_symbol_x
calls=2018 0 
0 1639489
0 84313
cob=(3) /usr/lib/libc-2.24.so
cfi=(3) ???
cfn=(158) memmove
calls=1 0 
0 13
cob=(3)
cfi=(3)
cfn=(156) gettimeofday
calls=1 0 
0 66
cob=(3)
cfi=(3)
cfn=(154) strspn
calls=1 0 
0 6
cob=(3)
cfi=(3)
cfn=(152) strpbrk
calls=1 0 
0 6
cob=(3)
cfi=(3)
cfn=(150) strncasecmp
calls=1 0 
0 5
cob=(3)
cfi=(3)
cfn=(148) strcspn
calls=1 0 
0 6
cob=(3)
cfi=(3)
cfn=(144) time
calls=1 0 
0 66
cob=(3)
cfi=(3)
cfn=(142) strcasecmp
calls=1 0 
0 5
0 181
cfn=(36) memcpy
calls=4 0 
0 42
0 22549
cfn=(136)
calls=6 0 
0 3828
0 17947

fn=(22)
0 90
cfn=(12) strlen
calls=6 0 
0 114
0 126
cob=(2) ???
cfi=(2) ???
cfn=(24) 0x0000000004000b50
calls=6 0 
0 262
0 84
cfn=(36)
calls=6 0 
0 71
0 353
cfn=(12)
calls=5 0 
0 170
0 146
cfn=(54) mempcpy
calls=5 0 
0 68
0 368
cob=(2)
cfi=(2)
cfn=(28) 0x0000000004000b48
calls=5 0 
0 120
0 27

fn=(84) open_verify.constprop.7
0 105
cfn=(86) open
calls=5 0 
0 25
0 75
cfn=(88) read
calls=5 0 
0 25
0 65
cfn=(20) bcmp
calls=5 0 
0 147
0 45
cfn=(20)
calls=5 0 
0 180
0 551
cfn=(20)
calls=2 0 
0 50
0 20
cfn=(20)
calls=5 0 
0 150
0 111
cfn=(20)
calls=3 0 
0 72
0 6

fn=(118) version_check_doit
0 6
cfn=(120) _dl_check_all_versions
calls=1 0 
0 14780
0 4

fn=(160)
0 112
cfn=(96)
calls=7 0 
0 35
0 28

fn=(16) dl_main
0 38
cfn=(18) _dl_next_ld_env_entry
calls=1 0 
0 350
0 2
cfn=(18)
calls=1 0 
0 6
0 79
cfn=(22)
calls=1 0 
0 241
0 11
cfn=(38)
calls=1 0 
0 33
0 141
cfn=(44) strcmp
calls=1 0 
0 50
0 262
cfn=(4)
calls=1 0 
0 23
0 5
cfn=(46) _dl_discover_osversion
calls=1 0 
0 86
0 69
cfn=(20)
calls=1 0 
0 18
0 18
cfn=(20)
calls=1 0 
0 36
0 7
cfn=(50) _dl_init_paths
calls=1 0 
0 492
0 3
cfn=(56)
calls=1 0 
0 17
0 54
cfn=(58)
calls=1 0 
0 4
0 10
cfn=(60) _dl_debug_state
calls=1 0 
0 1
0 13
cfn=(102) access
calls=1 0 
0 9
0 20
cfn=(104) _dl_map_object_deps
calls=1 0 
0 26933
0 152
cfn=(116) _dl_receive_error
calls=1 0 
0 14820
0 5
cfn=(126) init_tls
calls=1 0 
0 669
0 25
cfn=(196) _dl_allocate_tls_init
calls=1 0 
0 206
0 132
cfn=(134)
calls=6 0 
0 1985116
0 54
cfn=(162) _dl_add_to_slotinfo
calls=2 0 
0 40
0 22
cfn=(134)
calls=1 0 
0 5144
0 7
cfn=(198) _dl_sysdep_start_cleanup
calls=1 0 
0 1
0 6
cfn=(56)
calls=1 0 
0 8
0 2
cfn=(60)
calls=1 0 
0 1
0 1
cfn=(200) _dl_unload_cache
calls=1 0 
0 15
0 22
cfn=(12)
calls=1 0 
0 34
0 8
cfn=(36)
calls=1 0 
0 18
0 10
cfn=(62) strsep
calls=1 0 
0 908
0 3
cfn=(62)
calls=1 0 
0 7
0 15
cfn=(64) do_preload
calls=1 0 
0 2346
0 16

fn=(80) expand_dynamic_string_token
0 13
cfn=(78) index
calls=1 0 
0 47
0 11
cfn=(82) strdup
calls=1 0 
0 93

fn=(1046) _dl_sort_fini
0 29
cfn=(98)
calls=1 0 
0 13
0 66
cfn=(98)
calls=5 0 
0 73
0 489

fn=(4)
0 161

fn=(14) sbrk
0 17

fn=(42) rtld_lock_default_unlock_recursive
0 260

fn=(60)
0 2

fn=(8) brk
0 11

fn=(30) malloc
0 108
cob=(2)
cfi=(2)
cfn=(32) 0x0000000004000b40
calls=36 0 
0 900

fn=(54)
0 153

fn=(62)
0 915

fn=(82)
0 25
cfn=(12)
calls=5 0 
0 170
0 15
cob=(2)
cfi=(2)
cfn=(28)
calls=5 0 
0 120
0 45
cfn=(36)
calls=5 0 
0 58

fn=(86)
0 30

fn=(100)
0 30

fn=(200)
0 7
cfn=(202) munmap
calls=1 0 
0 5
0 3

fn=(10) get_common_indeces.constprop.1
0 57

fn=(78)
0 510

fn=(88)
0 25

fn=(132) allocate_dtv
0 9
cob=(2)
cfi=(2)
cfn=(24)
calls=1 0 
0 33
0 10

fn=(36)
0 363

fn=(46)
0 22
cfn=(48) uname
calls=1 0 
0 5
0 59

fn=(72) map_doit
0 11
cfn=(74)
calls=1 0 
0 2243
0 3

fn=(122) _dl_check_map_versions
0 643
cfn=(76) _dl_name_match_p
calls=62 0 
0 5612
0 565
cfn=(124) match_symbol
calls=7 0 
0 1468
0 76
cfn=(124)
calls=19 0 
0 2717
0 1142
cob=(2)
cfi=(2)
cfn=(24)
calls=6 0 
0 198
0 2242

fn=(0) 0x0000000000000d70
0 2
cfn=(2) _dl_start
calls=1 0 
0 2040141
0 14
cfn=(206) _dl_init
calls=1 0 
0 67212
0 3
cob=(8) /home/martin/git/edlib/build/bin/edlib-aligner
cfi=(22) ???
cfn=(386) _start
calls=1 0 
0 707877815

fn=(56)
0 65

fn=(336) _dl_find_dso_for_object
0 53

fn=(208) call_init.part.0
0 161
cob=(2)
cfi=(2)
cfn=(266) 0x0000000004caf420
calls=1 0 
0 6
cob=(2)
cfi=(2)
cfn=(254) 0x0000000004fb44d0
calls=1 0 
0 6
cob=(2)
cfi=(2)
cfn=(236) 0x00000000052b57b0
calls=1 0 
0 6
cob=(3)
cfi=(3)
cfn=(222) _init
calls=1 0 
0 176
cob=(2)
cfi=(2)
cfn=(210) 0x0000000004a25560
calls=1 0 
0 6
0 85
cob=(7) /usr/lib/libstdc++.so.6.0.22
cfi=(9) ???
cfn=(270) 0x000000000008c140
calls=1 0 
0 17
cob=(4)
cfi=(4)
cfn=(258) 0x0000000000005740
calls=1 0 
0 17
cob=(6) /usr/lib/libgcc_s.so.1
cfi=(6) /build/gcc-multilib/src/gcc/libgcc/config/i386/cpuinfo.c
cfn=(240) __cpu_indicator_init@GCC_4.8.0
calls=1 406 
0 255
cob=(3)
cfi=(3)
cfn=(230) init_cacheinfo
calls=1 0 
0 1751
cob=(5) /usr/lib/valgrind/vgpreload_core-amd64-linux.so
cfi=(5) ???
cfn=(214) 0x0000000000000680
calls=1 0 
0 17
0 44
cob=(7)
cfi=(19) /build/gcc-multilib/src/gcc-build/x86_64-pc-linux-gnu/libstdc++-v3/include/bits/locale_facets_nonio.h
cfn=(378) _GLOBAL__sub_I_wlocale_inst.cc
calls=1 1373 
0 49
cob=(7)
cfi=(19)
cfn=(372) _GLOBAL__sub_I_locale_inst.cc
calls=1 1373 
0 49
cob=(7)
cfi=(19)
cfn=(366) _GLOBAL__sub_I_cxx11_wlocale_inst.cc
calls=1 1373 
0 33
cob=(7)
cfi=(19)
cfn=(360) _GLOBAL__sub_I_cxx11_locale_inst.cc
calls=1 1373 
0 33
cob=(7)
cfi=(18) /build/gcc-multilib/src/gcc/libstdc++-v3/src/c++11/system_error.cc
cfn=(358) _GLOBAL__sub_I_system_error.cc
calls=1 70 
0 144
cob=(7)
cfi=(17) /build/gcc-multilib/src/gcc-build/x86_64-pc-linux-gnu/libstdc++-v3/include/parallel/settings.h
cfn=(356) _GLOBAL__sub_I_parallel_settings.cc
calls=1 338 
0 54
cob=(7)
cfi=(15) /build/gcc-multilib/src/gcc-build/x86_64-pc-linux-gnu/libstdc++-v3/include/ext/bitmap_allocator.h
cfn=(352) _GLOBAL__sub_I_bitmap_allocator.cc
calls=1 1094 
0 73
cob=(7)
cfi=(14) /build/gcc-multilib/src/gcc/libstdc++-v3/libsupc++/eh_alloc.cc
cfn=(320) _GLOBAL__sub_I_eh_alloc.cc
calls=1 326 
0 59399
cob=(7)
cfi=(11) /build/gcc-multilib/src/gcc/libstdc++-v3/src/c++11/compatibility-thread-c++0x.cc
cfn=(300) _GLOBAL__sub_I_compatibility_thread_c__0x.cc
calls=1 124 
0 2309
cob=(7)
cfi=(10) /build/gcc-multilib/src/gcc/libstdc++-v3/src/c++11/compatibility-c++0x.cc
cfn=(278) _GLOBAL__sub_I_compatibility_c__0x.cc
calls=1 257 
0 2292
cob=(6)
cfi=(8) ???
cfn=(246) 0x0000000000003160
calls=1 0 
0 17
0 90

fn=(76)
0 2233
cfn=(44)
calls=319 0 
0 9856
0 3867
cfn=(44)
calls=335 0 
0 9689
0 2584

fn=(92)
0 60

fn=(102)
0 9

fn=(194) free
0 12

fn=(202)
0 5

fn=(20)
0 723

fn=(50)
0 14
cfn=(52) _dl_important_hwcaps
calls=1 0 
0 351
0 3
cob=(2)
cfi=(2)
cfn=(28)
calls=1 0 
0 24
0 14
cob=(2)
cfi=(2)
cfn=(28)
calls=1 0 
0 24
0 62

fn=(74)
0 1029
cfn=(76)
calls=58 0 
0 5966
0 534
cfn=(44)
calls=28 0 
0 946
0 238
cfn=(78)
calls=5 0 
0 115
0 16
cfn=(80)
calls=1 0 
0 164
0 13
cfn=(84)
calls=1 0 
0 291
0 24
cfn=(90)
calls=1 0 
0 1382
0 60
cfn=(90)
calls=4 0 
0 6318
0 23
cfn=(12)
calls=4 0 
0 64
0 216
cfn=(108) _dl_load_cache_lookup
calls=4 0 
0 5835
0 72
cfn=(84)
calls=4 0 
0 1336
0 96

fn=(94)
0 524

fn=(110) _dl_sysdep_read_whole_file
0 11
cfn=(86)
calls=1 0 
0 5
0 7
cfn=(92)
calls=1 0 
0 10
0 8
cfn=(100)
calls=1 0 
0 5
0 13
cfn=(94)
calls=1 0 
0 33
0 2

fn=(112) _dl_cache_libcmp
0 1052
cfn=(113) _dl_cache_libcmp'2
calls=7 0 
0 42
0 2696

fn=(113)
0 42

fn=(114)
0 12

fn=(116)
0 11
cfn=(68) _dl_initial_error_catch_tsd
calls=1 0 
0 2
0 7
cfn=(118)
calls=1 0 
0 14790
0 10

fn=(130) _dl_allocate_tls_storage
0 7
cob=(2)
cfi=(2)
cfn=(32)
calls=1 0 
0 20
0 303
cfn=(132)
calls=1 0 
0 52
0 6

fn=(140) check_match
0 51186
cfn=(44)
calls=59 0 
0 2451
0 51073
cfn=(44)
calls=2036 0 
0 61992
0 6108

fn=(192) _dl_higher_prime_number
0 152

fn=(1044) _dl_fini
0 26
cfn=(40)
calls=1 0 
0 2
0 118
cfn=(1046)
calls=1 0 
0 670
0 2
cfn=(42)
calls=1 0 
0 2
0 129
cob=(6)
cfi=(8)
cfn=(1140) 0x0000000000003120
calls=1 0 
0 107
cob=(4)
cfi=(4)
cfn=(1122) 0x0000000000005700
calls=1 0 
0 107
cob=(7)
cfi=(9)
cfn=(1082) 0x000000000008c100
calls=1 0 
0 1788
cob=(5)
cfi=(5)
cfn=(1060) 0x0000000000000640
calls=1 0 
0 107
cob=(8)
cfi=(22)
cfn=(1048) 0x0000000000407f00
calls=1 0 
0 16
0 45
cob=(2)
cfi=(2)
cfn=(1156) 0x00000000052c58a8
calls=1 0 
0 3
cob=(2)
cfi=(2)
cfn=(1138) 0x000000000502094c
calls=1 0 
0 3
cob=(2)
cfi=(2)
cfn=(1120) 0x0000000004d6201c
calls=1 0 
0 3
cob=(2)
cfi=(2)
cfn=(1080) 0x0000000004a2580c
calls=1 0 
0 3
cob=(2)
cfi=(2)
cfn=(1058) 0x0000000000410d54
calls=1 0 
0 3
0 94

fn=(2)
0 253
cfn=(4)
calls=1 0 
0 23
0 17
cfn=(6) _dl_sysdep_start
calls=1 0 
0 2039509
0 339

fn=(26) calloc
0 136
cob=(2)
cfi=(2)
cfn=(28)
calls=17 0 
0 588

fn=(44)
0 88683

fn=(48)
0 5

fn=(52)
0 84
cob=(2)
cfi=(2)
cfn=(28)
calls=1 0 
0 24
0 161
cfn=(54)
calls=1 0 
0 16
0 4
cfn=(54)
calls=1 0 
0 15
0 4
cfn=(54)
calls=1 0 
0 14
0 4
cfn=(54)
calls=1 0 
0 15
0 10

fn=(66) _dl_catch_error
0 169
cfn=(68)
calls=13 0 
0 26
0 104
cfn=(70) __sigsetjmp
calls=13 0 
0 247
0 78
cfn=(106)
calls=12 0 
0 22687
cfn=(72)
calls=1 0 
0 2257
0 169

fn=(104)
0 1166
cfn=(78)
calls=12 0 
0 348
0 108
cfn=(66)
calls=12 0 
0 23419
0 570
cob=(2)
cfi=(2)
cfn=(28)
calls=5 0 
0 120
0 45
cfn=(36)
calls=5 0 
0 58
0 30
cfn=(36)
calls=5 0 
0 58
0 105
cob=(2)
cfi=(2)
cfn=(28)
calls=1 0 
0 24
0 111
cfn=(98)
calls=1 0 
0 13
0 395
cfn=(98)
calls=5 0 
0 73
0 269
cfn=(36)
calls=1 0 
0 18
0 3

fn=(124)
0 2858
cfn=(44)
calls=26 0 
0 1067
0 260

fn=(162)
0 40

fn=(34) __libc_memalign
0 596
cfn=(94)
calls=3 0 
0 99
0 188

fn=(64)
0 17
cfn=(66)
calls=1 0 
0 2318
0 11

fn=(70)
0 247

fn=(196)
0 111
cfn=(54)
calls=2 0 
0 25
0 8
cfn=(98)
calls=2 0 
0 45
0 17

fn=(12)
0 720

fn=(38)
0 42
cfn=(40)
calls=6 0 
0 12
0 188
cfn=(42)
calls=5 0 
0 10
0 12
cfn=(42)
calls=1 0 
0 2
0 2

fn=(96)
0 60

fn=(206)
0 103
cfn=(208)
calls=6 0 
0 67013
0 19
cfn=(208)
calls=1 0 
0 76
0 1

fn=(288) _dl_fixup
0 1734
cfn=(136)
calls=34 0 
0 31548
0 819
cob=(3)
cfi=(3)
cfn=(158)
calls=1 0 
0 13
cob=(3)
cfi=(3)
cfn=(442) strcmp
calls=1 0 
0 5
cob=(3)
cfi=(3)
cfn=(434) strcpy
calls=1 0 
0 5
0 3

fn=(68)
0 28

fn=(120)
0 61
cfn=(122)
calls=7 0 
0 14663
0 56

fn=(126)
0 10
cob=(2)
cfi=(2)
cfn=(24)
calls=1 0 
0 91
0 65
cfn=(128) _dl_determine_tlsoffset
calls=1 0 
0 98
0 1
cfn=(130)
calls=1 0 
0 388
0 16

fn=(136)
0 825222
cfn=(138) do_lookup_x
calls=2058 0 
0 775773
0 73870

fn=(198)
0 1

fn=(286) _dl_runtime_resolve_avx
0 754
cfn=(288)
calls=29 0 
0 30424
0 696
cob=(7)
cfi=(10)
cfn=(1108) std::error_category::~error_category()
calls=1 135 
0 1
cob=(7)
cfi=(46) /build/gcc-multilib/src/gcc-build/x86_64-pc-linux-gnu/libstdc++-v3/include/system_error
cfn=(1096) std::_V2::error_category::~error_category()
calls=1 66 
0 1
cob=(7)
cfi=(45) /build/gcc-multilib/src/gcc/libstdc++-v3/libsupc++/del_ops.cc
cfn=(1034) operator delete(void*, unsigned long)
calls=1 32 
0 92
cob=(3)
cfi=(3)
cfn=(994) putchar
calls=1 0 
0 206
cob=(3)
cfi=(3)
cfn=(780) free
calls=1 0 
0 88
cob=(7)
cfi=(44) /build/gcc-multilib/src/gcc/libstdc++-v3/libsupc++/del_opv.cc
cfn=(978) operator delete[](void*)
calls=1 35 
0 695
cob=(3)
cfi=(3)
cfn=(908) fflush
calls=1 0 
0 188
cob=(3)
cfi=(3)
cfn=(898) clock
calls=1 0 
0 39
cob=(7)
cfi=(39) /build/gcc-multilib/src/gcc/libstdc++-v3/libsupc++/new_opv.cc
cfn=(818) operator new[](unsigned long)
calls=1 32 
0 722
cob=(3)
cfi=(3)
cfn=(788) fclose@@GLIBC_2.2.5
calls=1 0 
0 541
cob=(7)
cfi=(38) /build/gcc-multilib/src/gcc/libstdc++-v3/libsupc++/del_op.cc
cfn=(774) operator delete(void*)
calls=1 49 
0 1427
cob=(3)
cfi=(3)
cfn=(764) __memcpy_avx_unaligned_erms
calls=1 0 
0 15
cob=(7)
cfi=(29) /build/gcc-multilib/src/gcc-build/x86_64-pc-linux-gnu/libstdc++-v3/include/bits/allocator.h
cfn=(692) std::allocator<char>::~allocator()
calls=1 139 
0 1
cob=(7)
cfi=(29)
cfn=(646) std::allocator<char>::allocator(std::allocator<char> const&)
calls=1 133 
0 1
cob=(7)
cfi=(29)
cfn=(594) std::allocator<char>::allocator()
calls=1 131 
0 1
cob=(3)
cfi=(3)
cfn=(566) fread
calls=1 0 
0 588
cob=(3)
cfi=(3)
cfn=(560) feof
calls=1 0 
0 32
cob=(3)
cfi=(3)
cfn=(532) fopen@@GLIBC_2.2.5
calls=1 0 
0 507
cob=(3)
cfi=(3)
cfn=(510) puts
calls=1 0 
0 420
cob=(7)
cfi=(24) /build/gcc-multilib/src/gcc/libstdc++-v3/libsupc++/new_op.cc
cfn=(494) operator new(unsigned long)
calls=1 43 
0 216
cob=(3)
cfi=(3)
cfn=(450) printf
calls=1 0 
0 1403
cob=(3)
cfi=(3)
cfn=(444) __strcmp_sse2_unaligned
calls=1 0 
0 21
cob=(3)
cfi=(3)
cfn=(436) __strcpy_sse2_unaligned
calls=1 0 
0 24
cob=(3)
cfi=(3)
cfn=(418) getopt
calls=1 0 
0 590
cob=(3)
cfi=(3)
cfn=(326) malloc
calls=2 0 
0 58297
cob=(7)
cfi=(12) /build/gcc-multilib/src/gcc/libstdc++-v3/src/c++11/future.cc
cfn=(306) std::future_category()
calls=1 64 
0 1563
cob=(3)
cfi=(3)
cfn=(296) __cxa_atexit
calls=1 0 
0 60
cob=(7)
cfi=(10)
cfn=(290) std::error_category::error_category()
calls=1 135 
0 4

fn=(287) _dl_runtime_resolve_avx'2
0 130
cfn=(288)
calls=5 0 
0 3703
0 120
cob=(7)
cfi=(38)
cfn=(774)
calls=1 49 
0 90
cob=(7)
cfi=(24)
cfn=(494)
calls=1 43 
0 117
cob=(3)
cfi=(3)
cfn=(780)
calls=1 0 
0 88
cob=(7)
cfi=(13) /build/gcc-multilib/src/gcc/libstdc++-v3/libsupc++/guard.cc
cfn=(318) __cxa_guard_release
calls=1 388 
0 14
cob=(7)
cfi=(13)
cfn=(312) __cxa_guard_acquire
calls=1 243 
0 33

fn=(6)
0 460
cfn=(8)
calls=1 0 
0 11
0 32
cfn=(12)
calls=1 0 
0 32
0 3
cfn=(14)
calls=1 0 
0 17
0 11
cfn=(16)
calls=1 0 
0 2038844
0 13
cfn=(10)
calls=1 0 
0 57
0 29

fn=(18)
0 356

fn=(108)
0 759
cfn=(112)
calls=38 0 
0 2990
0 281
cfn=(112)
calls=3 0 
0 241
0 20
cfn=(112)
calls=4 0 
0 559
0 198
cfn=(12)
calls=4 0 
0 136
0 36
cfn=(36)
calls=4 0 
0 40
0 8
cfn=(82)
calls=4 0 
0 340
0 36
cfn=(110)
calls=1 0 
0 94
0 10
cfn=(20)
calls=1 0 
0 38
0 15
cfn=(20)
calls=1 0 
0 32
0 2

fn=(128)
0 98

fn=(138)
0 349826
cfn=(76)
calls=199 0 
0 16651
0 70494
cfn=(40)
calls=122 0 
0 244
0 6483
cfn=(44)
calls=40 0 
0 2632
0 560
cfn=(42)
calls=40 0 
0 80
0 3101
cfn=(42)
calls=82 0 
0 164
0 123663
cfn=(140)
calls=2038 0 
0 172810
0 6537
cfn=(192)
calls=2 0 
0 152
0 8
cob=(2)
cfi=(2)
cfn=(24)
calls=2 0 
0 124
0 2388
cfn=(194)
calls=2 0 
0 12
0 1467
cob=(2)
cfi=(2)
cfn=(24)
calls=1 0 
0 33
0 18344

ob=(4)
fl=(4)
fn=(166)
0 8

fn=(178)
0 5

fn=(180)
0 5

fn=(258)
0 17

fn=(164)
0 8

fn=(176)
0 8

fn=(1132) 0x0000000000005670
0 9

fn=(168)
0 5

fn=(170)
0 5

fn=(172)
0 5

fn=(174)
0 5

fn=(1122)
0 8
cob=(2)
cfi=(2)
cfn=(1128) 0x0000000004fb4660
calls=1 0 
0 86
0 1
cfn=(1132)
calls=1 0 
0 9
0 3

fn=(188)
0 8

fn=(182)
0 5

fn=(184)
0 5

fn=(186)
0 5

fn=(190)
0 8

ob=(6)
fl=(6)
fn=(244) get_available_features
306 1
-3 1
+3 2
+3 4
+2 4
+2 4
+2 4
+2 4
+2 4
+2 4
+2 4
+2 4
+2 4
+2 4
+2 4
+3 2
+3 3
+2 4
+2 4
+2 4
+2 4
+2 4
+2 4
+2 4
+2 4
+2 4
+2 4
+2 4
+2 4
+6 2
+2 2
+2 2
+3 4
+2 4
+2 4
+3 2
+1 2

fn=(240)
406 6
+10 1
-10 1
+9 4
+71 9
-67 11
cfi=(7) /build/gcc-multilib/src/gcc-build/gcc/include/cpuid.h
cfn=(242) __get_cpuid_output
calls=1 241 
* 20
* 3
+7 1
-1 1
+3 2
+6 6
cfi=(7)
cfn=(242)
calls=1 241 
* 20
* 2
+6 2
+1 1
+2 1
-3 1
+1 1
+2 1
+1 1
-4 1
+1 1
+2 1
+3 1
-2 1
+2 1
+3 1
-7 1
+7 1
+5 2
207 7
460 3
+25 1
-25 1
cfn=(244)
calls=1 306 
* 127
+1 3
-6 1
199 2
+59 2
+1 2

fl=(7)
fn=(242)
241 2
fi=(6)
393 4
fe=(7)
241 2
fi=(6)
393 2
fe=(7)
223 8
+20 4
+3 8
+1 2
-1 4
fi=(6)
395 4
fe=(7)

fl=(8)
fn=(246)
0 17

fn=(1150) 0x0000000000003090
0 9

fn=(1140)
0 8
cob=(2)
cfi=(2)
cfn=(1146) 0x00000000052b5a80
calls=1 0 
0 86
0 1
cfn=(1150)
calls=1 0 
0 9
0 3

ob=(5)
fl=(5)
fn=(1074) 0x00000000000005b0
0 9

fn=(1060)
0 8
cob=(2)
cfi=(2)
cfn=(1066) 0x0000000004a255a0
calls=1 0 
0 86
0 1
cfn=(1074)
calls=1 0 
0 9
0 3

fn=(214)
0 17

ob=(2)
fl=(2)
fn=(1080)
0 3

fn=(1128)
0 1
cob=(3)
cfi=(3)
cfn=(1068) __cxa_finalize
calls=1 0 
0 85

fn=(1066)
0 1
cob=(3)
cfi=(3)
cfn=(1068)
calls=1 0 
0 85

fn=(1120)
0 3

fn=(32)
0 37
cob=(1)
cfi=(1)
cfn=(34)
calls=37 0 
0 883

fn=(334) 0x00000000054e98d0
0 1
cob=(1)
cfi=(1)
cfn=(336)
calls=1 0 
0 53

fn=(392) 0x0000000000407bc8
0 6

fn=(468) 0x00000000054e98b8
0 5
cob=(3)
cfi=(3)
cfn=(326)
calls=5 0 
0 1255

fn=(800) 0x00000000054e98e0
0 4
cob=(3)
cfi=(3)
cfn=(780)
calls=4 0 
0 500

fn=(210)
0 6

fn=(254)
0 6

fn=(266)
0 6

fn=(24)
0 17
cob=(1)
cfi=(1)
cfn=(26)
calls=17 0 
0 724

fn=(1156)
0 3

fn=(1058)
0 3

fn=(1146)
0 1
cob=(3)
cfi=(3)
cfn=(1068)
calls=1 0 
0 85

fn=(1088) 0x0000000004cb27d0
0 1
cob=(3)
cfi=(3)
cfn=(1068)
calls=1 0 
0 1766

fn=(28)
0 36
cob=(1)
cfi=(1)
cfn=(30)
calls=36 0 
0 1008

fn=(236)
0 6

fn=(1138)
0 3

ob=(3)
fl=(3)
fn=(298) __new_exitfn
0 258

fn=(450)
0 107
cfn=(452) vfprintf
calls=1 0 
0 3597
0 110
cfn=(452)
calls=10 0 
0 7369
0 22

fn=(456) _IO_file_xsputn@@GLIBC_2.2.5
0 727
cfn=(476) __GI_mempcpy
calls=29 0 
0 446
0 30
cfn=(476)
calls=6 0 
0 81
0 614
cfn=(458) _IO_file_overflow@@GLIBC_2.2.5
calls=7 0 
0 1146
0 117
cfn=(474) _IO_default_xsputn
calls=3 0 
0 3167
0 1706

fn=(466) _fxstat
0 30

fn=(780)
0 1200420
cfn=(782) _int_free
calls=80028 0 
0 7132782

fn=(802) _IO_file_finish@@GLIBC_2.2.5
0 24
cfn=(804) _IO_default_finish
calls=2 0 
0 30

fn=(808) _itoa_word
0 268

fn=(1068)
0 266
cob=(7)
cfi=(10)
cfn=(1110) std::(anonymous namespace)::generic_error_category::~generic_error_category()
calls=1 184 
0 5
cob=(7)
cfi=(10)
cfn=(1102) std::(anonymous namespace)::system_error_category::~system_error_category()
calls=1 199 
0 776
cob=(7)
cfi=(12)
cfn=(1100) (anonymous namespace)::future_error_category::~future_error_category()
calls=1 29 
0 5
cob=(7)
cfi=(18)
cfn=(1098) (anonymous namespace)::generic_error_category::~generic_error_category()
calls=1 38 
0 5
cob=(7)
cfi=(18)
cfn=(1090) (anonymous namespace)::system_error_category::~system_error_category()
calls=1 54 
0 814
0 134
cfn=(1070) __unregister_atfork
calls=4 0 
0 16

fn=(146) _dl_vdso_vsym
0 24

fn=(234) intel_check_word
0 1370

fn=(418)
0 12
cfn=(420) _getopt_internal
calls=2 0 
0 701
0 4

fn=(232) handle_intel
0 63
cfn=(234)
calls=3 0 
0 999
0 21
cfn=(234)
calls=3 0 
0 371
0 63

fn=(434)
0 5

fn=(464) _IO_file_stat
0 12
cfn=(466)
calls=3 0 
0 30

fn=(472) _IO_do_write@@GLIBC_2.2.5
0 79
cfn=(482) new_do_write
calls=15 0 
0 1485
0 90

fn=(510)
0 35
cfn=(426) strlen
calls=5 0 
0 178
0 165
cfn=(456)
calls=5 0 
0 2976
0 155
cfn=(512) __overflow
calls=5 0 
0 830
0 10

fn=(552) __GI_strstr
0 48

fn=(580) _IO_file_underflow@@GLIBC_2.2.5
0 38
cfn=(582) _IO_switch_to_get_mode
calls=2 0 
0 48
0 32
cfn=(572) _IO_file_read
calls=2 0 
0 22
0 30

fn=(794) _IO_file_close_it@@GLIBC_2.2.5
0 30
cfn=(796) _IO_unsave_markers
calls=2 0 
0 10
0 20
cfn=(470) _IO_setb
calls=2 0 
0 298
0 16
cfn=(790) _IO_un_link
calls=2 0 
0 6
0 40
cfn=(798) _IO_file_close
calls=2 0 
0 12
0 4

fn=(798)
0 12

fn=(1004) __mpn_extract_double
0 20

fn=(1008) hack_digit
0 144
cfn=(1010) __mpn_mul_1
calls=8 0 
0 160
0 56

fn=(1158) _IO_cleanup
0 9
cfn=(1160) _IO_flush_all_lockp
calls=1 0 
0 95
0 33
cfn=(1162) _IO_file_setbuf@@GLIBC_2.2.5
calls=1 0 
0 83
0 64

fn=(296)
0 48
cfn=(298)
calls=6 0 
0 258
0 84

fn=(332) _dl_addr
0 14
cob=(1)
cfi=(1)
cfn=(40)
calls=1 0 
0 2
0 2
cob=(2)
cfi=(2)
cfn=(334)
calls=1 0 
0 54
0 56533
cob=(1)
cfi=(1)
cfn=(42)
calls=1 0 
0 2
0 13

fn=(404) _setjmp
0 2
cfn=(406) __sigsetjmp
calls=1 0 
0 26

fn=(408) __sigjmp_save
0 8

fn=(426)
0 226

fn=(428) __GI_strchr
0 23

fn=(436)
0 24

fn=(534) __fopen_internal
0 20
cob=(2)
cfi=(2)
cfn=(468)
calls=2 0 
0 503
0 22
cfn=(536) _IO_no_init
calls=2 0 
0 116
0 8
cfn=(540) _IO_new_file_init_internal
calls=2 0 
0 188
0 10
cfn=(544) _IO_file_fopen@@GLIBC_2.2.5
calls=2 0 
0 242
0 18
cfn=(554) __fopen_maybe_mmap
calls=2 0 
0 8

fn=(560)
0 128

fn=(572)
0 16
cfn=(574) read
calls=4 0 
0 28

fn=(576) __read_nocancel
0 20

fn=(578) __underflow
0 62
cfn=(580)
calls=2 0 
0 170
0 4

fn=(582)
0 48

fn=(226) rindex
0 24

fn=(340) malloc_consolidate
0 767
cfn=(342) malloc_init_state
calls=1 0 
0 648

fn=(342)
0 648

fn=(424) getenv
0 9
cfn=(426)
calls=1 0 
0 16
0 361

fn=(156)
0 55
cfn=(146)
calls=1 0 
0 6
0 5

fn=(228) __ctype_init
0 16

fn=(452)
0 397
cfn=(454) strchrnul
calls=11 0 
0 244
0 231
cfn=(456)
calls=11 0 
0 3031
0 1213
cfn=(454)
calls=12 0 
0 288
0 192
cfn=(456)
calls=12 0 
0 1282
0 880
cfn=(456)
calls=10 0 
0 674
0 177
cfn=(1000) __printf_fp
calls=1 0 
0 1454
0 146
cfn=(808)
calls=10 0 
0 268
0 387
cfn=(456)
calls=1 0 
0 71
0 14
cfn=(426)
calls=1 0 
0 16
0 1

fn=(546) _IO_file_open
0 24
cfn=(548) open
calls=2 0 
0 14
0 30
cfn=(542) _IO_link_in
calls=2 0 
0 8
0 10

fn=(548)
0 4
cfn=(550) __open_nocancel
calls=2 0 
0 10

fn=(554)
0 8

fn=(566)
0 66
cfn=(568) _IO_sgetn
calls=2 0 
0 1265
0 48

fn=(570) _IO_file_xsgetn
0 138
cfn=(572)
calls=2 0 
0 22
0 52
cfn=(578)
calls=2 0 
0 236
0 16
cfn=(460) _IO_doallocbuf
calls=2 0 
0 771
0 2

fn=(910) _IO_file_sync@@GLIBC_2.2.5
0 65
cfn=(472)
calls=2 0 
0 220
0 6

fn=(1038) exit
0 5
cfn=(1040) __run_exit_handlers
calls=1 0 
0 3648

fn=(1042) __call_tls_dtors
0 11

fn=(1164) _IO_default_setbuf
0 18
cfn=(910)
calls=1 0 
0 17
0 33

fn=(1166) _Exit
0 5

fn=(330) ptmalloc_init.part.5
0 387
cfn=(332)
calls=1 0 
0 56620
0 6

fn=(348) sbrk
0 36
cfn=(350) brk
calls=1 0 
0 12
0 6
cfn=(350)
calls=1 0 
0 12
0 7

fn=(350)
0 24

fn=(154)
0 6

fn=(486) write
0 30
cfn=(488) __write_nocancel
calls=15 0 
0 75

fn=(512)
0 272
cfn=(458)
calls=16 0 
0 1331

fn=(532)
0 4
cfn=(534)
calls=2 0 
0 1135

fn=(544)
0 82
cfn=(546)
calls=2 0 
0 86
0 12
cfn=(552)
calls=2 0 
0 48
0 14

fn=(788)
0 46
cfn=(802)
calls=2 0 
0 54
0 22
cob=(2)
cfi=(2)
cfn=(800)
calls=2 0 
0 264
0 12
cfn=(790)
calls=2 0 
0 178
0 46
cfn=(794)
calls=2 0 
0 436
0 24

fn=(898)
0 8
cfn=(900) clock_gettime
calls=2 0 
0 40
0 30

fn=(902) __syscall_clock_gettime
0 6

fn=(1160)
0 95

fn=(328) malloc_hook_ini
0 8
cfn=(330)
calls=1 0 
0 57013
0 3
cfn=(327) malloc'2
calls=1 0 
0 1081

fn=(388) (below main)
0 22
cfn=(296)
calls=1 0 
0 66
0 11
cob=(8)
cfi=(22)
cfn=(390) __libc_csu_init
calls=1 0 
0 56
0 8
cfn=(404)
calls=1 0 
0 28
0 14
cob=(8)
cfi=(23) /home/martin/git/edlib/apps/aligner/aligner.cpp
cfn=(410) main
calls=1 29 
0 707873942
0 2
cfn=(1038)
calls=1 0 
0 3653
0 2

fn=(150)
0 5

fn=(152)
0 6

fn=(460)
0 57
cfn=(462) _IO_file_doallocate
calls=3 0 
0 996
0 18

fn=(470)
0 102
cob=(2)
cfi=(2)
cfn=(800)
calls=2 0 
0 240
0 10

fn=(540)
0 16
cfn=(542)
calls=2 0 
0 162
0 10

fn=(790)
0 10
cfn=(792) __GI__IO_un_link.part.1
calls=2 0 
0 172
0 2

fn=(1002) __printf_fp_l
0 50
cfn=(1004)
calls=1 0 
0 20
0 38
cfn=(1006) __mpn_lshift
calls=1 0 
0 15
0 59
cfn=(1008)
calls=1 0 
0 45
0 43
cfn=(1008)
calls=6 0 
0 270
0 123
cfn=(1008)
calls=1 0 
0 45
0 40
cfn=(426)
calls=1 0 
0 16
0 114
cfn=(476)
calls=1 0 
0 15
0 138
cfn=(512)
calls=8 0 
0 392
0 25

fn=(1162)
0 3
cfn=(1164)
calls=1 0 
0 68
0 12

fn=(148)
0 6

fn=(442)
0 5

fn=(474)
0 954
cfn=(458)
calls=59 0 
0 1888
0 325

fn=(484) _IO_file_write@@GLIBC_2.2.5
0 255
cfn=(486)
calls=15 0 
0 105
0 300

fn=(538) _IO_old_init
0 50

fn=(782)
0 6982209
cfn=(340)
calls=1 0 
0 531
0 150042

fn=(1000)
0 6
cfn=(1002)
calls=1 0 
0 1448

fn=(1006)
0 15

fn=(1040)
0 104
cfn=(1158)
calls=1 0 
0 284
0 5
cfn=(1166)
calls=1 0 
0 5
0 8
cob=(1)
cfi=(1)
cfn=(1044)
calls=1 0 
0 3228
0 2
cfn=(1042)
calls=1 0 
0 11
0 1

fn=(420)
0 24
cfn=(422) _getopt_internal_r
calls=2 0 
0 653
0 24

fn=(454)
0 532

fn=(462)
0 57
cfn=(464)
calls=3 0 
0 42
0 30
cob=(2)
cfi=(2)
cfn=(468)
calls=3 0 
0 757
0 24
cfn=(470)
calls=3 0 
0 54
0 32

fn=(476)
0 542

fn=(536)
0 20
cfn=(538)
calls=2 0 
0 50
0 46

fn=(550)
0 10

fn=(568)
0 28
cfn=(570)
calls=2 0 
0 1237

fn=(574)
0 8
cfn=(576)
calls=4 0 
0 20

fn=(764)
0 178

fn=(792)
0 172

fn=(796)
0 10

fn=(900)
0 22
cfn=(902)
calls=2 0 
0 6
0 12

fn=(908)
0 38
cfn=(910)
calls=2 0 
0 274
0 64

fn=(994)
0 114
cfn=(512)
calls=3 0 
0 381
0 6

fn=(338) _int_malloc
0 3131242
cfn=(340)
calls=2 0 
0 884
0 6482603
cfn=(344) sysmalloc
calls=1 0 
0 245
0 1440301

fn=(406)
0 18
cfn=(408)
calls=1 0 
0 8

fn=(422)
0 51
cfn=(424)
calls=1 0 
0 386
0 41
cfn=(428)
calls=1 0 
0 23
0 152

fn=(158)
0 26

fn=(222)
0 70
cfn=(146)
calls=1 0 
0 6
0 8
cfn=(146)
calls=1 0 
0 6
0 7
cfn=(224) __init_misc
calls=1 0 
0 48
0 1
cfn=(228)
calls=1 0 
0 16
0 14

fn=(224)
0 12
cfn=(226)
calls=1 0 
0 24
0 12

fn=(230)
0 26
cfn=(232)
calls=1 0 
0 454
0 4
cfn=(232)
calls=1 0 
0 517
0 4
cfn=(232)
calls=1 0 
0 546
0 200

fn=(444)
0 84

fn=(458)
0 2560
cfn=(472)
calls=7 0 
0 770
0 63
cfn=(472)
calls=7 0 
0 664
0 2
cfn=(460)
calls=1 0 
0 300
0 6

fn=(482)
0 315
cfn=(484)
calls=15 0 
0 660
0 510

fn=(488)
0 75

fn=(542)
0 170

fn=(804)
0 30

fn=(1010)
0 160

fn=(1070)
0 16

fn=(142)
0 5

fn=(144)
0 55
cfn=(146)
calls=1 0 
0 6
0 5

fn=(326)
0 1440529
cfn=(338)
calls=80029 0 
0 11054240
0 2240817
cfn=(328)
calls=1 0 
0 58105

fn=(327)
0 18
cfn=(338)
calls=1 0 
0 1035
0 28

fn=(344)
0 91
cfn=(346) __default_morecore
calls=1 0 
0 62
0 46
cfn=(346)
calls=1 0 
0 25
0 21

fn=(346)
0 4
cfn=(348)
calls=2 0 
0 73
0 10

ob=(7)
fl=(24)
fn=(494)
43 50024
+5 50024
-5 50024
+5 100048
+2 100048
cob=(3)
cfi=(3)
cfn=(326)
calls=50024 -50 
* 11584025
* 50024
* 100048
+9 100048

fl=(39)
fn=(818)
32 20004
cfi=(24)
cfn=(494)
calls=20003 +11 
* 2340746
cob=(1)
cfi=(1)
cfn=(287)
calls=1 -32 
* 716
* 20008

fl=(12)
fn=(1100)
29 3
cfi=(46)
cfn=(1096)
calls=1 +37 
* 1
* 1

fn=(306)
64 4
+10 1
-10 1
cob=(1)
cfi=(1)
cfn=(287)
calls=1 -64 
* 744
* 5
* 4
cob=(1)
cfi=(1)
cfn=(287)
calls=1 -64 
* 725
* 5
* 4
cob=(3)
cfi=(3)
cfn=(296)
calls=1 -64 
* 66
* 1
+10 3

fl=(11)
fn=(300)
124 1
-75 1
cob=(1)
cfi=(1)
cfn=(286)
calls=1 -49 
* 2298
* 5
* 2
+75 2

fl=(45)
fn=(1034)
32 2
cfi=(38)
cfn=(774)
calls=2 +17 
* 180
* 2

fl=(17)
fn=(356)
338 54

fl=(14)
fn=(320)
326 1
123 1
fi=(16) /build/gcc-multilib/src/gcc-build/x86_64-pc-linux-gnu/libstdc++-v3/include/ext/concurrence.h
+9 5
fe=(14)
-11 1
+2 1
cob=(1)
cfi=(1)
cfn=(286)
calls=1 0 
* 59377
* 5
+1 1
-1 1
+1 1
+9 1
+2 1
+1 1
326 2

fl=(46)
fn=(1096)
66 3

fl=(13)
fn=(312)
243 9
119 1
248 2
+6 3
-16 2
345 10
231 2
+3 2
-22 2

fn=(318)
388 4
+4 2
+33 5
212 1
-77 2

fl=(19)
fn=(372)
1373 8
1603 4
1760 4
fi=(20) /build/gcc-multilib/src/gcc-build/x86_64-pc-linux-gnu/libstdc++-v3/include/bits/locale_facets.h
1879 4
2273 4
2553 4
fe=(19)
318 4
887 4
754 4
1966 4
fi=(21) /build/gcc-multilib/src/gcc-build/x86_64-pc-linux-gnu/libstdc++-v3/include/bits/locale_classes.h
792 5
fe=(19)

fn=(378)
1373 8
1603 4
1760 4
fi=(20)
1879 4
2273 4
2553 4
fe=(19)
318 4
887 4
754 4
1966 4
fi=(21)
792 5
fe=(19)

fn=(360)
1373 8
1603 4
1760 4
fi=(20)
1879 4
fe=(19)
754 4
1966 4
fi=(21)
792 5
fe=(19)

fn=(366)
1373 8
1603 4
1760 4
fi=(20)
1879 4
fe=(19)
754 4
1966 4
fi=(21)
792 5
fe=(19)

fl=(10)
fn=(290)
135 8

fn=(1102)
199 3
cob=(1)
cfi=(1)
cfn=(286)
calls=1 0 
* 768
* 5

fn=(1108)
135 2

fn=(1110)
184 3
cfn=(1108)
calls=1 -49 
* 1
* 1

fn=(278)
257 1
-43 2
-30 2
cob=(1)
cfi=(1)
cfn=(286)
calls=1 0 
* 771
* 5
+30 2
+1 1
-31 1
+30 1
-30 1
+30 1
cob=(1)
cfi=(1)
cfn=(286)
calls=1 0 
* 1417
* 5
-15 1
+16 1
-16 1
cfn=(290)
calls=1 -64 
* 4
* 1
+16 1
-16 1
+16 1
+42 1
-42 1
-16 1
+16 1
cob=(3)
cfi=(3)
cfn=(296)
calls=1 0 
* 66
* 1

fl=(44)
fn=(978)
35 20004
cfi=(38)
cfn=(774)
calls=20003 +14 
* 1800270
cob=(1)
cfi=(1)
cfn=(287)
calls=1 -35 
* 689
* 20008

fl=(18)
fn=(1090)
54 3
cob=(1)
cfi=(1)
cfn=(286)
calls=1 -54 
* 806
* 5

fn=(358)
70 3
184 1
70 1
cob=(3)
cfi=(3)
cfn=(296)
calls=1 -70 
* 66
* 1
+1 3
184 1
71 1
cob=(3)
cfi=(3)
cfn=(296)
calls=1 -71 
* 66
* 1

fn=(1098)
38 3
cfi=(46)
cfn=(1096)
calls=1 +28 
* 1
* 1

fl=(15)
fn=(352)
1094 4
106 4
1107 3
+5 3
fi=(16)
132 1
fe=(15)
1112 1
fi=(16)
132 13
fe=(15)
1094 4
106 4
1107 3
+5 3
fi=(16)
132 1
fe=(15)
1112 1
fi=(16)
132 14
fe=(15)
1107 1
412 3
+8 1
+1 2
1107 1
412 3
+8 1
+1 2

fl=(9)
fn=(1114) 0x000000000008c070
0 9

fn=(270)
0 17

fn=(1082)
0 8
cob=(2)
cfi=(2)
cfn=(1088)
calls=1 0 
0 1767
0 1
cfn=(1114)
calls=1 0 
0 9
0 3

fl=(29)
fn=(594)
131 2

fn=(692)
139 4

fn=(646)
133 2

fl=(38)
fn=(774)
49 50024
cob=(3)
cfi=(3)
cfn=(780)
calls=50023 -49 
* 5692614
cob=(1)
cfi=(1)
cfn=(287)
calls=1 -49 
* 1421
* 50028

ob=(8)
fl=(36) /usr/include/c++/6.3.1/bits/stl_iterator.h
fn=(656) std::move_iterator<std::vector<char, std::allocator<char> >*> std::__make_move_if_noexcept_iterator<std::vector<char, std::allocator<char> >, std::move_iterator<std::vector<char, std::allocator<char> >*> >(std::vector<char, std::allocator<char> >*)
1223 16
+1 20
cfn=(658) std::move_iterator<std::vector<char, std::allocator<char> >*>::move_iterator(std::vector<char, std::allocator<char> >*)
calls=4 1032 
* 40
* 12

fn=(658)
1032 16
+1 24

fn=(702) __gnu_cxx::__normal_iterator<std::vector<char, std::allocator<char> >*, std::vector<std::vector<char, std::allocator<char> >, std::allocator<std::vector<char, std::allocator<char> > > > >::operator*() const
789 450
+1 600

fn=(860) __gnu_cxx::__normal_iterator<int*, std::vector<int, std::allocator<int> > >::__normal_iterator(int* const&)
776 8
+1 14

fn=(872) __gnu_cxx::__normal_iterator<int*, std::vector<int, std::allocator<int> > >::difference_type __gnu_cxx::operator-<int*, std::vector<int, std::allocator<int> > >(__gnu_cxx::__normal_iterator<int*, std::vector<int, std::allocator<int> > > const&, __gnu_cxx::__normal_iterator<int*, std::vector<int, std::allocator<int> > > const&)
959 6
+3 3
cfn=(874) __gnu_cxx::__normal_iterator<int*, std::vector<int, std::allocator<int> > >::base() const
calls=1 841 
* 6
* 5
cfn=(874)
calls=1 841 
* 6
* 8

fn=(668) bool std::operator==<std::vector<char, std::allocator<char> >*>(std::move_iterator<std::vector<char, std::allocator<char> >*> const&, std::move_iterator<std::vector<char, std::allocator<char> >*> const&)
1119 12
+2 6
cfn=(670) std::move_iterator<std::vector<char, std::allocator<char> >*>::base() const
calls=2 -81 
* 14
* 8
cfn=(670)
calls=2 -81 
* 14
* 12

fn=(700) __gnu_cxx::__normal_iterator<std::vector<char, std::allocator<char> >*, std::vector<std::vector<char, std::allocator<char> >, std::allocator<std::vector<char, std::allocator<char> > > > >::operator-(long) const
837 750
+1 2250
cfn=(698) __gnu_cxx::__normal_iterator<std::vector<char, std::allocator<char> >*, std::vector<std::vector<char, std::allocator<char> >, std::allocator<std::vector<char, std::allocator<char> > > > >::__normal_iterator(std::vector<char, std::allocator<char> >* const&)
calls=150 -62 
* 1650
* 450

fn=(746) decltype (__miter_base(({parm#1}.base)())) std::__miter_base<char*>(std::move_iterator<char*>)
1243 128
+2 96
cfn=(748) std::move_iterator<char*>::base() const
calls=32 1040 
* 224
* 64
cfi=(37) /usr/include/c++/6.3.1/bits/cpp_type_traits.h
cfn=(750) char* std::__miter_base<char*>(char*)
calls=32 408 
* 192
* 64

fn=(666) bool std::operator!=<std::vector<char, std::allocator<char> >*>(std::move_iterator<std::vector<char, std::allocator<char> >*> const&, std::move_iterator<std::vector<char, std::allocator<char> >*> const&)
1131 10
+2 10
cfn=(668)
calls=2 -14 
* 66
* 6

fn=(734) std::move_iterator<char*> std::__make_move_if_noexcept_iterator<char, std::move_iterator<char*> >(char*)
1223 128
+1 160
cfn=(736) std::move_iterator<char*>::move_iterator(char*)
calls=32 1032 
* 320
* 96

fn=(736)
1032 128
+1 192

fn=(670)
1040 12
+1 16

fn=(698)
776 1200
+1 2100

fn=(748)
1040 96
+1 128

fn=(874)
841 6
+1 6

fl=(22)
fn=(1052) 0x0000000000407e80
0 8

fn=(390)
0 15
cob=(2)
cfi=(2)
cfn=(392)
calls=1 0 
0 6
0 8
cfn=(396) 0x0000000000407f20
calls=1 0 
0 16
0 11

fn=(1048)
0 5
cfn=(1052)
calls=1 0 
0 8
0 3

fn=(386)
0 11
cob=(3)
cfi=(3)
cfn=(388)
calls=1 0 
0 707877804

fn=(396)
0 16

fl=(43) /home/martin/git/edlib/edlib/src/edlib.cpp
fn=(916) transformSequences(char const*, int, char const*, int, unsigned char**, unsigned char**)
1353 90000
+5 40000
cob=(3)
cfi=(3)
cfn=(326)
calls=9999 0 
* 1049895
cob=(1)
cfi=(1)
cfn=(286)
calls=1 0 
* 1434
* 10004
* 30000
+1 40000
cob=(3)
cfi=(3)
cfn=(326)
calls=10000 0 
* 1050000
* 10000
* 30000
+5 17950000
+1 10000
+2 2440000
+1 4800000
+1 4800000
+1 120000
+1 160000
+1 40000
+2 360000
-7 80000
+7 6840000
-7 1520000
+9 2140000
+1 4200000
+1 4200000
+5 6300000
-7 1400000
+10 10000
+1 20000

fn=(924) buildPeq(int, unsigned char const*, int)
282 60000
+1 40000
cfn=(922) ceilDiv(int, int)
calls=10000 +93 
* 170000
* 10000
+2 100000
cob=(7)
cfi=(39)
cfn=(818)
calls=10000 32 
* 1190075
* 10000
* 10000
+3 200000
+1 500000
+1 300000
+1 800000
+1 21200000
+1 107520000
+2 40960000
+1 57120000
-4 10240000
+7 200000
-10 200000
-1 100000
+16 10000
+1 20000

fn=(934) calculateBlock(unsigned long, unsigned long, unsigned long, int, unsigned long&, unsigned long&)
336 11200000
+6 7000000
+2 4200000
+2 2800000
+1 11200000
+2 7000000
+1 4200000
+2 1400000
+2 4200000
+2 8400000
+2 1400000
+1 1400000
+3 2800000
+2 7000000
+2 9800000
+1 7000000
+2 1400000
+1 2800000

fn=(926) myersCalcEditDistanceNW(unsigned long const*, int, int, unsigned char const*, int, unsigned char const*, int, int, int, int*, int*, bool, AlignmentData**, int)
662 140000
+1 20000
+6 10000
+2 70000
+5 40000
cfn=(928) max(int, int)
calls=10000 384 
* 110000
* 50000
cfn=(930) min(int, int)
calls=10000 380 
* 110000
* 10000
+4 10000
+2 130000
cfn=(930)
calls=10000 380 
* 100000
* 40000
cfn=(922)
calls=10000 376 
* 170000
* 50000
cfn=(930)
calls=10000 380 
* 100000
* 20000
+3 130000
cob=(7)
cfi=(39)
cfn=(818)
calls=10000 32 
* 1190000
* 10000
* 180000
cfn=(932) Block::Block()
calls=20000 50 
* 120000
* 70000
+3 20000
+1 70000
+1 60000
+1 20000
+1 20000
+1 10000
-4 20000
+8 20000
+2 20000
+3 20000
+2 20000
+1 2140000
+1 6300000
+3 700000
+1 7000000
+1 6860000
+1 20160000
cfn=(934)
calls=1120000 336 
* 76160000
* 1120000
+1 6720000
+1 1120000
-3 2240000
+5 700000
+6 1400000
+1 9100000
cfn=(928)
calls=700000 384 
* 7700000
* 700000
+1 3920000
-2 280000
+2 1120000
cfn=(930)
calls=280000 380 
* 3080000
-2 420000
+2 1680000
cfn=(930)
calls=420000 380 
* 4620000
* 700000
+5 2800000
+2 1120000
+1 3360000
-2 560000
+3 560000
+1 560000
+1 560000
+1 5040000
cfn=(934)
calls=280000 336 
* 19040000
* 280000
+1 2520000
+1 560000
+7 8730000
+1 3880000
+2 12610000
-2 1940000
+3 540000
-5 270000
+12 11900000
+1 2800000
+1 11900000
-1 1400000
+8 2800000
+1 30000
+2 80000
cfn=(936) getBlockCellValues(Block)
calls=10000 393 
* 33309712
* 10000
+1 60000
+1 70000
+1 10000
+1 570000
+2 1620000
cfi=(25) /usr/include/c++/6.3.1/bits/stl_vector.h
cfn=(968) std::vector<int, std::allocator<int> >::operator[](unsigned long)
calls=270000 +6 
* 2970000
* 2430000
cfi=(25)
cfn=(968)
calls=270000 +6 
* 2970000
* 4330000
+1 10000
+1 10000
+2 260000
-6 520000
+8 60000
+1 30000
cfi=(25)
cfn=(876) std::vector<int, std::allocator<int> >::~vector()
calls=10000 425 
* 2900000
* 20000
+3 30000
+2 160000
cfn=(936)
calls=10000 393 
* 33310000
* 10000
+1 60000
+1 70000
+1 10000
+1 50000
+1 60000
cfi=(25)
cfn=(968)
calls=10000 -11 
* 110000
* 90000
cfi=(25)
cfn=(968)
calls=10000 -11 
* 110000
* 140000
+1 10000
+1 10000
+4 60000
+1 30000
cfi=(25)
cfn=(876)
calls=10000 425 
* 2900000
* 20000
+6 2100000
+9 1400000
+13 2100000
+15 700000
705 1400000
844 40000
+2 180000
cfn=(936)
calls=10000 393 
* 33300000
* 50000
cfi=(25)
cfn=(968)
calls=10000 -66 
* 110000
* 50000
cfi=(25)
cfn=(876)
calls=10000 425 
* 2900000
+1 30000
+1 30000
+1 40000
+1 50000
cob=(7)
cfi=(44)
cfn=(978)
calls=9999 35 
* 919908
cob=(1)
cfi=(1)
cfn=(286)
calls=1 0 
* 1588
* 10004
+1 20000
+7 60000

fn=(928)
384 2840000
+1 3550000
+1 1420000

fn=(930)
380 2920000
+1 3630000
+1 1460000

fn=(912) edlibNewAlignConfig
1390 50000
+2 20000
+1 20000
+1 20000
+1 80000
+1 30000

fn=(932)
50 120000

fn=(936)
393 150000
+1 90000
cfi=(26) /usr/include/c++/6.3.1/bits/allocator.h
cfn=(830) std::allocator<int>::allocator()
calls=30000 131 
* 480000
* 150000
cfi=(25)
cfn=(938) std::vector<int, std::allocator<int> >::vector(unsigned long, std::allocator<int> const&)
calls=30000 279 
* 33299712
* 90000
cfi=(26)
cfn=(890) std::allocator<int>::~allocator()
calls=30000 139 
* 480000
+1 60000
+1 60000
+1 3870000
+1 11340000
cfi=(25)
cfn=(968)
calls=1890000 780 
* 20790000
* 5670000
+1 9390000
+1 7610000
+1 50000
-4 100000
+4 1840000
-4 3680000
+6 120000
cfi=(25)
cfn=(968)
calls=30000 780 
* 330000
* 90000
+1 30000
+1 150000

fn=(988) edlibFreeAlignResult
1402 19998
+1 59994
cob=(3)
cfi=(3)
cfn=(780)
calls=9999 0 
* 879912
* 9999
+1 29997
+1 29997
+1 29997

fn=(914) edlibAlign
103 90000
+2 20000
+1 60000
+1 20000
+1 20000
+1 20000
+1 20000
+6 100000
cfn=(916)
calls=10000 1353 
* 59741333
* 10000
+1 30000
+5 40000
cfn=(922)
calls=10000 376 
* 170000
* 10000
+1 40000
+2 60000
cfn=(924)
calls=10000 282 
* 240960075
* 10000
+7 10000
+1 10000
+1 20000
+1 20000
+1 10000
+1 10000
+4 60000
+6 20000
+3 190000
cfn=(926)
calls=10000 662 
* 399851212
* 10000
+2 10000
+1 80000
+2 40000
+2 30000
+1 20000
cob=(3)
cfi=(3)
cfn=(326)
calls=10000 0 
* 1050219
* 10000
* 30000
+1 50000
+1 20000
+4 60000
+32 30000
+18 50000
cob=(7)
cfi=(44)
cfn=(978)
calls=10000 35 
* 920000
* 10000
+1 30000
cob=(3)
cfi=(3)
cfn=(780)
calls=9999 0 
* 879912
cob=(1)
cfi=(1)
cfn=(286)
calls=1 0 
* 1415
* 10004
+1 30000
cob=(3)
cfi=(3)
cfn=(780)
calls=10000 0 
* 880000
* 10000
+1 30000
+3 10000
+1 40000

fn=(922)
376 120000
+1 330000
+1 60000

fl=(35) /usr/include/c++/6.3.1/bits/stl_uninitialized.h
fn=(660) std::vector<char, std::allocator<char> >* std::__uninitialized_copy_a<std::move_iterator<std::vector<char, std::allocator<char> >*>, std::vector<char, std::allocator<char> >*, std::vector<char, std::allocator<char> > >(std::move_iterator<std::vector<char, std::allocator<char> >*>, std::move_iterator<std::vector<char, std::allocator<char> >*>, std::vector<char, std::allocator<char> >*, std::allocator<std::vector<char, std::allocator<char> > >&)
279 14
+2 12
cfn=(662) std::vector<char, std::allocator<char> >* std::uninitialized_copy<std::move_iterator<std::vector<char, std::allocator<char> >*>, std::vector<char, std::allocator<char> >*>(std::move_iterator<std::vector<char, std::allocator<char> >*>, std::move_iterator<std::vector<char, std::allocator<char> >*>, std::vector<char, std::allocator<char> >*)
calls=2 107 
* 166
* 4

fn=(732) char* std::__uninitialized_move_if_noexcept_a<char*, char*, std::allocator<char> >(char*, char*, char*, std::allocator<char>&)
297 128
+6 48
cfi=(36)
cfn=(734)
calls=16 1223 
* 352
* 64
cfi=(36)
cfn=(734)
calls=16 1223 
* 352
* 16
+1 96
cfn=(738) char* std::__uninitialized_copy_a<std::move_iterator<char*>, char*, char>(std::move_iterator<char*>, std::move_iterator<char*>, char*, std::allocator<char>&)
calls=16 -25 
* 4623
+1 64

fn=(662)
107 12
+13 2
+6 12
cfn=(664) std::vector<char, std::allocator<char> >* std::__uninitialized_copy<false>::__uninit_copy<std::move_iterator<std::vector<char, std::allocator<char> >*>, std::vector<char, std::allocator<char> >*>(std::move_iterator<std::vector<char, std::allocator<char> >*>, std::move_iterator<std::vector<char, std::allocator<char> >*>, std::vector<char, std::allocator<char> >*)
calls=2 -58 
* 136
+1 4

fn=(960) int* std::__uninitialized_default_n_1<true>::__uninit_default_n<int*, unsigned long>(int*, unsigned long)
535 150000
+5 210000
cfi=(33) /usr/include/c++/6.3.1/bits/stl_algobase.h
cfn=(962) int* std::fill_n<int*, unsigned long, int>(int*, unsigned long, int const&)
calls=30000 784 
* 16500000
+1 60000

fn=(956) int* std::__uninitialized_default_n_a<int*, unsigned long, int>(int*, unsigned long, std::allocator<int>&)
635 180000
+2 150000
cfn=(958) int* std::__uninitialized_default_n<int*, unsigned long>(int*, unsigned long)
calls=30000 -71 
* 17310000
* 60000

fn=(654) std::vector<char, std::allocator<char> >* std::__uninitialized_move_if_noexcept_a<std::vector<char, std::allocator<char> >*, std::vector<char, std::allocator<char> >*, std::allocator<std::vector<char, std::allocator<char> > > >(std::vector<char, std::allocator<char> >*, std::vector<char, std::allocator<char> >*, std::vector<char, std::allocator<char> >*, std::allocator<std::vector<char, std::allocator<char> > >&)
297 16
+6 6
cfi=(36)
cfn=(656)
calls=2 1223 
* 44
* 8
cfi=(36)
cfn=(656)
calls=2 1223 
* 44
* 2
+1 12
cfn=(660)
calls=2 -25 
* 196
+1 8

fn=(742) char* std::__uninitialized_copy<true>::__uninit_copy<std::move_iterator<char*>, char*>(std::move_iterator<char*>, std::move_iterator<char*>, char*)
91 96
+2 96
cfi=(33)
cfn=(744) char* std::copy<std::move_iterator<char*>, char*>(std::move_iterator<char*>, std::move_iterator<char*>, char*)
calls=16 446 
* 3919
* 32

fn=(664)
68 14
+3 4
+3 10
cfi=(36)
cfn=(666)
calls=2 1131 
* 92
* 4
+2 4
+7 8

fn=(738)
279 112
+2 96
cfn=(740) char* std::uninitialized_copy<std::move_iterator<char*>, char*>(std::move_iterator<char*>, std::move_iterator<char*>, char*)
calls=16 107 
* 4383
* 32

fn=(740)
107 96
+13 16
+6 96
cfn=(742)
calls=16 -35 
* 4143
+1 32

fn=(958)
566 150000
+5 30000
+4 150000
cfn=(960)
calls=30000 -40 
* 16920000
+1 60000

fl=(34) /usr/include/c++/6.3.1/new
fn=(630) operator new(unsigned long, void*)
147 1064

fl=(33)
fn=(744)
446 112
+9 48
cfi=(36)
cfn=(746)
calls=16 1243 
* 384
* 64
cfi=(36)
cfn=(746)
calls=16 1243 
* 384
* 16
+1 80
cfn=(752) char* std::__copy_move_a2<true, char*, char*>(char*, char*, char*)
calls=16 -36 
* 2767
+1 64

fn=(752)
420 128
+2 48
cfn=(754) char* std::__niter_base<char*>(char*)
calls=16 277 
* 96
* 64
cfn=(754)
calls=16 277 
* 96
* 64
cfn=(754)
calls=16 277 
* 96
+2 64
cfn=(756) char* std::__copy_move_a<true, char*, char*>(char*, char*, char*)
calls=16 -49 
* 2031
+1 80

fn=(964) int* std::__niter_base<int*>(int*)
277 90000
+1 90000

fn=(756)
375 96
+8 16
+3 96
cfn=(758) char* std::__copy_move<true, true, std::random_access_iterator_tag>::__copy_m<char>(char const*, char const*, char*)
calls=16 -29 
* 1791
+1 32

fn=(966) __gnu_cxx::__enable_if<std::__is_scalar<int>::__value, int*>::__type std::__fill_n_a<int*, unsigned long, int>(int*, unsigned long, int const&)
749 150000
+2 90000
+1 60000
+1 3900000
+1 5760000
-2 5760000
+3 30000
+1 60000

fn=(618) unsigned long const& std::max<unsigned long>(unsigned long const&, unsigned long const&)
219 72
+5 108
+1 8
+1 14
+1 36

fn=(754)
277 144
+1 144

fn=(758)
357 96
+9 80
+1 32
+1 84
cob=(3)
cfi=(3)
cfn=(764)
calls=13 0 
* 163
cob=(1)
cfi=(1)
cfn=(286)
calls=1 0 
* 1238
* 18
+1 48
+1 32

fn=(962)
784 180000
+5 90000
cfn=(964)
calls=30000 277 
* 180000
* 180000
cfn=(966)
calls=30000 -40 
* 15810000
+1 60000

fl=(28) /usr/include/c++/6.3.1/bits/stl_construct.h
fn=(678) void std::_Destroy<char*>(char*, char*)
122 100
+4 100
cfn=(680) void std::_Destroy_aux<true>::__destroy<char*>(char*, char*)
calls=20 -14 
* 140
+2 60

fn=(680)
112 140

fn=(878) void std::_Destroy<int*, int>(int*, int*, std::allocator<int>&)
148 180012
+3 150010
cfn=(880) void std::_Destroy<int*>(int*, int*)
calls=30002 -29 
* 600040
+1 90006

fn=(522) void std::_Destroy<std::vector<char, std::allocator<char> >*, std::vector<char, std::allocator<char> > >(std::vector<char, std::allocator<char> >*, std::vector<char, std::allocator<char> >*, std::allocator<std::vector<char, std::allocator<char> > >&)
148 36
+3 30
cfn=(524) void std::_Destroy<std::vector<char, std::allocator<char> >*>(std::vector<char, std::allocator<char> >*, std::vector<char, std::allocator<char> >*)
calls=6 -29 
* 1250
+1 18

fn=(524)
122 30
+4 30
cfn=(526) void std::_Destroy_aux<false>::__destroy<std::vector<char, std::allocator<char> >*>(std::vector<char, std::allocator<char> >*, std::vector<char, std::allocator<char> >*)
calls=6 -26 
* 1172
+2 18

fn=(526)
100 30
+2 24
+1 6
cfi=(30) /usr/include/c++/6.3.1/bits/move.h
cfn=(1014) std::vector<char, std::allocator<char> >* std::__addressof<std::vector<char, std::allocator<char> > >(std::vector<char, std::allocator<char> >&)
calls=2 -56 
* 12
* 4
cfn=(1016) void std::_Destroy<std::vector<char, std::allocator<char> > >(std::vector<char, std::allocator<char> >*)
calls=2 -11 
* 1074
-1 4
+2 18

fn=(880)
122 150010
+4 150010
cfn=(882) void std::_Destroy_aux<true>::__destroy<int*>(int*, int*)
calls=30002 -14 
* 210014
+2 90006

fn=(882)
112 210014

fn=(676) void std::_Destroy<char*, char>(char*, char*, std::allocator<char>&)
148 120
+3 100
cfn=(678)
calls=20 -29 
* 400
+1 60

fn=(1016)
92 8
+1 6
cfi=(25)
cfn=(674) std::vector<char, std::allocator<char> >::~vector()
calls=2 425 
* 1054
* 6

fl=(25)
fn=(584) std::vector<char, std::allocator<char> >::vector()
255 8
+4 6
cfn=(586) std::_Vector_base<char, std::allocator<char> >::_Vector_base()
calls=2 124 
* 1063
* 6

fn=(674)
425 16
+2 12
cfn=(636) std::_Vector_base<char, std::allocator<char> >::_M_get_Tp_allocator()
calls=4 113 
* 24
* 4
-1 28
cfi=(28)
cfn=(676)
calls=4 148 
* 136
+1 12
cfn=(682) std::_Vector_base<char, std::allocator<char> >::~_Vector_base()
calls=4 159 
* 1970
* 12

fn=(684) std::_Vector_base<char, std::allocator<char> >::_M_deallocate(char*, unsigned long)
174 120
+3 40
+1 96
cfi=(32) /usr/include/c++/6.3.1/bits/alloc_traits.h
cfn=(766) std::allocator_traits<std::allocator<char> >::deallocate(std::allocator<char>&, char*, unsigned long)
calls=16 441 
* 4755
+1 60

fn=(858) std::vector<int, std::allocator<int> >::end()
566 4
+1 6
cfi=(36)
cfn=(860)
calls=1 776 
* 11
* 3

fn=(998) std::vector<int, std::allocator<int> >::size() const
655 3
+1 10

fn=(516) std::vector<std::vector<char, std::allocator<char> >, std::allocator<std::vector<char, std::allocator<char> > > >::clear()
1209 8
+1 12
cfn=(518) std::vector<std::vector<char, std::allocator<char> >, std::allocator<std::vector<char, std::allocator<char> > > >::_M_erase_at_end(std::vector<char, std::allocator<char> >*)
calls=2 1434 
* 130
* 6

fn=(606) std::vector<std::vector<char, std::allocator<char> >, std::allocator<std::vector<char, std::allocator<char> > > >::_M_check_len(unsigned long, char const*) const
1420 14
+2 6
cfn=(608) std::vector<std::vector<char, std::allocator<char> >, std::allocator<std::vector<char, std::allocator<char> > > >::max_size() const
calls=2 660 
* 64
* 8
cfn=(616) std::vector<std::vector<char, std::allocator<char> >, std::allocator<std::vector<char, std::allocator<char> > > >::size() const
calls=2 655 
* 32
* 14
+3 6
cfn=(616)
calls=2 655 
* 32
* 8
cfn=(616)
calls=2 655 
* 32
* 12
cfi=(33)
cfn=(618)
calls=2 219 
* 28
* 6
+1 6
cfn=(616)
calls=2 655 
* 32
* 10
cfn=(608)
calls=2 660 
* 64
* 6
+1 8

fn=(694) std::vector<std::vector<char, std::allocator<char> >, std::allocator<std::vector<char, std::allocator<char> > > >::back()
868 600
+1 450
cfn=(696) std::vector<std::vector<char, std::allocator<char> >, std::allocator<std::vector<char, std::allocator<char> > > >::end()
calls=150 566 
* 3600
* 750
cfi=(36)
cfn=(700)
calls=150 -32 
* 5100
* 600
cfi=(36)
cfn=(702)
calls=150 -80 
* 1050
* 300

fn=(704) std::vector<char, std::allocator<char> >::push_back(char const&)
914 750
+2 900
+2 938
cfi=(32)
cfn=(728) void std::allocator_traits<std::allocator<char> >::construct<char, char const&>(std::allocator<char>&, char*, char const&)
calls=134 454 
* 8040
+2 670
+8 134
-4 80
cfi=(31) /usr/include/c++/6.3.1/bits/vector.tcc
cfn=(706) void std::vector<char, std::allocator<char> >::_M_emplace_back_aux<char const&>(char const&)
calls=16 407 
* 19933
+4 450

fn=(888) std::_Vector_base<int, std::allocator<int> >::_Vector_impl::~_Vector_impl()
79 210014
cfi=(26)
cfn=(890)
calls=30002 +60 
* 480032
* 90006

fn=(518)
1434 10
+2 6
cfn=(520) std::_Vector_base<std::vector<char, std::allocator<char> >, std::allocator<std::vector<char, std::allocator<char> > > >::_M_get_Tp_allocator()
calls=2 113 
* 12
* 14
cfi=(28)
cfn=(522)
calls=2 148 
* 76
+1 6
+1 6

fn=(596) std::vector<std::vector<char, std::allocator<char> >, std::allocator<std::vector<char, std::allocator<char> > > >::push_back(std::vector<char, std::allocator<char> >&&)
932 10
+1 6
cfi=(30)
cfn=(598) std::remove_reference<std::vector<char, std::allocator<char> >&>::type&& std::move<std::vector<char, std::allocator<char> >&>(std::vector<char, std::allocator<char> >&)
calls=2 101 
* 12
* 10
cfi=(31)
cfn=(600) void std::vector<std::vector<char, std::allocator<char> >, std::allocator<std::vector<char, std::allocator<char> > > >::emplace_back<std::vector<char, std::allocator<char> > >(std::vector<char, std::allocator<char> >&&)
calls=2 91 
* 3380
* 6

fn=(634) std::_Vector_base<char, std::allocator<char> >::_Vector_base(std::_Vector_base<char, std::allocator<char> >&&)
142 10
+1 6
cfn=(636)
calls=2 -30 
* 12
* 4
cfi=(30)
cfn=(638) std::remove_reference<std::allocator<char>&>::type&& std::move<std::allocator<char>&>(std::allocator<char>&)
calls=2 -42 
* 12
* 10
cfn=(640) std::_Vector_base<char, std::allocator<char> >::_Vector_impl::_Vector_impl(std::allocator<char>&&)
calls=2 -48 
* 1052
+1 10
cfn=(648) std::_Vector_base<char, std::allocator<char> >::_Vector_impl::_M_swap_data(std::_Vector_base<char, std::allocator<char> >::_Vector_impl&)
calls=2 -43 
* 312
* 6

fn=(648)
101 10
+2 10
cfi=(30)
cfn=(650) std::enable_if<std::__and_<std::is_move_constructible<char*>, std::is_move_assignable<char*> >::value, void>::type std::swap<char*>(char*&, char*&)
calls=2 +76 
* 86
+1 14
cfi=(30)
cfn=(650)
calls=2 +75 
* 86
+1 14
cfi=(30)
cfn=(650)
calls=2 +74 
* 86
+1 6

fn=(810) std::vector<char, std::allocator<char> >::data()
891 8
+1 12
cfn=(812) char* std::vector<char, std::allocator<char> >::_M_data_ptr<char>(char*) const
calls=2 1481 
* 14
* 4

fn=(840) std::_Vector_base<int, std::allocator<int> >::_Vector_base(std::_Vector_base<int, std::allocator<int> >&&)
142 5
+1 3
cfn=(842) std::_Vector_base<int, std::allocator<int> >::_M_get_Tp_allocator()
calls=1 -30 
* 6
* 2
cfi=(30)
cfn=(844) std::remove_reference<std::allocator<int>&>::type&& std::move<std::allocator<int>&>(std::allocator<int>&)
calls=1 -42 
* 6
* 5
cfn=(846) std::_Vector_base<int, std::allocator<int> >::_Vector_impl::_Vector_impl(std::allocator<int>&&)
calls=1 -48 
* 48
+1 5
cfn=(852) std::_Vector_base<int, std::allocator<int> >::_Vector_impl::_M_swap_data(std::_Vector_base<int, std::allocator<int> >::_Vector_impl&)
calls=1 -43 
* 156
* 3

fn=(876)
425 120008
+2 90006
cfn=(842)
calls=30002 113 
* 180012
* 30002
-1 210014
cfi=(28)
cfn=(878)
calls=30002 148 
* 1020068
+1 90006
cfn=(884) std::_Vector_base<int, std::allocator<int> >::~_Vector_base()
calls=30002 159 
* 6870124
* 90006

fn=(886) std::_Vector_base<int, std::allocator<int> >::_M_deallocate(int*, unsigned long)
174 180012
+3 60004
+1 180000
cfi=(32)
cfn=(970) std::allocator_traits<std::allocator<int> >::deallocate(std::allocator<int>&, int*, unsigned long)
calls=30000 441 
* 4830000
+1 90006

fn=(500) std::_Vector_base<std::vector<char, std::allocator<char> >, std::allocator<std::vector<char, std::allocator<char> > > >::_Vector_impl::_Vector_impl()
86 8
+1 6
cfi=(26)
cfn=(502) std::allocator<std::vector<char, std::allocator<char> > >::allocator()
calls=2 +44 
* 32
* 12
+1 6

fn=(520)
113 24
+1 24

fn=(828) std::_Vector_base<int, std::allocator<int> >::_Vector_impl::_Vector_impl()
86 4
+1 3
cfi=(26)
cfn=(830)
calls=1 +44 
* 16
* 6
+1 3

fn=(940) std::_Vector_base<int, std::allocator<int> >::_Vector_base(unsigned long, std::allocator<int> const&)
134 210000
+1 150000
cfn=(942) std::_Vector_base<int, std::allocator<int> >::_Vector_impl::_Vector_impl(std::allocator<int> const&)
calls=30000 -45 
* 1170000
+1 150000
cfn=(944) std::_Vector_base<int, std::allocator<int> >::_M_create_storage(unsigned long)
calls=30000 +47 
* 12269712
* 150000

fn=(942)
90 150000
+1 150000
cfi=(26)
cfn=(848) std::allocator<int>::allocator(std::allocator<int> const&)
calls=30000 +42 
* 600000
* 180000
+1 90000

fn=(968)
780 9960000
+1 17430000

fn=(496) std::vector<std::vector<char, std::allocator<char> >, std::allocator<std::vector<char, std::allocator<char> > > >::vector()
255 8
+4 6
cfn=(498) std::_Vector_base<std::vector<char, std::allocator<char> >, std::allocator<std::vector<char, std::allocator<char> > > >::_Vector_base()
calls=2 124 
* 84
* 6

fn=(586)
124 8
+1 6
cfn=(588) std::_Vector_base<char, std::allocator<char> >::_Vector_impl::_Vector_impl()
calls=2 -39 
* 1043
* 6

fn=(632) std::vector<char, std::allocator<char> >::vector(std::vector<char, std::allocator<char> >&&)
337 10
+1 6
cfi=(30)
cfn=(598)
calls=2 101 
* 12
* 10
cfn=(634)
calls=2 142 
* 1434
* 6

fn=(718) std::vector<char, std::allocator<char> >::size() const
655 249
+1 747

fn=(824) std::vector<int, std::allocator<int> >::vector()
255 4
+4 3
cfn=(826) std::_Vector_base<int, std::allocator<int> >::_Vector_base()
calls=1 124 
* 42
* 3

fn=(838) std::vector<int, std::allocator<int> >::vector(std::vector<int, std::allocator<int> >&&)
337 5
+1 3
cfi=(30)
cfn=(836) std::remove_reference<std::vector<int, std::allocator<int> >&>::type&& std::move<std::vector<int, std::allocator<int> >&>(std::vector<int, std::allocator<int> >&)
calls=1 101 
* 6
* 5
cfn=(840)
calls=1 142 
* 239
* 3

fn=(938)
279 210000
+1 180000
cfn=(940)
calls=30000 134 
* 14099712
+1 150000
cfn=(954) std::vector<int, std::allocator<int> >::_M_default_initialize(unsigned long)
calls=30000 1306 
* 18510000
* 150000

fn=(944)
183 150000
+2 150000
cfn=(946) std::_Vector_base<int, std::allocator<int> >::_M_allocate(unsigned long)
calls=30000 -18 
* 11459712
* 90000
+1 120000
+1 210000
+1 90000

fn=(954)
1306 150000
+4 90000
cfn=(842)
calls=30000 113 
* 180000
* 30000
-1 180000
cfi=(35)
cfn=(956)
calls=30000 635 
* 17700000
* 30000
-1 60000
+3 90000

fn=(1024) std::_Vector_base<std::vector<char, std::allocator<char> >, std::allocator<std::vector<char, std::allocator<char> > > >::_Vector_impl::~_Vector_impl()
79 14
cfi=(26)
cfn=(1026) std::allocator<std::vector<char, std::allocator<char> > >::~allocator()
calls=2 +60 
* 32
* 6

fn=(616)
655 33
+1 143

fn=(636)
113 114
+1 114

fn=(672) std::_Vector_base<std::vector<char, std::allocator<char> >, std::allocator<std::vector<char, std::allocator<char> > > >::_M_deallocate(std::vector<char, std::allocator<char> >*, unsigned long)
174 24
+3 8
+1 12
cfi=(32)
cfn=(1020) std::allocator_traits<std::allocator<std::vector<char, std::allocator<char> > > >::deallocate(std::allocator<std::vector<char, std::allocator<char> > >&, std::vector<char, std::allocator<char> >*, unsigned long)
calls=2 441 
* 236
+1 12

fn=(696)
566 600
+1 900
cfi=(36)
cfn=(698)
calls=150 776 
* 1650
* 450

fn=(708) std::vector<char, std::allocator<char> >::_M_check_len(unsigned long, char const*) const
1420 112
+2 48
cfn=(710) std::vector<char, std::allocator<char> >::max_size() const
calls=16 660 
* 512
* 64
cfn=(718)
calls=16 655 
* 192
* 112
+3 48
cfn=(718)
calls=16 655 
* 192
* 64
cfn=(718)
calls=16 655 
* 192
* 96
cfi=(33)
cfn=(618)
calls=16 219 
* 210
* 48
+1 48
cfn=(718)
calls=16 655 
* 192
* 80
cfn=(710)
calls=16 660 
* 512
* 48
+1 64

fn=(842)
113 180009
+1 180009

fn=(498)
124 8
+1 6
cfn=(500)
calls=2 -39 
* 64
* 6

fn=(608)
660 16
+1 12
cfn=(610) std::_Vector_base<std::vector<char, std::allocator<char> >, std::allocator<std::vector<char, std::allocator<char> > > >::_M_get_Tp_allocator() const
calls=4 117 
* 24
* 8
cfi=(32)
cfn=(612) std::allocator_traits<std::allocator<std::vector<char, std::allocator<char> > > >::max_size(std::allocator<std::vector<char, std::allocator<char> > > const&)
calls=4 475 
* 60
* 8

fn=(620) std::_Vector_base<std::vector<char, std::allocator<char> >, std::allocator<std::vector<char, std::allocator<char> > > >::_M_allocate(unsigned long)
167 10
+3 14
cfi=(32)
cfn=(622) std::allocator_traits<std::allocator<std::vector<char, std::allocator<char> > > >::allocate(std::allocator<std::vector<char, std::allocator<char> > >&, unsigned long)
calls=2 415 
* 594
* 2
+1 4

fn=(640)
95 10
+1 6
cfi=(30)
cfn=(638)
calls=2 +5 
* 12
* 2
+1 8
cob=(7)
cfi=(29)
cfn=(646)
calls=1 +36 
* 1
cob=(1)
cfi=(1)
cfn=(286)
calls=1 -97 
* 989
* 6
* 12
+1 6

fn=(682)
159 16
+1 8
+1 20
-1 28
cfn=(684)
calls=4 +14 
* 882
+1 12
cfn=(686) std::_Vector_base<char, std::allocator<char> >::_Vector_impl::~_Vector_impl()
calls=4 -82 
* 992
* 12

fn=(720) std::_Vector_base<char, std::allocator<char> >::_M_allocate(unsigned long)
167 80
+3 112
cfi=(32)
cfn=(722) std::allocator_traits<std::allocator<char> >::allocate(std::allocator<char>&, unsigned long)
calls=16 415 
* 3503
* 16
+1 32

fn=(812)
1481 8
+1 6

fn=(846)
95 5
+1 3
cfi=(30)
cfn=(844)
calls=1 +5 
* 6
* 1
+1 4
cfi=(26)
cfn=(848)
calls=1 +36 
* 20
* 6
+1 3

fn=(852)
101 5
+2 5
cfi=(30)
cfn=(854) std::enable_if<std::__and_<std::is_move_constructible<int*>, std::is_move_assignable<int*> >::value, void>::type std::swap<int*>(int*&, int*&)
calls=1 +76 
* 43
+1 7
cfi=(30)
cfn=(854)
calls=1 +75 
* 43
+1 7
cfi=(30)
cfn=(854)
calls=1 +74 
* 43
+1 3

fn=(862) std::vector<int, std::allocator<int> >::begin()
548 4
+1 5
cfi=(36)
cfn=(860)
calls=1 776 
* 11
* 3

fn=(946)
167 150000
+3 210000
cfi=(32)
cfn=(948) std::allocator_traits<std::allocator<int> >::allocate(std::allocator<int>&, unsigned long)
calls=30000 415 
* 11009712
* 30000
+1 60000

fn=(1018) std::_Vector_base<std::vector<char, std::allocator<char> >, std::allocator<std::vector<char, std::allocator<char> > > >::~_Vector_base()
159 8
+1 4
+1 10
-1 22
cfn=(672)
calls=2 +14 
* 270
+1 6
cfn=(1024)
calls=2 -82 
* 52
* 6

fn=(588)
86 8
+1 6
cob=(7)
cfi=(29)
cfn=(594)
calls=1 +44 
* 1
cob=(1)
cfi=(1)
cfn=(286)
calls=1 -87 
* 1004
* 6
* 12
+1 6

fn=(610)
117 12
+1 12

fn=(686)
79 28
cob=(7)
cfi=(29)
cfn=(692)
calls=3 +60 
* 3
cob=(1)
cfi=(1)
cfn=(286)
calls=1 -79 
* 941
* 8
* 12

fn=(710)
660 128
+1 96
cfn=(712) std::_Vector_base<char, std::allocator<char> >::_M_get_Tp_allocator() const
calls=32 117 
* 192
* 64
cfi=(32)
cfn=(714) std::allocator_traits<std::allocator<char> >::max_size(std::allocator<char> const&)
calls=32 475 
* 480
* 64

fn=(712)
117 96
+1 96

fn=(806) std::vector<std::vector<char, std::allocator<char> >, std::allocator<std::vector<char, std::allocator<char> > > >::operator[](unsigned long)
780 20
+1 50

fn=(826)
124 4
+1 3
cfn=(828)
calls=1 -39 
* 32
* 3

fn=(884)
159 120008
+1 60004
+1 150010
-1 240016
cfn=(886)
calls=30002 +14 
* 5340022
+1 90006
cfn=(888)
calls=30002 -82 
* 780052
* 90006

fn=(1012) std::vector<std::vector<char, std::allocator<char> >, std::allocator<std::vector<char, std::allocator<char> > > >::~vector()
425 8
+2 6
cfn=(520)
calls=2 113 
* 12
* 2
-1 14
cfi=(28)
cfn=(522)
calls=2 148 
* 1182
+1 6
cfn=(1018)
calls=2 159 
* 378
* 6

fl=(41) /usr/include/c++/6.3.1/bits/stl_heap.h
fn=(870) void std::__make_heap<__gnu_cxx::__normal_iterator<int*, std::vector<int, std::allocator<int> > >, __gnu_cxx::__ops::_Iter_comp_iter<std::less<int> > >(__gnu_cxx::__normal_iterator<int*, std::vector<int, std::allocator<int> > >, __gnu_cxx::__normal_iterator<int*, std::vector<int, std::allocator<int> > >, __gnu_cxx::__ops::_Iter_comp_iter<std::less<int> >)
319 5
+8 5
cfi=(36)
cfn=(872)
calls=1 959 
* 34
* 4
+1 2
+13 2

fn=(864) void std::make_heap<__gnu_cxx::__normal_iterator<int*, std::vector<int, std::allocator<int> > >, std::less<int> >(__gnu_cxx::__normal_iterator<int*, std::vector<int, std::allocator<int> > >, __gnu_cxx::__normal_iterator<int*, std::vector<int, std::allocator<int> > >, std::less<int>)
379 6
+9 3
cfi=(42) /usr/include/c++/6.3.1/bits/predefined_ops.h
cfn=(866) __gnu_cxx::__ops::_Iter_comp_iter<std::less<int> > __gnu_cxx::__ops::__iter_comp_iter<std::less<int> >(std::less<int>)
calls=1 131 
* 20
* 8
cfn=(870)
calls=1 -69 
* 52
* 1
+2 4

fl=(31)
fn=(604) void std::vector<std::vector<char, std::allocator<char> >, std::allocator<std::vector<char, std::allocator<char> > > >::_M_emplace_back_aux<std::vector<char, std::allocator<char> > >(std::vector<char, std::allocator<char> >&&)
407 12
+4 10
cfi=(25)
cfn=(606)
calls=2 1420 
* 388
* 2
+1 10
cfi=(25)
cfn=(620)
calls=2 167 
* 624
* 2
+1 4
+3 6
cfi=(30)
cfn=(602) std::vector<char, std::allocator<char> >&& std::forward<std::vector<char, std::allocator<char> > >(std::remove_reference<std::vector<char, std::allocator<char> > >::type&)
calls=2 76 
* 12
* 8
cfi=(25)
cfn=(616)
calls=2 655 
* 32
* 26
cfi=(32)
cfn=(626) void std::allocator_traits<std::allocator<std::vector<char, std::allocator<char> > > >::construct<std::vector<char, std::allocator<char> >, std::vector<char, std::allocator<char> > >(std::allocator<std::vector<char, std::allocator<char> > >&, std::vector<char, std::allocator<char> >*, std::vector<char, std::allocator<char> >&&)
calls=2 +38 
* 1602
+2 2
+5 6
cfi=(25)
cfn=(520)
calls=2 113 
* 12
* 2
-1 8
-2 6
cfi=(35)
cfn=(654)
calls=2 297 
* 336
* 2
+5 2
+12 6
cfi=(25)
cfn=(520)
calls=2 113 
* 12
* 2
-1 14
cfi=(28)
cfn=(522)
calls=2 148 
* 76
+3 4
+1 10
-2 22
cfi=(25)
cfn=(672)
calls=2 174 
* 22
+3 6
+1 6
+1 20
+1 10

fn=(600)
91 10
+3 12
+7 6
cfi=(30)
cfn=(602)
calls=2 -25 
* 12
* 10
cfn=(604)
calls=2 407 
* 3324
+1 6

fn=(706)
407 96
+4 80
cfi=(25)
cfn=(708)
calls=16 1420 
* 2834
* 16
+1 80
cfi=(25)
cfn=(720)
calls=16 167 
* 3743
* 16
+1 32
+3 48
cfi=(30)
cfn=(726) char const& std::forward<char const&>(std::remove_reference<char const&>::type&)
calls=16 76 
* 96
* 64
cfi=(25)
cfn=(718)
calls=16 655 
* 192
* 128
cfi=(32)
cfn=(728)
calls=16 +38 
* 960
+2 16
+5 48
cfi=(25)
cfn=(636)
calls=16 113 
* 96
* 16
-1 64
-2 48
cfi=(35)
cfn=(732)
calls=16 297 
* 5743
* 16
+5 16
+12 48
cfi=(25)
cfn=(636)
calls=16 113 
* 96
* 16
-1 112
cfi=(28)
cfn=(676)
calls=16 148 
* 544
+3 32
+1 80
-2 112
cfi=(25)
cfn=(684)
calls=16 174 
* 4189
+3 48
+1 48
+1 80
+1 80

fl=(26)
fn=(848)
133 150005
+1 150005
cfi=(27) /usr/include/c++/6.3.1/ext/new_allocator.h
cfn=(850) __gnu_cxx::new_allocator<int>::new_allocator(__gnu_cxx::new_allocator<int> const&)
calls=30001 -53 
* 210007
* 90003

fn=(502)
131 14
cfi=(27)
cfn=(504) __gnu_cxx::new_allocator<std::vector<char, std::allocator<char> > >::new_allocator()
calls=2 -52 
* 12
* 6

fn=(890)
139 420014
cfi=(27)
cfn=(892) __gnu_cxx::new_allocator<int>::~new_allocator()
calls=60002 -53 
* 360012
* 180006

fn=(830)
131 210007
cfi=(27)
cfn=(832) __gnu_cxx::new_allocator<int>::new_allocator()
calls=30001 -52 
* 180006
* 90003

fn=(1026)
139 14
cfi=(27)
cfn=(1028) __gnu_cxx::new_allocator<std::vector<char, std::allocator<char> > >::~new_allocator()
calls=2 -53 
* 12
* 6

fl=(27)
fn=(724) __gnu_cxx::new_allocator<char>::allocate(unsigned long, void const*)
99 96
+2 48
cfn=(716) __gnu_cxx::new_allocator<char>::max_size() const
calls=16 +12 
* 96
* 64
+3 48
cob=(7)
cfi=(24)
cfn=(494)
calls=16 -61 
* 2895
* 16
+1 32

fn=(850)
81 210007

fn=(614) __gnu_cxx::new_allocator<std::vector<char, std::allocator<char> > >::max_size() const
113 18
+1 18

fn=(730) void __gnu_cxx::new_allocator<char>::construct<char, char const&>(char*, char const&)
119 1050
+1 450
cfi=(30)
cfn=(726)
calls=150 -44 
* 900
* 750
cfi=(34)
cfn=(630)
calls=150 +27 
* 1050
* 1200

fn=(950) __gnu_cxx::new_allocator<int>::allocate(unsigned long, void const*)
99 180000
+2 90000
cfn=(952) __gnu_cxx::new_allocator<int>::max_size() const
calls=30000 +12 
* 180000
* 120000
+3 120000
cob=(7)
cfi=(24)
cfn=(494)
calls=30000 -61 
* 9839712
* 30000
+1 60000

fn=(972) __gnu_cxx::new_allocator<int>::deallocate(int*, unsigned long)
109 180000
+1 90000
cob=(7)
cfi=(38)
cfn=(774)
calls=30000 -61 
* 3990000
* 30000
* 90000

fn=(768) __gnu_cxx::new_allocator<char>::deallocate(char*, unsigned long)
109 96
+1 48
cob=(7)
cfi=(38)
cfn=(774)
calls=15 -61 
* 1940
cob=(1)
cfi=(1)
cfn=(286)
calls=1 0 
* 2363
* 20
* 48

fn=(892)
86 360012

fn=(624) __gnu_cxx::new_allocator<std::vector<char, std::allocator<char> > >::allocate(unsigned long, void const*)
99 12
+2 6
cfn=(614)
calls=2 +12 
* 12
* 8
+3 14
cob=(7)
cfi=(24)
cfn=(494)
calls=2 -61 
* 510
* 2
+1 4

fn=(1022) __gnu_cxx::new_allocator<std::vector<char, std::allocator<char> > >::deallocate(std::vector<char, std::allocator<char> >*, unsigned long)
109 12
+1 6
cob=(7)
cfi=(38)
cfn=(774)
calls=2 -61 
* 180
* 2
* 6

fn=(716)
113 144
+1 144

fn=(832)
79 180006

fn=(952)
113 90000
+1 90000

fn=(504)
79 12

fn=(628) void __gnu_cxx::new_allocator<std::vector<char, std::allocator<char> > >::construct<std::vector<char, std::allocator<char> >, std::vector<char, std::allocator<char> > >(std::vector<char, std::allocator<char> >*, std::vector<char, std::allocator<char> >&&)
119 14
+1 6
cfi=(30)
cfn=(602)
calls=2 -44 
* 12
* 10
cfi=(34)
cfn=(630)
calls=2 +27 
* 14
* 10
cfi=(25)
cfn=(632)
calls=2 337 
* 1478
* 10

fn=(1028)
86 12

fl=(42)
fn=(868) __gnu_cxx::__ops::_Iter_comp_iter<std::less<int> >::_Iter_comp_iter(std::less<int>)
117 3
+2 3

fn=(866)
131 4
+1 5
cfn=(868)
calls=1 -15 
* 6
* 5

fl=(30)
fn=(638)
101 12
+1 12

fn=(836)
101 6
+1 6

fn=(844)
101 6
+1 6

fn=(854)
179 15
+11 9
cfn=(856) std::remove_reference<int*&>::type&& std::move<int*&>(int*&)
calls=3 -89 
* 18
* 6
+1 9
cfn=(856)
calls=3 -90 
* 18
* 9
+1 9
cfn=(856)
calls=3 -91 
* 18
* 9
+1 9

fn=(602)
76 24
+1 24

fn=(652) std::remove_reference<char*&>::type&& std::move<char*&>(char*&)
101 54
+1 54

fn=(726)
76 948
+1 948

fn=(856)
101 27
+1 27

fn=(1014)
47 6
+3 2
+1 4

fn=(650)
179 30
+11 18
cfn=(652)
calls=6 -89 
* 36
* 12
+1 18
cfn=(652)
calls=6 -90 
* 36
* 18
+1 18
cfn=(652)
calls=6 -91 
* 36
* 18
+1 18

fn=(598)
101 12
+1 12

fl=(23)
fn=(410)
29 6
+4 1
+2 2
+3 1
+1 1
+1 1
+2 1
+4 2
+2 1
+1 6
cob=(1)
cfi=(1)
cfn=(286)
calls=1 -49 
* 1839
* 5
* 6
cob=(3)
cfi=(3)
cfn=(418)
calls=1 -49 
* 127
* 1
* 12
+1 7
+1 5
cob=(1)
cfi=(1)
cfn=(286)
calls=1 -51 
* 1257
* 5
* 1
-2 1
+12 6
+24 4
cob=(1)
cfi=(1)
cfn=(286)
calls=1 -85 
* 1236
* 5
* 2
+7 4
cob=(3)
cfi=(3)
cfn=(444)
calls=1 -92 
* 21
* 1
* 2
+2 4
cob=(3)
cfi=(3)
cfn=(444)
calls=1 -94 
* 21
* 1
* 2
+2 4
cob=(3)
cfi=(3)
cfn=(444)
calls=1 -96 
* 21
* 1
* 2
+1 2
+5 5
cob=(1)
cfi=(1)
cfn=(286)
calls=1 0 
* 2660
* 5
+2 1
+1 2
+1 2
+5 7
+1 2
cob=(1)
cfi=(1)
cfn=(286)
calls=1 0 
* 1152
* 5
* 3
cfi=(25)
cfn=(496)
calls=1 255 
* 52
* 1
+1 2
cob=(1)
cfi=(1)
cfn=(286)
calls=1 0 
* 1611
* 5
+1 5
cfn=(514) readFastaSequences(char const*, std::vector<std::vector<char, std::allocator<char> >, std::allocator<std::vector<char, std::allocator<char> > > >*)
calls=1 288 
* 38651
* 1
+1 2
+5 3
cfi=(25)
cfn=(616)
calls=1 655 
* 16
* 1
+1 1
+1 7
+1 6
cfi=(25)
cfn=(806)
calls=1 780 
* 14
* 2
cfi=(25)
cfn=(718)
calls=1 655 
* 12
* 4
-1 2
+3 6
cob=(3)
cfi=(3)
cfn=(450)
calls=1 0 
* 1245
* 1
+3 8
+1 2
cob=(7)
cfi=(24)
cfn=(494)
calls=1 -86 
* 117
* 1
* 3
cfi=(25)
cfn=(496)
calls=1 255 
* 52
* 1
+1 2
cob=(3)
cfi=(3)
cfn=(510)
calls=1 0 
* 470
* 1
+1 5
cfn=(514)
calls=1 288 
* 25610
* 1
+1 2
+6 4
cfi=(25)
cfn=(806)
calls=1 780 
* 14
* 2
cfi=(25)
cfn=(810)
calls=1 891 
* 19
* 1
+1 4
cfi=(25)
cfn=(806)
calls=1 780 
* 14
* 2
cfi=(25)
cfn=(718)
calls=1 655 
* 12
* 1
+1 5
cob=(3)
cfi=(3)
cfn=(450)
calls=1 0 
* 839
* 1
+4 2
cob=(3)
cfi=(3)
cfn=(510)
calls=1 0 
* 2248
* 1
+1 8
cob=(1)
cfi=(1)
cfn=(286)
calls=1 0 
* 1623
* 5
* 1
+1 9
cob=(7)
cfi=(39)
cfn=(818)
calls=1 32 
* 119
* 1
* 1
+1 9
cob=(7)
cfi=(39)
cfn=(818)
calls=1 32 
* 364
* 1
* 1
+1 9
cob=(7)
cfi=(39)
cfn=(818)
calls=1 32 
* 194
* 1
* 1
+1 3
cfi=(25)
cfn=(824)
calls=1 255 
* 52
* 6
cfi=(40) /usr/include/c++/6.3.1/bits/stl_queue.h
cfn=(834) std::priority_queue<int, std::vector<int, std::allocator<int> >, std::less<int> >::priority_queue(std::less<int> const&, std::vector<int, std::allocator<int> >&&)
calls=1 444 
* 443
* 4
cfi=(25)
cfn=(876)
calls=1 425 
* 123
+1 2
+1 1
+1 1
cob=(1)
cfi=(1)
cfn=(286)
calls=1 0 
* 1280
* 5
* 1
+2 4
+1 5
cob=(3)
cfi=(3)
cfn=(450)
calls=1 0 
* 552
* 1
+1 3
cob=(1)
cfi=(1)
cfn=(286)
calls=1 0 
* 1411
* 5
+2 7
+1 6
cfi=(25)
cfn=(806)
calls=1 780 
* 14
* 2
cfi=(25)
cfn=(810)
calls=1 891 
* 19
* 1
+1 6
cfi=(25)
cfn=(806)
calls=1 780 
* 14
* 2
cfi=(25)
cfn=(718)
calls=1 655 
* 12
* 1
+3 1
+2 30004
+2 60000
cfi=(43)
cfn=(912)
calls=10000 1390 
* 220000
* 170000
cfi=(43)
cfn=(914)
calls=10000 -64 
* 705964170
* 130000
+1 109993
cfi=(43)
cfn=(988)
calls=9999 1402 
* 1059894
* 9999
-3 20000
+6 7
+1 7
+1 7
+1 7
+1 2
+1 2
+4 2
+14 4
+1 8
cob=(3)
cfi=(3)
cfn=(450)
calls=1 0 
* 924
* 1
+1 3
cob=(3)
cfi=(3)
cfn=(908)
calls=1 0 
* 188
* 1
* 1
+25 2
-63 2
+67 8
+1 1
+1 2
cob=(1)
cfi=(1)
cfn=(286)
calls=1 0 
* 1414
* 5
+2 3
cfi=(40)
cfn=(996) std::priority_queue<int, std::vector<int, std::allocator<int> >, std::less<int> >::size() const
calls=1 535 
* 22
* 4
+4 2
cob=(3)
cfi=(3)
cfn=(510)
calls=1 0 
* 349
* 1
+4 2
cob=(3)
cfi=(3)
cfn=(510)
calls=1 0 
* 862
* 1
+1 7
+1 10
+1 17
cob=(3)
cfi=(3)
cfn=(450)
calls=1 0 
* 1320
* 1
+1 8
+1 3
cob=(3)
cfi=(3)
cfn=(450)
calls=1 0 
* 225
* 1
+1 17
+1 3
cob=(3)
cfi=(3)
cfn=(450)
calls=1 0 
* 220
* 1
+1 8
+3 2
cob=(3)
cfi=(3)
cfn=(994)
calls=1 0 
* 89
* 1
+2 15
cob=(3)
cfi=(3)
cfn=(450)
calls=1 0 
* 631
* 1
-7 2
+9 3
cob=(3)
cfi=(3)
cfn=(450)
calls=1 0 
* 220
* 1
+2 2
cob=(3)
cfi=(3)
cfn=(994)
calls=1 0 
* 206
* 1
-16 2
+22 1
cob=(3)
cfi=(3)
cfn=(898)
calls=1 0 
* 39
* 1
* 1
+1 7
+1 6
cob=(3)
cfi=(3)
cfn=(450)
calls=1 0 
* 3626
* 1
+4 7
+1 8
cob=(3)
cfi=(3)
cfn=(780)
calls=1 0 
* 88
* 1
+1 8
-2 2
+4 5
cob=(7)
cfi=(44)
cfn=(978)
calls=1 35 
* 92
* 1
+1 5
cob=(7)
cfi=(44)
cfn=(978)
calls=1 35 
* 92
* 1
+1 5
cob=(7)
cfi=(44)
cfn=(978)
calls=1 35 
* 92
* 1
+1 5
cfi=(25)
cfn=(1012)
calls=1 425 
* 541
* 3
cob=(1)
cfi=(1)
cfn=(286)
calls=1 0 
* 1064
* 5
+1 5
cfi=(25)
cfn=(1012)
calls=1 425 
* 1073
* 3
cob=(7)
cfi=(45)
cfn=(1034)
calls=1 32 
* 92
* 1
+1 5
cob=(7)
cfi=(44)
cfn=(978)
calls=1 35 
* 92
* 1
+2 1
149 3
cfi=(40)
cfn=(1036) std::priority_queue<int, std::vector<int, std::allocator<int> >, std::less<int> >::~priority_queue()
calls=1 397 
* 133
* 2
278 3

fn=(514)
288 20
+37 4
-36 6
cfi=(25)
cfn=(516)
calls=2 1209 
* 156
+2 8
cob=(3)
cfi=(3)
cfn=(532)
calls=1 0 
* 632
cob=(1)
cfi=(1)
cfn=(286)
calls=1 0 
* 1740
* 6
* 2
+1 4
+3 2
+1 2
+1 2
+1 48
+1 6
cob=(3)
cfi=(3)
cfn=(560)
calls=1 0 
* 32
cob=(1)
cfi=(1)
cfn=(286)
calls=1 0 
* 1286
* 6
* 6
cob=(3)
cfi=(3)
cfn=(560)
calls=2 0 
* 64
* 2
* 16
+1 14
cob=(3)
cfi=(3)
cfn=(566)
calls=1 0 
* 791
cob=(1)
cfi=(1)
cfn=(286)
calls=1 0 
* 1842
* 6
* 2
+1 464
+1 760
+1 304
+4 456
+4 912
+3 600
+1 2
+1 6
cfi=(25)
cfn=(584)
calls=2 -61 
* 1083
* 10
cfi=(25)
cfn=(596)
calls=2 932 
* 3424
* 6
cfi=(25)
cfn=(674)
calls=2 425 
* 1160
+2 450
cfi=(25)
cfn=(694)
calls=150 868 
* 12450
* 750
cfi=(25)
cfn=(704)
calls=150 914 
* 31895
* 150
-6 2
-11 304
+23 6
cob=(3)
cfi=(3)
cfn=(788)
calls=1 0 
* 541
cob=(1)
cfi=(1)
cfn=(286)
calls=1 0 
* 1793
* 6
+1 6
+1 16

fl=(37)
fn=(750)
408 96
+1 96

fl=(40)
fn=(996)
535 4
+1 3
cfi=(25)
cfn=(998)
calls=1 655 
* 13
* 2

fn=(834)
444 8
+2 3
cfi=(30)
cfn=(836)
calls=1 101 
* 6
* 5
cfi=(25)
cfn=(838)
calls=1 337 
* 261
+1 3
cfi=(25)
cfn=(858)
calls=1 566 
* 24
* 4
cfi=(25)
cfn=(862)
calls=1 548 
* 23
* 5
cfi=(41)
cfn=(864)
calls=1 -68 
* 94
* 7

fn=(1036)
397 7
cfi=(25)
cfn=(876)
calls=1 +28 
* 123
* 3

fl=(32)
fn=(970)
441 180000
+1 180000
cfi=(27)
cfn=(972)
calls=30000 109 
* 4380000
* 90000

fn=(626)
454 12
+1 6
cfi=(30)
cfn=(602)
calls=2 76 
* 12
* 12
cfi=(27)
cfn=(628)
calls=2 119 
* 1554
* 6

fn=(766)
441 96
+1 96
cfi=(27)
cfn=(768)
calls=16 109 
* 4515
* 48

fn=(728)
454 900
+1 450
cfi=(30)
cfn=(726)
calls=150 76 
* 900
* 900
cfi=(27)
cfn=(730)
calls=150 119 
* 5400
* 450

fn=(1020)
441 12
+1 12
cfi=(27)
cfn=(1022)
calls=2 109 
* 206
* 6

fn=(722)
415 80
+1 96
cfi=(27)
cfn=(724)
calls=16 99 
* 3295
* 32

fn=(612)
475 16
+1 12
cfi=(27)
cfn=(614)
calls=4 113 
* 24
* 8

fn=(948)
415 150000
+1 180000
cfi=(27)
cfn=(950)
calls=30000 99 
* 10619712
* 60000

fn=(622)
415 10
+1 12
cfi=(27)
cfn=(624)
calls=2 99 
* 568
* 4

fn=(714)
475 128
+1 96
cfi=(27)
cfn=(716)
calls=32 113 
* 192
* 64

totals: 709985187
