version: 1
creator: callgrind-3.12.0
pid: 29995
cmd:  ./edlib-aligner -m HW ../../test_data/Enterobacteria_Phage_1/mutated_97_perc_infix_80bp.fasta ../../test_data/Enterobacteria_Phage_1/Enterobacteria_phage_1.fasta
part: 1


desc: I1 cache: 
desc: D1 cache: 
desc: LL cache: 

desc: Timerange: Basic block 0 - 128009535
desc: Trigger: Program termination

positions: line
events: Ir
summary: 1255353623


ob=(2) ???
fl=(2) ???
fn=(24) 0x0000000004000b50
0 17
cob=(1) /usr/lib/ld-2.24.so
cfi=(1) ???
cfn=(26) calloc
calls=17 0 
0 724

fn=(1188) 0x0000000004d6201c
0 3

fn=(468) 0x00000000054e98b8
0 5
cob=(3) /usr/lib/libc-2.24.so
cfi=(3) ???
cfn=(326) malloc
calls=5 0 
0 1255

fn=(800) 0x00000000054e98e0
0 4
cob=(3)
cfi=(3)
cfn=(780) free
calls=4 0 
0 500

fn=(28) 0x0000000004000b48
0 36
cob=(1)
cfi=(1)
cfn=(30) malloc
calls=36 0 
0 1008

fn=(236) 0x00000000052b57b0
0 6

fn=(1224) 0x00000000052c58a8
0 3

fn=(1126) 0x0000000000410d44
0 3

fn=(1214) 0x00000000052b5a80
0 1
cob=(3)
cfi=(3)
cfn=(1136) __cxa_finalize
calls=1 0 
0 85

fn=(1156) 0x0000000004cb27d0
0 1
cob=(3)
cfi=(3)
cfn=(1136)
calls=1 0 
0 1766

fn=(1206) 0x000000000502094c
0 3

fn=(32) 0x0000000004000b40
0 37
cob=(1)
cfi=(1)
cfn=(34) __libc_memalign
calls=37 0 
0 883

fn=(334) 0x00000000054e98d0
0 1
cob=(1)
cfi=(1)
cfn=(336) _dl_find_dso_for_object
calls=1 0 
0 53

fn=(392) 0x0000000000407bc8
0 6

fn=(1148) 0x0000000004a2580c
0 3

fn=(1196) 0x0000000004fb4660
0 1
cob=(3)
cfi=(3)
cfn=(1136)
calls=1 0 
0 85

fn=(210) 0x0000000004a25560
0 6

fn=(1134) 0x0000000004a255a0
0 1
cob=(3)
cfi=(3)
cfn=(1136)
calls=1 0 
0 85

fn=(254) 0x0000000004fb44d0
0 6

fn=(266) 0x0000000004caf420
0 6

ob=(3)
fl=(3)
fn=(158) memmove
0 26

fn=(222) _init
0 70
cfn=(146) _dl_vdso_vsym
calls=1 0 
0 6
0 8
cfn=(146)
calls=1 0 
0 6
0 7
cfn=(224) __init_misc
calls=1 0 
0 48
0 1
cfn=(228) __ctype_init
calls=1 0 
0 16
0 14

fn=(224)
0 12
cfn=(226) rindex
calls=1 0 
0 24
0 12

fn=(230) init_cacheinfo
0 26
cfn=(232) handle_intel
calls=1 0 
0 454
0 4
cfn=(232)
calls=1 0 
0 517
0 4
cfn=(232)
calls=1 0 
0 546
0 200

fn=(444) __strcmp_sse2_unaligned
0 63

fn=(460) _IO_doallocbuf
0 57
cfn=(462) _IO_file_doallocate
calls=3 0 
0 996
0 18

fn=(470) _IO_setb
0 102
cob=(2)
cfi=(2)
cfn=(800)
calls=2 0 
0 240
0 10

fn=(540) _IO_new_file_init_internal
0 16
cfn=(542) _IO_link_in
calls=2 0 
0 162
0 10

fn=(790) _IO_un_link
0 10
cfn=(792) __GI__IO_un_link.part.1
calls=2 0 
0 172
0 2

fn=(1230) _IO_file_setbuf@@GLIBC_2.2.5
0 3
cfn=(1232) _IO_default_setbuf
calls=1 0 
0 68
0 12

fn=(142) strcasecmp
0 5

fn=(144) time
0 55
cfn=(146)
calls=1 0 
0 6
0 5

fn=(326)
0 71809
cfn=(338) _int_malloc
calls=3989 0 
0 1027377
0 111697
cfn=(328) malloc_hook_ini
calls=1 0 
0 58105

fn=(327) malloc'2
0 18
cfn=(338)
calls=1 0 
0 1035
0 28

fn=(344) sysmalloc
0 187
cfn=(346) __default_morecore
calls=2 0 
0 109
0 72
cfn=(346)
calls=1 0 
0 25
0 21

fn=(346)
0 12
cfn=(348) sbrk
calls=6 0 
0 191
0 30

fn=(298) __new_exitfn
0 258

fn=(474) _IO_default_xsputn
0 954
cfn=(458) _IO_file_overflow@@GLIBC_2.2.5
calls=59 0 
0 1888
0 325

fn=(484) _IO_file_write@@GLIBC_2.2.5
0 255
cfn=(486) write
calls=15 0 
0 105
0 300

fn=(538) _IO_old_init
0 50

fn=(782) _int_free
0 425764
cfn=(340) malloc_consolidate
calls=52 0 
0 18275
0 17916
cfn=(810) systrim.isra.0
calls=2 0 
0 186
0 2

fn=(902) clock_gettime
0 22
cfn=(904) __syscall_clock_gettime
calls=2 0 
0 6
0 12

fn=(910) fflush
0 38
cfn=(912) _IO_file_sync@@GLIBC_2.2.5
calls=2 0 
0 274
0 64

fn=(1108) __run_exit_handlers
0 104
cfn=(1226) _IO_cleanup
calls=1 0 
0 284
0 5
cfn=(1234) _Exit
calls=1 0 
0 5
0 8
cob=(1)
cfi=(1)
cfn=(1112) _dl_fini
calls=1 0 
0 3228
0 2
cfn=(1110) __call_tls_dtors
calls=1 0 
0 11
0 1

fn=(146)
0 24

fn=(234) intel_check_word
0 1370

fn=(418) getopt
0 12
cfn=(420) _getopt_internal
calls=2 0 
0 701
0 4

fn=(232)
0 63
cfn=(234)
calls=3 0 
0 999
0 21
cfn=(234)
calls=3 0 
0 371
0 63

fn=(434) strcpy
0 5

fn=(454) strchrnul
0 532

fn=(462)
0 57
cfn=(464) _IO_file_stat
calls=3 0 
0 42
0 30
cob=(2)
cfi=(2)
cfn=(468)
calls=3 0 
0 757
0 24
cfn=(470)
calls=3 0 
0 54
0 32

fn=(476) __GI_mempcpy
0 537

fn=(536) _IO_no_init
0 20
cfn=(538)
calls=2 0 
0 50
0 46

fn=(550) __open_nocancel
0 10

fn=(568) _IO_sgetn
0 350
cfn=(570) _IO_file_xsgetn
calls=25 0 
0 3284

fn=(574) read
0 54
cfn=(576) __read_nocancel
calls=27 0 
0 135

fn=(764) __memcpy_avx_unaligned_erms
0 127098

fn=(792)
0 172

fn=(796) _IO_unsave_markers
0 10

fn=(1064) putchar
0 114
cfn=(512) __overflow
calls=3 0 
0 381
0 6

fn=(1070) __printf_fp_l
0 50
cfn=(1072) __mpn_extract_double
calls=1 0 
0 20
0 38
cfn=(1074) __mpn_lshift
calls=1 0 
0 15
0 59
cfn=(1076) hack_digit
calls=1 0 
0 45
0 43
cfn=(1076)
calls=6 0 
0 270
0 122
cfn=(1076)
calls=1 0 
0 45
0 25
cfn=(426) strlen
calls=1 0 
0 16
0 114
cfn=(476)
calls=1 0 
0 15
0 157
cfn=(512)
calls=8 0 
0 392
0 28

fn=(296) __cxa_atexit
0 48
cfn=(298)
calls=6 0 
0 258
0 84

fn=(332) _dl_addr
0 14
cob=(1)
cfi=(1)
cfn=(40) rtld_lock_default_lock_recursive
calls=1 0 
0 2
0 2
cob=(2)
cfi=(2)
cfn=(334)
calls=1 0 
0 54
0 56533
cob=(1)
cfi=(1)
cfn=(42) rtld_lock_default_unlock_recursive
calls=1 0 
0 2
0 13

fn=(404) _setjmp
0 2
cfn=(406) __sigsetjmp
calls=1 0 
0 26

fn=(408) __sigjmp_save
0 8

fn=(426)
0 226

fn=(428) __GI_strchr
0 23

fn=(436) __strcpy_sse2_unaligned
0 24

fn=(458)
0 2560
cfn=(472) _IO_do_write@@GLIBC_2.2.5
calls=7 0 
0 770
0 63
cfn=(472)
calls=7 0 
0 664
0 2
cfn=(460)
calls=1 0 
0 300
0 6

fn=(482) new_do_write
0 315
cfn=(484)
calls=15 0 
0 660
0 510

fn=(488) __write_nocancel
0 75

fn=(542)
0 170

fn=(804) _IO_default_finish
0 30

fn=(1068) __printf_fp
0 6
cfn=(1070)
calls=1 0 
0 1454

fn=(1074)
0 15

fn=(1138) __unregister_atfork
0 16

fn=(226)
0 24

fn=(340)
0 28092
cfn=(342) malloc_init_state
calls=1 0 
0 648

fn=(342)
0 648

fn=(424) getenv
0 9
cfn=(426)
calls=1 0 
0 16
0 361

fn=(156) gettimeofday
0 55
cfn=(146)
calls=1 0 
0 6
0 5

fn=(228)
0 16

fn=(450) printf
0 107
cfn=(452) vfprintf
calls=1 0 
0 3603
0 110
cfn=(452)
calls=10 0 
0 7449
0 22

fn=(456) _IO_file_xsputn@@GLIBC_2.2.5
0 727
cfn=(476)
calls=29 0 
0 441
0 30
cfn=(476)
calls=6 0 
0 81
0 614
cfn=(458)
calls=7 0 
0 1146
0 117
cfn=(474)
calls=3 0 
0 3167
0 1731

fn=(466) _fxstat
0 30

fn=(780)
0 59820
cfn=(782)
calls=3988 0 
0 462143

fn=(802) _IO_file_finish@@GLIBC_2.2.5
0 24
cfn=(804)
calls=2 0 
0 30

fn=(808) _itoa_word
0 328

fn=(1136)
0 266
cob=(7) /usr/lib/libstdc++.so.6.0.22
cfi=(10) /build/gcc-multilib/src/gcc/libstdc++-v3/src/c++11/compatibility-c++0x.cc
cfn=(1178) std::(anonymous namespace)::generic_error_category::~generic_error_category()
calls=1 184 
0 5
cob=(7)
cfi=(10)
cfn=(1170) std::(anonymous namespace)::system_error_category::~system_error_category()
calls=1 199 
0 776
cob=(7)
cfi=(12) /build/gcc-multilib/src/gcc/libstdc++-v3/src/c++11/future.cc
cfn=(1168) (anonymous namespace)::future_error_category::~future_error_category()
calls=1 29 
0 5
cob=(7)
cfi=(18) /build/gcc-multilib/src/gcc/libstdc++-v3/src/c++11/system_error.cc
cfn=(1166) (anonymous namespace)::generic_error_category::~generic_error_category()
calls=1 38 
0 5
cob=(7)
cfi=(18)
cfn=(1158) (anonymous namespace)::system_error_category::~system_error_category()
calls=1 54 
0 814
0 134
cfn=(1138)
calls=4 0 
0 16

fn=(330) ptmalloc_init.part.5
0 387
cfn=(332)
calls=1 0 
0 56620
0 6

fn=(348)
0 107
cfn=(350) brk
calls=1 0 
0 12
0 10
cfn=(350)
calls=3 0 
0 36
0 26

fn=(350)
0 48

fn=(154) strspn
0 6

fn=(464)
0 12
cfn=(466)
calls=3 0 
0 30

fn=(472)
0 79
cfn=(482)
calls=15 0 
0 1485
0 90

fn=(510) puts
0 35
cfn=(426)
calls=5 0 
0 178
0 165
cfn=(456)
calls=5 0 
0 2976
0 155
cfn=(512)
calls=5 0 
0 830
0 10

fn=(552) __GI_strstr
0 48

fn=(580) _IO_file_underflow@@GLIBC_2.2.5
0 38
cfn=(582) _IO_switch_to_get_mode
calls=2 0 
0 48
0 32
cfn=(572) _IO_file_read
calls=2 0 
0 22
0 30

fn=(794) _IO_file_close_it@@GLIBC_2.2.5
0 30
cfn=(796)
calls=2 0 
0 10
0 20
cfn=(470)
calls=2 0 
0 298
0 16
cfn=(790)
calls=2 0 
0 6
0 40
cfn=(798) _IO_file_close
calls=2 0 
0 12
0 4

fn=(798)
0 12

fn=(810)
0 62
cfn=(346)
calls=1 0 
0 25
0 8
cfn=(346)
calls=1 0 
0 49
0 6
cfn=(346)
calls=1 0 
0 25
0 11

fn=(1078) __mpn_mul_1
0 160

fn=(1226)
0 9
cfn=(1228) _IO_flush_all_lockp
calls=1 0 
0 95
0 33
cfn=(1230)
calls=1 0 
0 83
0 64

fn=(328)
0 8
cfn=(330)
calls=1 0 
0 57013
0 3
cfn=(327)
calls=1 0 
0 1081

fn=(388) (below main)
0 22
cfn=(296)
calls=1 0 
0 66
0 11
cob=(8) /home/martin/git/edlib/build/bin/edlib-aligner
cfi=(22) ???
cfn=(390) __libc_csu_init
calls=1 0 
0 56
0 8
cfn=(404)
calls=1 0 
0 28
0 14
cob=(8)
cfi=(23) /home/martin/git/edlib/apps/aligner/aligner.cpp
cfn=(410) main
calls=1 29 
0 1253242378
0 2
cfn=(1106) exit
calls=1 0 
0 3653
0 2

fn=(150) strncasecmp
0 5

fn=(152) strpbrk
0 6

fn=(534) __fopen_internal
0 20
cob=(2)
cfi=(2)
cfn=(468)
calls=2 0 
0 503
0 22
cfn=(536)
calls=2 0 
0 116
0 8
cfn=(540)
calls=2 0 
0 188
0 10
cfn=(544) _IO_file_fopen@@GLIBC_2.2.5
calls=2 0 
0 242
0 18
cfn=(554) __fopen_maybe_mmap
calls=2 0 
0 8

fn=(560) feof
0 864

fn=(572)
0 108
cfn=(574)
calls=27 0 
0 189

fn=(576)
0 135

fn=(578) __underflow
0 62
cfn=(580)
calls=2 0 
0 170
0 4

fn=(582)
0 48

fn=(912)
0 65
cfn=(472)
calls=2 0 
0 220
0 6

fn=(148) strcspn
0 6

fn=(442) strcmp
0 5

fn=(452)
0 397
cfn=(454)
calls=11 0 
0 244
0 231
cfn=(456)
calls=11 0 
0 3031
0 1213
cfn=(454)
calls=12 0 
0 288
0 192
cfn=(456)
calls=12 0 
0 1282
0 880
cfn=(456)
calls=10 0 
0 694
0 177
cfn=(1068)
calls=1 0 
0 1460
0 146
cfn=(808)
calls=10 0 
0 328
0 387
cfn=(456)
calls=1 0 
0 71
0 14
cfn=(426)
calls=1 0 
0 16
0 1

fn=(546) _IO_file_open
0 24
cfn=(548) open
calls=2 0 
0 14
0 30
cfn=(542)
calls=2 0 
0 8
0 10

fn=(548)
0 4
cfn=(550)
calls=2 0 
0 10

fn=(554)
0 8

fn=(566) fread
0 825
cfn=(568)
calls=25 0 
0 3634
0 531

fn=(570)
0 1472
cfn=(572)
calls=25 0 
0 275
0 512
cfn=(578)
calls=2 0 
0 236
0 16
cfn=(460)
calls=2 0 
0 771
0 2

fn=(900) clock
0 8
cfn=(902)
calls=2 0 
0 40
0 30

fn=(904)
0 6

fn=(1072)
0 20

fn=(1076)
0 144
cfn=(1078)
calls=8 0 
0 160
0 56

fn=(1106)
0 5
cfn=(1108)
calls=1 0 
0 3648

fn=(1110)
0 11

fn=(1232)
0 18
cfn=(912)
calls=1 0 
0 17
0 33

fn=(1234)
0 5

fn=(420)
0 24
cfn=(422) _getopt_internal_r
calls=2 0 
0 653
0 24

fn=(486)
0 30
cfn=(488)
calls=15 0 
0 75

fn=(512)
0 272
cfn=(458)
calls=16 0 
0 1331

fn=(532) fopen@@GLIBC_2.2.5
0 4
cfn=(534)
calls=2 0 
0 1135

fn=(544)
0 82
cfn=(546)
calls=2 0 
0 86
0 12
cfn=(552)
calls=2 0 
0 48
0 14

fn=(788) fclose@@GLIBC_2.2.5
0 46
cfn=(802)
calls=2 0 
0 54
0 22
cob=(2)
cfi=(2)
cfn=(800)
calls=2 0 
0 264
0 12
cfn=(790)
calls=2 0 
0 178
0 46
cfn=(794)
calls=2 0 
0 436
0 24

fn=(1228)
0 95

fn=(338)
0 147195
cfn=(340)
calls=52 0 
0 10465
0 699680
cfn=(344)
calls=2 0 
0 414
0 170658

fn=(406)
0 18
cfn=(408)
calls=1 0 
0 8

fn=(422)
0 51
cfn=(424)
calls=1 0 
0 386
0 41
cfn=(428)
calls=1 0 
0 23
0 152

ob=(7)
fl=(44) /build/gcc-multilib/src/gcc/libstdc++-v3/libsupc++/del_opv.cc
fn=(1048) operator delete[](void*)
35 104
cfi=(38) /build/gcc-multilib/src/gcc/libstdc++-v3/libsupc++/del_op.cc
cfn=(774) operator delete(void*)
calls=103 +14 
* 9270
cob=(1)
cfi=(1)
cfn=(287) _dl_runtime_resolve_avx'2
calls=1 -35 
* 689
* 108

fl=(38)
fn=(774)
49 3834
cob=(3)
cfi=(3)
cfn=(780)
calls=3833 -49 
* 487025
cob=(1)
cfi=(1)
cfn=(287)
calls=1 -49 
* 1421
* 3838

fl=(45) /build/gcc-multilib/src/gcc/libstdc++-v3/libsupc++/del_ops.cc
fn=(1102) operator delete(void*, unsigned long)
32 2
cfi=(38)
cfn=(774)
calls=2 +17 
* 180
* 2

fl=(46) /build/gcc-multilib/src/gcc-build/x86_64-pc-linux-gnu/libstdc++-v3/include/system_error
fn=(1164) std::_V2::error_category::~error_category()
66 3

fl=(24) /build/gcc-multilib/src/gcc/libstdc++-v3/libsupc++/new_op.cc
fn=(494) operator new(unsigned long)
43 3834
+5 3834
-5 3834
+5 7668
+2 7668
cob=(3)
cfi=(3)
cfn=(326)
calls=3834 -50 
* 1159956
* 3834
* 7668
+9 7668

fl=(12)
fn=(306) std::future_category()
64 4
+10 1
-10 1
cob=(1)
cfi=(1)
cfn=(287)
calls=1 -64 
* 744
* 5
* 4
cob=(1)
cfi=(1)
cfn=(287)
calls=1 -64 
* 725
* 5
* 4
cob=(3)
cfi=(3)
cfn=(296)
calls=1 -64 
* 66
* 1
+10 3

fn=(1168)
29 3
cfi=(46)
cfn=(1164)
calls=1 +37 
* 1
* 1

fl=(11) /build/gcc-multilib/src/gcc/libstdc++-v3/src/c++11/compatibility-thread-c++0x.cc
fn=(300) _GLOBAL__sub_I_compatibility_thread_c__0x.cc
124 1
-75 1
cob=(1)
cfi=(1)
cfn=(286) _dl_runtime_resolve_avx
calls=1 -49 
* 2298
* 5
* 2
+75 2

fl=(17) /build/gcc-multilib/src/gcc-build/x86_64-pc-linux-gnu/libstdc++-v3/include/parallel/settings.h
fn=(356) _GLOBAL__sub_I_parallel_settings.cc
338 54

fl=(14) /build/gcc-multilib/src/gcc/libstdc++-v3/libsupc++/eh_alloc.cc
fn=(320) _GLOBAL__sub_I_eh_alloc.cc
326 1
123 1
fi=(16) /build/gcc-multilib/src/gcc-build/x86_64-pc-linux-gnu/libstdc++-v3/include/ext/concurrence.h
+9 5
fe=(14)
-11 1
+2 1
cob=(1)
cfi=(1)
cfn=(286)
calls=1 0 
* 59377
* 5
+1 1
-1 1
+1 1
+9 1
+2 1
+1 1
326 2

fl=(39) /build/gcc-multilib/src/gcc/libstdc++-v3/libsupc++/new_opv.cc
fn=(820) operator new[](unsigned long)
32 104
cfi=(24)
cfn=(494)
calls=103 +11 
* 30269
cob=(1)
cfi=(1)
cfn=(287)
calls=1 -32 
* 970
* 108

fl=(13) /build/gcc-multilib/src/gcc/libstdc++-v3/libsupc++/guard.cc
fn=(312) __cxa_guard_acquire
243 9
119 1
248 2
+6 3
-16 2
345 10
231 2
+3 2
-22 2

fn=(318) __cxa_guard_release
388 4
+4 2
+33 5
212 1
-77 2

fl=(19) /build/gcc-multilib/src/gcc-build/x86_64-pc-linux-gnu/libstdc++-v3/include/bits/locale_facets_nonio.h
fn=(372) _GLOBAL__sub_I_locale_inst.cc
1373 8
1603 4
1760 4
fi=(20) /build/gcc-multilib/src/gcc-build/x86_64-pc-linux-gnu/libstdc++-v3/include/bits/locale_facets.h
1879 4
2273 4
2553 4
fe=(19)
318 4
887 4
754 4
1966 4
fi=(21) /build/gcc-multilib/src/gcc-build/x86_64-pc-linux-gnu/libstdc++-v3/include/bits/locale_classes.h
792 5
fe=(19)

fn=(378) _GLOBAL__sub_I_wlocale_inst.cc
1373 8
1603 4
1760 4
fi=(20)
1879 4
2273 4
2553 4
fe=(19)
318 4
887 4
754 4
1966 4
fi=(21)
792 5
fe=(19)

fn=(360) _GLOBAL__sub_I_cxx11_locale_inst.cc
1373 8
1603 4
1760 4
fi=(20)
1879 4
fe=(19)
754 4
1966 4
fi=(21)
792 5
fe=(19)

fn=(366) _GLOBAL__sub_I_cxx11_wlocale_inst.cc
1373 8
1603 4
1760 4
fi=(20)
1879 4
fe=(19)
754 4
1966 4
fi=(21)
792 5
fe=(19)

fl=(10)
fn=(290) std::error_category::error_category()
135 8

fn=(1170)
199 3
cob=(1)
cfi=(1)
cfn=(286)
calls=1 0 
* 768
* 5

fn=(1176) std::error_category::~error_category()
135 2

fn=(278) _GLOBAL__sub_I_compatibility_c__0x.cc
257 1
-43 2
-30 2
cob=(1)
cfi=(1)
cfn=(286)
calls=1 0 
* 771
* 5
+30 2
+1 1
-31 1
+30 1
-30 1
+30 1
cob=(1)
cfi=(1)
cfn=(286)
calls=1 0 
* 1417
* 5
-15 1
+16 1
-16 1
cfn=(290)
calls=1 -64 
* 4
* 1
+16 1
-16 1
+16 1
+42 1
-42 1
-16 1
+16 1
cob=(3)
cfi=(3)
cfn=(296)
calls=1 0 
* 66
* 1

fn=(1178)
184 3
cfn=(1176)
calls=1 -49 
* 1
* 1

fl=(18)
fn=(358) _GLOBAL__sub_I_system_error.cc
70 3
184 1
70 1
cob=(3)
cfi=(3)
cfn=(296)
calls=1 -70 
* 66
* 1
+1 3
184 1
71 1
cob=(3)
cfi=(3)
cfn=(296)
calls=1 -71 
* 66
* 1

fn=(1158)
54 3
cob=(1)
cfi=(1)
cfn=(286)
calls=1 -54 
* 806
* 5

fn=(1166)
38 3
cfi=(46)
cfn=(1164)
calls=1 +28 
* 1
* 1

fl=(15) /build/gcc-multilib/src/gcc-build/x86_64-pc-linux-gnu/libstdc++-v3/include/ext/bitmap_allocator.h
fn=(352) _GLOBAL__sub_I_bitmap_allocator.cc
1094 4
106 4
1107 3
+5 3
fi=(16)
132 1
fe=(15)
1112 1
fi=(16)
132 13
fe=(15)
1094 4
106 4
1107 3
+5 3
fi=(16)
132 1
fe=(15)
1112 1
fi=(16)
132 14
fe=(15)
1107 1
412 3
+8 1
+1 2
1107 1
412 3
+8 1
+1 2

fl=(9) ???
fn=(1150) 0x000000000008c100
0 8
cob=(2)
cfi=(2)
cfn=(1156)
calls=1 0 
0 1767
0 1
cfn=(1182) 0x000000000008c070
calls=1 0 
0 9
0 3

fn=(270) 0x000000000008c140
0 17

fn=(1182)
0 9

fl=(29) /build/gcc-multilib/src/gcc-build/x86_64-pc-linux-gnu/libstdc++-v3/include/bits/allocator.h
fn=(594) std::allocator<char>::allocator()
131 2

fn=(692) std::allocator<char>::~allocator()
139 4

fn=(646) std::allocator<char>::allocator(std::allocator<char> const&)
133 2

ob=(8)
fl=(42) /usr/include/c++/6.3.1/bits/predefined_ops.h
fn=(870) __gnu_cxx::__ops::_Iter_comp_iter<std::less<int> >::_Iter_comp_iter(std::less<int>)
117 3
+2 3

fn=(868) __gnu_cxx::__ops::_Iter_comp_iter<std::less<int> > __gnu_cxx::__ops::__iter_comp_iter<std::less<int> >(std::less<int>)
131 4
+1 5
cfn=(870)
calls=1 -15 
* 6
* 5

fl=(22)
fn=(386) _start
0 11
cob=(3)
cfi=(3)
cfn=(388)
calls=1 0 
0 1253246240

fn=(396) 0x0000000000407f20
0 16

fn=(1120) 0x0000000000407e80
0 8

fn=(1116) 0x0000000000407f00
0 5
cfn=(1120)
calls=1 0 
0 8
0 3

fn=(390)
0 15
cob=(2)
cfi=(2)
cfn=(392)
calls=1 0 
0 6
0 8
cfn=(396)
calls=1 0 
0 16
0 11

fl=(32) /usr/include/c++/6.3.1/bits/alloc_traits.h
fn=(626) void std::allocator_traits<std::allocator<std::vector<char, std::allocator<char> > > >::construct<std::vector<char, std::allocator<char> >, std::vector<char, std::allocator<char> > >(std::allocator<std::vector<char, std::allocator<char> > >&, std::vector<char, std::allocator<char> >*, std::vector<char, std::allocator<char> >&&)
454 12
+1 6
cfi=(30) /usr/include/c++/6.3.1/bits/move.h
cfn=(602) std::vector<char, std::allocator<char> >&& std::forward<std::vector<char, std::allocator<char> > >(std::remove_reference<std::vector<char, std::allocator<char> > >::type&)
calls=2 76 
* 12
* 12
cfi=(27) /usr/include/c++/6.3.1/ext/new_allocator.h
cfn=(628) void __gnu_cxx::new_allocator<std::vector<char, std::allocator<char> > >::construct<std::vector<char, std::allocator<char> >, std::vector<char, std::allocator<char> > >(std::vector<char, std::allocator<char> >*, std::vector<char, std::allocator<char> >&&)
calls=2 119 
* 1554
* 6

fn=(766) std::allocator_traits<std::allocator<char> >::deallocate(std::allocator<char>&, char*, unsigned long)
441 156
+1 156
cfi=(27)
cfn=(768) __gnu_cxx::new_allocator<char>::deallocate(char*, unsigned long)
calls=26 109 
* 6326
* 78

fn=(728) void std::allocator_traits<std::allocator<char> >::construct<char, char const&>(std::allocator<char>&, char*, char const&)
454 567366
+1 283683
cfi=(30)
cfn=(726) char const& std::forward<char const&>(std::remove_reference<char const&>::type&)
calls=94561 76 
* 567366
* 567366
cfi=(27)
cfn=(730) void __gnu_cxx::new_allocator<char>::construct<char, char const&>(char*, char const&)
calls=94561 119 
* 3404196
* 283683

fn=(722) std::allocator_traits<std::allocator<char> >::allocate(std::allocator<char>&, unsigned long)
415 130
+1 156
cfi=(27)
cfn=(724) __gnu_cxx::new_allocator<char>::allocate(unsigned long, void const*)
calls=26 99 
* 6460
* 52

fn=(950) std::allocator_traits<std::allocator<int> >::allocate(std::allocator<int>&, unsigned long)
415 18500
+1 22200
cfi=(27)
cfn=(952) __gnu_cxx::new_allocator<int>::allocate(unsigned long, void const*)
calls=3700 99 
* 1264871
* 7400

fn=(998) std::allocator_traits<std::allocator<int> >::max_size(std::allocator<int> const&)
475 2000
+1 1500
cfi=(27)
cfn=(954) __gnu_cxx::new_allocator<int>::max_size() const
calls=500 113 
* 3000
* 1000

fn=(612) std::allocator_traits<std::allocator<std::vector<char, std::allocator<char> > > >::max_size(std::allocator<std::vector<char, std::allocator<char> > > const&)
475 16
+1 12
cfi=(27)
cfn=(614) __gnu_cxx::new_allocator<std::vector<char, std::allocator<char> > >::max_size() const
calls=4 113 
* 24
* 8

fn=(1002) void std::allocator_traits<std::allocator<int> >::construct<int, int>(std::allocator<int>&, int*, int&&)
454 36300
+1 18150
cfi=(30)
cfn=(988) int&& std::forward<int>(std::remove_reference<int>::type&)
calls=6050 76 
* 36300
* 36300
cfi=(27)
cfn=(1004) void __gnu_cxx::new_allocator<int>::construct<int, int>(int*, int&&)
calls=6050 119 
* 217800
* 18150

fn=(622) std::allocator_traits<std::allocator<std::vector<char, std::allocator<char> > > >::allocate(std::allocator<std::vector<char, std::allocator<char> > >&, unsigned long)
415 10
+1 12
cfi=(27)
cfn=(624) __gnu_cxx::new_allocator<std::vector<char, std::allocator<char> > >::allocate(unsigned long, void const*)
calls=2 99 
* 568
* 4

fn=(1088) std::allocator_traits<std::allocator<std::vector<char, std::allocator<char> > > >::deallocate(std::allocator<std::vector<char, std::allocator<char> > >&, std::vector<char, std::allocator<char> >*, unsigned long)
441 12
+1 12
cfi=(27)
cfn=(1090) __gnu_cxx::new_allocator<std::vector<char, std::allocator<char> > >::deallocate(std::vector<char, std::allocator<char> >*, unsigned long)
calls=2 109 
* 206
* 6

fn=(714) std::allocator_traits<std::allocator<char> >::max_size(std::allocator<char> const&)
475 208
+1 156
cfi=(27)
cfn=(716) __gnu_cxx::new_allocator<char>::max_size() const
calls=52 113 
* 312
* 104

fn=(972) std::allocator_traits<std::allocator<int> >::deallocate(std::allocator<int>&, int*, unsigned long)
441 22200
+1 22200
cfi=(27)
cfn=(974) __gnu_cxx::new_allocator<int>::deallocate(int*, unsigned long)
calls=3700 109 
* 529450
* 11100

fl=(36) /usr/include/c++/6.3.1/bits/stl_iterator.h
fn=(668) bool std::operator==<std::vector<char, std::allocator<char> >*>(std::move_iterator<std::vector<char, std::allocator<char> >*> const&, std::move_iterator<std::vector<char, std::allocator<char> >*> const&)
1119 12
+2 6
cfn=(670) std::move_iterator<std::vector<char, std::allocator<char> >*>::base() const
calls=2 -81 
* 14
* 8
cfn=(670)
calls=2 -81 
* 14
* 12

fn=(700) __gnu_cxx::__normal_iterator<std::vector<char, std::allocator<char> >*, std::vector<std::vector<char, std::allocator<char> >, std::allocator<std::vector<char, std::allocator<char> > > > >::operator-(long) const
837 472805
+1 1418415
cfn=(698) __gnu_cxx::__normal_iterator<std::vector<char, std::allocator<char> >*, std::vector<std::vector<char, std::allocator<char> >, std::allocator<std::vector<char, std::allocator<char> > > > >::__normal_iterator(std::vector<char, std::allocator<char> >* const&)
calls=94561 -62 
* 1040171
* 283683

fn=(1020) decltype (__miter_base(({parm#1}.base)())) std::__miter_base<int*>(std::move_iterator<int*>)
1243 2000
+2 1500
cfn=(1022) std::move_iterator<int*>::base() const
calls=500 1040 
* 3500
* 1000
cfi=(37) /usr/include/c++/6.3.1/bits/cpp_type_traits.h
cfn=(1024) int* std::__miter_base<int*>(int*)
calls=500 408 
* 3000
* 1000

fn=(746) decltype (__miter_base(({parm#1}.base)())) std::__miter_base<char*>(std::move_iterator<char*>)
1243 208
+2 156
cfn=(748) std::move_iterator<char*>::base() const
calls=52 1040 
* 364
* 104
cfi=(37)
cfn=(750) char* std::__miter_base<char*>(char*)
calls=52 408 
* 312
* 104

fn=(666) bool std::operator!=<std::vector<char, std::allocator<char> >*>(std::move_iterator<std::vector<char, std::allocator<char> >*> const&, std::move_iterator<std::vector<char, std::allocator<char> >*> const&)
1131 10
+2 10
cfn=(668)
calls=2 -14 
* 66
* 6

fn=(734) std::move_iterator<char*> std::__make_move_if_noexcept_iterator<char, std::move_iterator<char*> >(char*)
1223 208
+1 260
cfn=(736) std::move_iterator<char*>::move_iterator(char*)
calls=52 1032 
* 520
* 156

fn=(736)
1032 208
+1 312

fn=(1038) int* std::__niter_base<int*, std::vector<int, std::allocator<int> > >(__gnu_cxx::__normal_iterator<int*, std::vector<int, std::allocator<int> > >)
980 400
+1 300
cfn=(876) __gnu_cxx::__normal_iterator<int*, std::vector<int, std::allocator<int> > >::base() const
calls=100 841 
* 600
* 300

fn=(876)
841 306
+1 306

fn=(1022)
1040 1500
+1 2000

fn=(670)
1040 12
+1 16

fn=(698)
776 756488
+1 1323854

fn=(748)
1040 156
+1 208

fn=(656) std::move_iterator<std::vector<char, std::allocator<char> >*> std::__make_move_if_noexcept_iterator<std::vector<char, std::allocator<char> >, std::move_iterator<std::vector<char, std::allocator<char> >*> >(std::vector<char, std::allocator<char> >*)
1223 16
+1 20
cfn=(658) std::move_iterator<std::vector<char, std::allocator<char> >*>::move_iterator(std::vector<char, std::allocator<char> >*)
calls=4 1032 
* 40
* 12

fn=(658)
1032 16
+1 24

fn=(702) __gnu_cxx::__normal_iterator<std::vector<char, std::allocator<char> >*, std::vector<std::vector<char, std::allocator<char> >, std::allocator<std::vector<char, std::allocator<char> > > > >::operator*() const
789 283683
+1 378244

fn=(862) __gnu_cxx::__normal_iterator<int*, std::vector<int, std::allocator<int> > >::__normal_iterator(int* const&)
776 408
+1 714

fn=(1008) std::move_iterator<int*> std::__make_move_if_noexcept_iterator<int, std::move_iterator<int*> >(int*)
1223 2000
+1 2500
cfn=(1010) std::move_iterator<int*>::move_iterator(int*)
calls=500 1032 
* 5000
* 1500

fn=(1010)
1032 2000
+1 3000

fn=(874) __gnu_cxx::__normal_iterator<int*, std::vector<int, std::allocator<int> > >::difference_type __gnu_cxx::operator-<int*, std::vector<int, std::allocator<int> > >(__gnu_cxx::__normal_iterator<int*, std::vector<int, std::allocator<int> > > const&, __gnu_cxx::__normal_iterator<int*, std::vector<int, std::allocator<int> > > const&)
959 6
+3 3
cfn=(876)
calls=1 841 
* 6
* 5
cfn=(876)
calls=1 841 
* 6
* 8

fl=(35) /usr/include/c++/6.3.1/bits/stl_uninitialized.h
fn=(1014) int* std::uninitialized_copy<std::move_iterator<int*>, int*>(std::move_iterator<int*>, std::move_iterator<int*>, int*)
107 1500
+13 250
+6 1500
cfn=(1016) int* std::__uninitialized_copy<true>::__uninit_copy<std::move_iterator<int*>, int*>(std::move_iterator<int*>, std::move_iterator<int*>, int*)
calls=250 -35 
* 45700
+1 500

fn=(660) std::vector<char, std::allocator<char> >* std::__uninitialized_copy_a<std::move_iterator<std::vector<char, std::allocator<char> >*>, std::vector<char, std::allocator<char> >*, std::vector<char, std::allocator<char> > >(std::move_iterator<std::vector<char, std::allocator<char> >*>, std::move_iterator<std::vector<char, std::allocator<char> >*>, std::vector<char, std::allocator<char> >*, std::allocator<std::vector<char, std::allocator<char> > >&)
279 14
+2 12
cfn=(662) std::vector<char, std::allocator<char> >* std::uninitialized_copy<std::move_iterator<std::vector<char, std::allocator<char> >*>, std::vector<char, std::allocator<char> >*>(std::move_iterator<std::vector<char, std::allocator<char> >*>, std::move_iterator<std::vector<char, std::allocator<char> >*>, std::vector<char, std::allocator<char> >*)
calls=2 107 
* 166
* 4

fn=(732) char* std::__uninitialized_move_if_noexcept_a<char*, char*, std::allocator<char> >(char*, char*, char*, std::allocator<char>&)
297 208
+6 78
cfi=(36)
cfn=(734)
calls=26 1223 
* 572
* 104
cfi=(36)
cfn=(734)
calls=26 1223 
* 572
* 26
+1 156
cfn=(738) char* std::__uninitialized_copy_a<std::move_iterator<char*>, char*, char>(std::move_iterator<char*>, std::move_iterator<char*>, char*, std::allocator<char>&)
calls=26 -25 
* 130513
+1 104

fn=(962) int* std::__uninitialized_default_n_1<true>::__uninit_default_n<int*, unsigned long>(int*, unsigned long)
535 17250
+5 24150
cfi=(33) /usr/include/c++/6.3.1/bits/stl_algobase.h
cfn=(964) int* std::fill_n<int*, unsigned long, int>(int*, unsigned long, int const&)
calls=3450 784 
* 1897500
+1 6900

fn=(662)
107 12
+13 2
+6 12
cfn=(664) std::vector<char, std::allocator<char> >* std::__uninitialized_copy<false>::__uninit_copy<std::move_iterator<std::vector<char, std::allocator<char> >*>, std::vector<char, std::allocator<char> >*>(std::move_iterator<std::vector<char, std::allocator<char> >*>, std::move_iterator<std::vector<char, std::allocator<char> >*>, std::vector<char, std::allocator<char> >*)
calls=2 -58 
* 136
+1 4

fn=(958) int* std::__uninitialized_default_n_a<int*, unsigned long, int>(int*, unsigned long, std::allocator<int>&)
635 20700
+2 17250
cfn=(960) int* std::__uninitialized_default_n<int*, unsigned long>(int*, unsigned long)
calls=3450 -71 
* 1990650
* 6900

fn=(654) std::vector<char, std::allocator<char> >* std::__uninitialized_move_if_noexcept_a<std::vector<char, std::allocator<char> >*, std::vector<char, std::allocator<char> >*, std::allocator<std::vector<char, std::allocator<char> > > >(std::vector<char, std::allocator<char> >*, std::vector<char, std::allocator<char> >*, std::vector<char, std::allocator<char> >*, std::allocator<std::vector<char, std::allocator<char> > >&)
297 16
+6 6
cfi=(36)
cfn=(656)
calls=2 1223 
* 44
* 8
cfi=(36)
cfn=(656)
calls=2 1223 
* 44
* 2
+1 12
cfn=(660)
calls=2 -25 
* 196
+1 8

fn=(742) char* std::__uninitialized_copy<true>::__uninit_copy<std::move_iterator<char*>, char*>(std::move_iterator<char*>, std::move_iterator<char*>, char*)
91 156
+2 156
cfi=(33)
cfn=(744) char* std::copy<std::move_iterator<char*>, char*>(std::move_iterator<char*>, std::move_iterator<char*>, char*)
calls=26 446 
* 129369
* 52

fn=(1006) int* std::__uninitialized_move_if_noexcept_a<int*, int*, std::allocator<int> >(int*, int*, int*, std::allocator<int>&)
297 2000
+6 750
cfi=(36)
cfn=(1008)
calls=250 1223 
* 5500
* 1000
cfi=(36)
cfn=(1008)
calls=250 1223 
* 5500
* 250
+1 1500
cfn=(1012) int* std::__uninitialized_copy_a<std::move_iterator<int*>, int*, int>(std::move_iterator<int*>, std::move_iterator<int*>, int*, std::allocator<int>&)
calls=250 -25 
* 53200
+1 1000

fn=(664)
68 14
+3 4
+3 10
cfi=(36)
cfn=(666)
calls=2 1131 
* 92
* 4
+2 4
+7 8

fn=(738)
279 182
+2 156
cfn=(740) char* std::uninitialized_copy<std::move_iterator<char*>, char*>(std::move_iterator<char*>, std::move_iterator<char*>, char*)
calls=26 107 
* 130123
* 52

fn=(740)
107 156
+13 26
+6 156
cfn=(742)
calls=26 -35 
* 129733
+1 52

fn=(960)
566 17250
+5 3450
+4 17250
cfn=(962)
calls=3450 -40 
* 1945800
+1 6900

fn=(1016)
91 1500
+2 1500
cfi=(33)
cfn=(1018) int* std::copy<std::move_iterator<int*>, int*>(std::move_iterator<int*>, std::move_iterator<int*>, int*)
calls=250 446 
* 42200
* 500

fn=(1012)
279 1750
+2 1500
cfn=(1014)
calls=250 107 
* 49450
* 500

fl=(34) /usr/include/c++/6.3.1/new
fn=(630) operator new(unsigned long, void*)
147 704291

fl=(33)
fn=(744)
446 182
+9 78
cfi=(36)
cfn=(746)
calls=26 1243 
* 624
* 104
cfi=(36)
cfn=(746)
calls=26 1243 
* 624
* 26
+1 130
cfn=(752) char* std::__copy_move_a2<true, char*, char*>(char*, char*, char*)
calls=26 -36 
* 127497
+1 104

fn=(752)
420 208
+2 78
cfn=(754) char* std::__niter_base<char*>(char*)
calls=26 277 
* 156
* 104
cfn=(754)
calls=26 277 
* 156
* 104
cfn=(754)
calls=26 277 
* 156
+2 104
cfn=(756) char* std::__copy_move_a<true, char*, char*>(char*, char*, char*)
calls=26 -49 
* 126301
+1 130

fn=(1032) int* std::copy<__gnu_cxx::__normal_iterator<int*, std::vector<int, std::allocator<int> > >, int*>(__gnu_cxx::__normal_iterator<int*, std::vector<int, std::allocator<int> > >, __gnu_cxx::__normal_iterator<int*, std::vector<int, std::allocator<int> > >, int*)
446 350
+9 150
cfi=(37)
cfn=(1034) __gnu_cxx::__normal_iterator<int*, std::vector<int, std::allocator<int> > > std::__miter_base<__gnu_cxx::__normal_iterator<int*, std::vector<int, std::allocator<int> > > >(__gnu_cxx::__normal_iterator<int*, std::vector<int, std::allocator<int> > >)
calls=50 -47 
* 300
* 200
cfi=(37)
cfn=(1034)
calls=50 -47 
* 300
* 50
+1 250
cfn=(1036) int* std::__copy_move_a2<false, __gnu_cxx::__normal_iterator<int*, std::vector<int, std::allocator<int> > >, int*>(__gnu_cxx::__normal_iterator<int*, std::vector<int, std::allocator<int> > >, __gnu_cxx::__normal_iterator<int*, std::vector<int, std::allocator<int> > >, int*)
calls=50 -36 
* 6150
+1 200

fn=(756)
375 156
+8 26
+3 156
cfn=(758) char* std::__copy_move<true, true, std::random_access_iterator_tag>::__copy_m<char>(char const*, char const*, char*)
calls=26 -29 
* 125911
+1 52

fn=(1028) int* std::__copy_move_a<true, int*, int*>(int*, int*, int*)
375 1500
+8 250
+3 1500
cfn=(1030) int* std::__copy_move<true, true, std::random_access_iterator_tag>::__copy_m<int>(int const*, int const*, int*)
calls=250 -29 
* 8950
+1 500

fn=(1036)
420 400
+2 150
cfn=(966) int* std::__niter_base<int*>(int*)
calls=50 277 
* 300
* 200
cfi=(36)
cfn=(1038)
calls=50 980 
* 800
* 200
cfi=(36)
cfn=(1038)
calls=50 980 
* 800
+2 200
cfn=(1040) int* std::__copy_move_a<false, int*, int*>(int*, int*, int*)
calls=50 -49 
* 2850
+1 250

fn=(1042) int* std::__copy_move<false, true, std::random_access_iterator_tag>::__copy_m<int>(int const*, int const*, int*)
357 300
+9 300
+1 100
+1 350
cob=(3)
cfi=(3)
cfn=(764)
calls=50 0 
* 700
* 50
+1 200
+1 100

fn=(968) __gnu_cxx::__enable_if<std::__is_scalar<int>::__value, int*>::__type std::__fill_n_a<int*, unsigned long, int>(int*, unsigned long, int const&)
749 17250
+2 10350
+1 6900
+1 448500
+1 662400
-2 662400
+3 3450
+1 6900

fn=(1026) int* std::__copy_move_a2<true, int*, int*>(int*, int*, int*)
420 2000
+2 750
cfn=(966)
calls=250 277 
* 1500
* 1000
cfn=(966)
calls=250 277 
* 1500
* 1000
cfn=(966)
calls=250 277 
* 1500
+2 1000
cfn=(1028)
calls=250 -49 
* 12700
+1 1250

fn=(618) unsigned long const& std::max<unsigned long>(unsigned long const&, unsigned long const&)
219 1112
+5 1668
+1 108
+1 224
+1 556

fn=(754)
277 234
+1 234

fn=(758)
357 156
+9 130
+1 52
+1 144
cob=(3)
cfi=(3)
cfn=(764)
calls=23 0 
* 124033
cob=(1)
cfi=(1)
cfn=(286)
calls=1 0 
* 1238
* 28
+1 78
+1 52

fn=(964)
784 20700
+5 10350
cfn=(966)
calls=3450 277 
* 20700
* 20700
cfn=(968)
calls=3450 -40 
* 1818150
+1 6900

fn=(1030)
357 1500
+9 1500
+1 500
+1 1400
cob=(3)
cfi=(3)
cfn=(764)
calls=200 0 
* 2350
* 200
+1 1000
+1 500

fn=(1040)
375 300
+8 50
+3 300
cfn=(1042)
calls=50 -29 
* 2100
+1 100

fn=(966)
277 12750
+1 12750

fn=(1018)
446 1750
+9 750
cfi=(36)
cfn=(1020)
calls=250 1243 
* 6000
* 1000
cfi=(36)
cfn=(1020)
calls=250 1243 
* 6000
* 250
+1 1250
cfn=(1026)
calls=250 -36 
* 24200
+1 1000

fl=(28) /usr/include/c++/6.3.1/bits/stl_construct.h
fn=(522) void std::_Destroy<std::vector<char, std::allocator<char> >*, std::vector<char, std::allocator<char> > >(std::vector<char, std::allocator<char> >*, std::vector<char, std::allocator<char> >*, std::allocator<std::vector<char, std::allocator<char> > >&)
148 36
+3 30
cfn=(524) void std::_Destroy<std::vector<char, std::allocator<char> >*>(std::vector<char, std::allocator<char> >*, std::vector<char, std::allocator<char> >*)
calls=6 -29 
* 1449
+1 18

fn=(524)
122 30
+4 30
cfn=(526) void std::_Destroy_aux<false>::__destroy<std::vector<char, std::allocator<char> >*>(std::vector<char, std::allocator<char> >*, std::vector<char, std::allocator<char> >*)
calls=6 -26 
* 1371
+2 18

fn=(526)
100 30
+2 24
+1 6
cfi=(30)
cfn=(1082) std::vector<char, std::allocator<char> >* std::__addressof<std::vector<char, std::allocator<char> > >(std::vector<char, std::allocator<char> >&)
calls=2 -56 
* 12
* 4
cfn=(1084) void std::_Destroy<std::vector<char, std::allocator<char> > >(std::vector<char, std::allocator<char> >*)
calls=2 -11 
* 1273
-1 4
+2 18

fn=(882) void std::_Destroy<int*>(int*, int*)
122 34010
+4 34010
cfn=(884) void std::_Destroy_aux<true>::__destroy<int*>(int*, int*)
calls=6802 -14 
* 47614
+2 20406

fn=(884)
112 47614

fn=(1084)
92 8
+1 6
cfi=(25) /usr/include/c++/6.3.1/bits/stl_vector.h
cfn=(674) std::vector<char, std::allocator<char> >::~vector()
calls=2 425 
* 1253
* 6

fn=(676) void std::_Destroy<char*, char>(char*, char*, std::allocator<char>&)
148 180
+3 150
cfn=(678) void std::_Destroy<char*>(char*, char*)
calls=30 -29 
* 600
+1 90

fn=(678)
122 150
+4 150
cfn=(680) void std::_Destroy_aux<true>::__destroy<char*>(char*, char*)
calls=30 -14 
* 210
+2 90

fn=(680)
112 210

fn=(880) void std::_Destroy<int*, int>(int*, int*, std::allocator<int>&)
148 40812
+3 34010
cfn=(882)
calls=6802 -29 
* 136040
+1 20406

fl=(40) /usr/include/c++/6.3.1/bits/stl_queue.h
fn=(836) std::priority_queue<int, std::vector<int, std::allocator<int> >, std::less<int> >::priority_queue(std::less<int> const&, std::vector<int, std::allocator<int> >&&)
444 8
+2 3
cfi=(30)
cfn=(838) std::remove_reference<std::vector<int, std::allocator<int> >&>::type&& std::move<std::vector<int, std::allocator<int> >&>(std::vector<int, std::allocator<int> >&)
calls=1 101 
* 6
* 5
cfi=(25)
cfn=(840) std::vector<int, std::allocator<int> >::vector(std::vector<int, std::allocator<int> >&&)
calls=1 337 
* 261
+1 3
cfi=(25)
cfn=(860) std::vector<int, std::allocator<int> >::end()
calls=1 566 
* 24
* 4
cfi=(25)
cfn=(864) std::vector<int, std::allocator<int> >::begin()
calls=1 548 
* 23
* 5
cfi=(41) /usr/include/c++/6.3.1/bits/stl_heap.h
cfn=(866) void std::make_heap<__gnu_cxx::__normal_iterator<int*, std::vector<int, std::allocator<int> > >, std::less<int> >(__gnu_cxx::__normal_iterator<int*, std::vector<int, std::allocator<int> > >, __gnu_cxx::__normal_iterator<int*, std::vector<int, std::allocator<int> > >, std::less<int>)
calls=1 -68 
* 94
* 7

fn=(1104) std::priority_queue<int, std::vector<int, std::allocator<int> >, std::less<int> >::~priority_queue()
397 7
cfi=(25)
cfn=(878) std::vector<int, std::allocator<int> >::~vector()
calls=1 +28 
* 123
* 3

fn=(1066) std::priority_queue<int, std::vector<int, std::allocator<int> >, std::less<int> >::size() const
535 4
+1 3
cfi=(25)
cfn=(1000) std::vector<int, std::allocator<int> >::size() const
calls=1 655 
* 13
* 2

fl=(25)
fn=(518) std::vector<std::vector<char, std::allocator<char> >, std::allocator<std::vector<char, std::allocator<char> > > >::_M_erase_at_end(std::vector<char, std::allocator<char> >*)
1434 10
+2 6
cfn=(520) std::_Vector_base<std::vector<char, std::allocator<char> >, std::allocator<std::vector<char, std::allocator<char> > > >::_M_get_Tp_allocator()
calls=2 113 
* 12
* 14
cfi=(28)
cfn=(522)
calls=2 148 
* 76
+1 6
+1 6

fn=(596) std::vector<std::vector<char, std::allocator<char> >, std::allocator<std::vector<char, std::allocator<char> > > >::push_back(std::vector<char, std::allocator<char> >&&)
932 10
+1 6
cfi=(30)
cfn=(598) std::remove_reference<std::vector<char, std::allocator<char> >&>::type&& std::move<std::vector<char, std::allocator<char> >&>(std::vector<char, std::allocator<char> >&)
calls=2 101 
* 12
* 10
cfi=(31) /usr/include/c++/6.3.1/bits/vector.tcc
cfn=(600) void std::vector<std::vector<char, std::allocator<char> >, std::allocator<std::vector<char, std::allocator<char> > > >::emplace_back<std::vector<char, std::allocator<char> > >(std::vector<char, std::allocator<char> >&&)
calls=2 91 
* 3380
* 6

fn=(634) std::_Vector_base<char, std::allocator<char> >::_Vector_base(std::_Vector_base<char, std::allocator<char> >&&)
142 10
+1 6
cfn=(636) std::_Vector_base<char, std::allocator<char> >::_M_get_Tp_allocator()
calls=2 -30 
* 12
* 4
cfi=(30)
cfn=(638) std::remove_reference<std::allocator<char>&>::type&& std::move<std::allocator<char>&>(std::allocator<char>&)
calls=2 -42 
* 12
* 10
cfn=(640) std::_Vector_base<char, std::allocator<char> >::_Vector_impl::_Vector_impl(std::allocator<char>&&)
calls=2 -48 
* 1052
+1 10
cfn=(648) std::_Vector_base<char, std::allocator<char> >::_Vector_impl::_M_swap_data(std::_Vector_base<char, std::allocator<char> >::_Vector_impl&)
calls=2 -43 
* 312
* 6

fn=(648)
101 10
+2 10
cfi=(30)
cfn=(650) std::enable_if<std::__and_<std::is_move_constructible<char*>, std::is_move_assignable<char*> >::value, void>::type std::swap<char*>(char*&, char*&)
calls=2 +76 
* 86
+1 14
cfi=(30)
cfn=(650)
calls=2 +75 
* 86
+1 14
cfi=(30)
cfn=(650)
calls=2 +74 
* 86
+1 6

fn=(812) std::vector<char, std::allocator<char> >::data()
891 8
+1 12
cfn=(814) char* std::vector<char, std::allocator<char> >::_M_data_ptr<char>(char*) const
calls=2 1481 
* 14
* 4

fn=(830) std::_Vector_base<int, std::allocator<int> >::_Vector_impl::_Vector_impl()
86 204
+1 153
cfi=(26) /usr/include/c++/6.3.1/bits/allocator.h
cfn=(832) std::allocator<int>::allocator()
calls=51 +44 
* 816
* 306
+1 153

fn=(942) std::_Vector_base<int, std::allocator<int> >::_Vector_base(unsigned long, std::allocator<int> const&)
134 24150
+1 17250
cfn=(944) std::_Vector_base<int, std::allocator<int> >::_Vector_impl::_Vector_impl(std::allocator<int> const&)
calls=3450 -45 
* 134550
+1 17250
cfn=(946) std::_Vector_base<int, std::allocator<int> >::_M_create_storage(unsigned long)
calls=3450 +47 
* 1396650
* 17250

fn=(944)
90 17250
+1 17250
cfi=(26)
cfn=(850) std::allocator<int>::allocator(std::allocator<int> const&)
calls=3450 +42 
* 69000
* 20700
+1 10350

fn=(970) std::vector<int, std::allocator<int> >::operator[](unsigned long)
780 1493000
+1 2612750

fn=(980) std::vector<int, std::allocator<int> >::_M_erase_at_end(int*)
1434 15250
+2 9150
cfn=(844) std::_Vector_base<int, std::allocator<int> >::_M_get_Tp_allocator()
calls=3050 113 
* 18300
* 21350
cfi=(28)
cfn=(880)
calls=3050 148 
* 103700
+1 9150
+1 9150

fn=(982) std::vector<int, std::allocator<int> >::push_back(int&&)
932 30250
+1 18150
cfi=(30)
cfn=(984) std::remove_reference<int&>::type&& std::move<int&>(int&)
calls=6050 101 
* 36300
* 30250
cfi=(31)
cfn=(986) void std::vector<int, std::allocator<int> >::emplace_back<int>(int&&)
calls=6050 91 
* 826571
* 18150

fn=(992) std::vector<int, std::allocator<int> >::_M_check_len(unsigned long, char const*) const
1420 1750
+2 750
cfn=(994) std::vector<int, std::allocator<int> >::max_size() const
calls=250 660 
* 8000
* 1000
cfn=(1000)
calls=250 655 
* 3250
* 1750
+3 750
cfn=(1000)
calls=250 655 
* 3250
* 1000
cfn=(1000)
calls=250 655 
* 3250
* 1500
cfi=(33)
cfn=(618)
calls=250 219 
* 3300
* 750
+1 750
cfn=(1000)
calls=250 655 
* 3250
* 1250
cfn=(994)
calls=250 660 
* 8000
* 750
+1 1000

fn=(1000)
655 4053
+1 13510

fn=(500) std::_Vector_base<std::vector<char, std::allocator<char> >, std::allocator<std::vector<char, std::allocator<char> > > >::_Vector_impl::_Vector_impl()
86 8
+1 6
cfi=(26)
cfn=(502) std::allocator<std::vector<char, std::allocator<char> > >::allocator()
calls=2 +44 
* 32
* 12
+1 6

fn=(520)
113 24
+1 24

fn=(826) std::vector<int, std::allocator<int> >::vector()
255 204
+4 153
cfn=(828) std::_Vector_base<int, std::allocator<int> >::_Vector_base()
calls=51 124 
* 2142
* 153

fn=(840)
337 5
+1 3
cfi=(30)
cfn=(838)
calls=1 101 
* 6
* 5
cfn=(842) std::_Vector_base<int, std::allocator<int> >::_Vector_base(std::_Vector_base<int, std::allocator<int> >&&)
calls=1 142 
* 239
* 3

fn=(940) std::vector<int, std::allocator<int> >::vector(unsigned long, std::allocator<int> const&)
279 24150
+1 20700
cfn=(942)
calls=3450 134 
* 1607100
+1 17250
cfn=(956) std::vector<int, std::allocator<int> >::_M_default_initialize(unsigned long)
calls=3450 1306 
* 2128650
* 17250

fn=(946)
183 17250
+2 17250
cfn=(948) std::_Vector_base<int, std::allocator<int> >::_M_allocate(unsigned long)
calls=3450 -18 
* 1303500
* 10350
+1 13800
+1 24150
+1 10350

fn=(956)
1306 17250
+4 10350
cfn=(844)
calls=3450 113 
* 20700
* 3450
-1 20700
cfi=(35)
cfn=(958)
calls=3450 635 
* 2035500
* 3450
-1 6900
+3 10350

fn=(978) std::vector<int, std::allocator<int> >::clear()
1209 12200
+1 18300
cfn=(980)
calls=3050 1434 
* 186050
* 9150

fn=(496) std::vector<std::vector<char, std::allocator<char> >, std::allocator<std::vector<char, std::allocator<char> > > >::vector()
255 8
+4 6
cfn=(498) std::_Vector_base<std::vector<char, std::allocator<char> >, std::allocator<std::vector<char, std::allocator<char> > > >::_Vector_base()
calls=2 124 
* 84
* 6

fn=(586) std::_Vector_base<char, std::allocator<char> >::_Vector_base()
124 8
+1 6
cfn=(588) std::_Vector_base<char, std::allocator<char> >::_Vector_impl::_Vector_impl()
calls=2 -39 
* 1043
* 6

fn=(632) std::vector<char, std::allocator<char> >::vector(std::vector<char, std::allocator<char> >&&)
337 10
+1 6
cfi=(30)
cfn=(598)
calls=2 101 
* 12
* 10
cfn=(634)
calls=2 142 
* 1434
* 6

fn=(718) std::vector<char, std::allocator<char> >::size() const
655 399
+1 1197

fn=(844)
113 31509
+1 31509

fn=(616) std::vector<std::vector<char, std::allocator<char> >, std::allocator<std::vector<char, std::allocator<char> > > >::size() const
655 33
+1 143

fn=(636)
113 174
+1 174

fn=(672) std::_Vector_base<std::vector<char, std::allocator<char> >, std::allocator<std::vector<char, std::allocator<char> > > >::_M_deallocate(std::vector<char, std::allocator<char> >*, unsigned long)
174 24
+3 8
+1 12
cfi=(32)
cfn=(1088)
calls=2 441 
* 236
+1 12

fn=(696) std::vector<std::vector<char, std::allocator<char> >, std::allocator<std::vector<char, std::allocator<char> > > >::end()
566 378244
+1 567366
cfi=(36)
cfn=(698)
calls=94561 776 
* 1040171
* 283683

fn=(708) std::vector<char, std::allocator<char> >::_M_check_len(unsigned long, char const*) const
1420 182
+2 78
cfn=(710) std::vector<char, std::allocator<char> >::max_size() const
calls=26 660 
* 832
* 104
cfn=(718)
calls=26 655 
* 312
* 182
+3 78
cfn=(718)
calls=26 655 
* 312
* 104
cfn=(718)
calls=26 655 
* 312
* 156
cfi=(33)
cfn=(618)
calls=26 219 
* 340
* 78
+1 78
cfn=(718)
calls=26 655 
* 312
* 130
cfn=(710)
calls=26 660 
* 832
* 78
+1 104

fn=(848) std::_Vector_base<int, std::allocator<int> >::_Vector_impl::_Vector_impl(std::allocator<int>&&)
95 5
+1 3
cfi=(30)
cfn=(846) std::remove_reference<std::allocator<int>&>::type&& std::move<std::allocator<int>&>(std::allocator<int>&)
calls=1 +5 
* 6
* 1
+1 4
cfi=(26)
cfn=(850)
calls=1 +36 
* 20
* 6
+1 3

fn=(994)
660 2000
+1 1500
cfn=(996) std::_Vector_base<int, std::allocator<int> >::_M_get_Tp_allocator() const
calls=500 117 
* 3000
* 1000
cfi=(32)
cfn=(998)
calls=500 475 
* 7500
* 1000

fn=(996)
117 1500
+1 1500

fn=(498)
124 8
+1 6
cfn=(500)
calls=2 -39 
* 64
* 6

fn=(608) std::vector<std::vector<char, std::allocator<char> >, std::allocator<std::vector<char, std::allocator<char> > > >::max_size() const
660 16
+1 12
cfn=(610) std::_Vector_base<std::vector<char, std::allocator<char> >, std::allocator<std::vector<char, std::allocator<char> > > >::_M_get_Tp_allocator() const
calls=4 117 
* 24
* 8
cfi=(32)
cfn=(612)
calls=4 475 
* 60
* 8

fn=(620) std::_Vector_base<std::vector<char, std::allocator<char> >, std::allocator<std::vector<char, std::allocator<char> > > >::_M_allocate(unsigned long)
167 10
+3 14
cfi=(32)
cfn=(622)
calls=2 415 
* 594
* 2
+1 4

fn=(640)
95 10
+1 6
cfi=(30)
cfn=(638)
calls=2 +5 
* 12
* 2
+1 8
cob=(7)
cfi=(29)
cfn=(646)
calls=1 +36 
* 1
cob=(1)
cfi=(1)
cfn=(286)
calls=1 -97 
* 989
* 6
* 12
+1 6

fn=(682) std::_Vector_base<char, std::allocator<char> >::~_Vector_base()
159 16
+1 8
+1 20
-1 28
cfn=(684) std::_Vector_base<char, std::allocator<char> >::_M_deallocate(char*, unsigned long)
calls=4 +14 
* 1081
+1 12
cfn=(686) std::_Vector_base<char, std::allocator<char> >::_Vector_impl::~_Vector_impl()
calls=4 -82 
* 992
* 12

fn=(720) std::_Vector_base<char, std::allocator<char> >::_M_allocate(unsigned long)
167 130
+3 182
cfi=(32)
cfn=(722)
calls=26 415 
* 6798
* 26
+1 52

fn=(814)
1481 8
+1 6

fn=(854) std::_Vector_base<int, std::allocator<int> >::_Vector_impl::_M_swap_data(std::_Vector_base<int, std::allocator<int> >::_Vector_impl&)
101 5
+2 5
cfi=(30)
cfn=(856) std::enable_if<std::__and_<std::is_move_constructible<int*>, std::is_move_assignable<int*> >::value, void>::type std::swap<int*>(int*&, int*&)
calls=1 +76 
* 43
+1 7
cfi=(30)
cfn=(856)
calls=1 +75 
* 43
+1 7
cfi=(30)
cfn=(856)
calls=1 +74 
* 43
+1 3

fn=(864)
548 204
+1 255
cfi=(36)
cfn=(862)
calls=51 776 
* 561
* 153

fn=(948)
167 18500
+3 25900
cfi=(32)
cfn=(950)
calls=3700 415 
* 1312971
* 3700
+1 7400

fn=(828)
124 204
+1 153
cfn=(830)
calls=51 -39 
* 1632
* 153

fn=(886) std::_Vector_base<int, std::allocator<int> >::~_Vector_base()
159 14008
+1 7004
+1 17510
-1 28016
cfn=(888) std::_Vector_base<int, std::allocator<int> >::_M_deallocate(int*, unsigned long)
calls=3502 +14 
* 620872
+1 10506
cfn=(890) std::_Vector_base<int, std::allocator<int> >::_Vector_impl::~_Vector_impl()
calls=3502 -82 
* 91052
* 10506

fn=(1080) std::vector<std::vector<char, std::allocator<char> >, std::allocator<std::vector<char, std::allocator<char> > > >::~vector()
425 8
+2 6
cfn=(520)
calls=2 113 
* 12
* 2
-1 14
cfi=(28)
cfn=(522)
calls=2 148 
* 1381
+1 6
cfn=(1086) std::_Vector_base<std::vector<char, std::allocator<char> >, std::allocator<std::vector<char, std::allocator<char> > > >::~_Vector_base()
calls=2 159 
* 378
* 6

fn=(1092) std::_Vector_base<std::vector<char, std::allocator<char> >, std::allocator<std::vector<char, std::allocator<char> > > >::_Vector_impl::~_Vector_impl()
79 14
cfi=(26)
cfn=(1094) std::allocator<std::vector<char, std::allocator<char> > >::~allocator()
calls=2 +60 
* 32
* 6

fn=(588)
86 8
+1 6
cob=(7)
cfi=(29)
cfn=(594)
calls=1 +44 
* 1
cob=(1)
cfi=(1)
cfn=(286)
calls=1 -87 
* 1004
* 6
* 12
+1 6

fn=(610)
117 12
+1 12

fn=(686)
79 28
cob=(7)
cfi=(29)
cfn=(692)
calls=3 +60 
* 3
cob=(1)
cfi=(1)
cfn=(286)
calls=1 -79 
* 941
* 8
* 12

fn=(710)
660 208
+1 156
cfn=(712) std::_Vector_base<char, std::allocator<char> >::_M_get_Tp_allocator() const
calls=52 117 
* 312
* 104
cfi=(32)
cfn=(714)
calls=52 475 
* 780
* 104

fn=(712)
117 156
+1 156

fn=(806) std::vector<std::vector<char, std::allocator<char> >, std::allocator<std::vector<char, std::allocator<char> > > >::operator[](unsigned long)
780 20
+1 50

fn=(860)
566 204
+1 306
cfi=(36)
cfn=(862)
calls=51 776 
* 561
* 153

fn=(584) std::vector<char, std::allocator<char> >::vector()
255 8
+4 6
cfn=(586)
calls=2 124 
* 1063
* 6

fn=(674)
425 16
+2 12
cfn=(636)
calls=4 113 
* 24
* 4
-1 28
cfi=(28)
cfn=(676)
calls=4 148 
* 136
+1 12
cfn=(682)
calls=4 159 
* 2169
* 12

fn=(684)
174 180
+3 60
+1 156
cfi=(32)
cfn=(766)
calls=26 441 
* 6716
+1 90

fn=(890)
79 24514
cfi=(26)
cfn=(892) std::allocator<int>::~allocator()
calls=3502 +60 
* 56032
* 10506

fn=(516) std::vector<std::vector<char, std::allocator<char> >, std::allocator<std::vector<char, std::allocator<char> > > >::clear()
1209 8
+1 12
cfn=(518)
calls=2 1434 
* 130
* 6

fn=(606) std::vector<std::vector<char, std::allocator<char> >, std::allocator<std::vector<char, std::allocator<char> > > >::_M_check_len(unsigned long, char const*) const
1420 14
+2 6
cfn=(608)
calls=2 660 
* 64
* 8
cfn=(616)
calls=2 655 
* 32
* 14
+3 6
cfn=(616)
calls=2 655 
* 32
* 8
cfn=(616)
calls=2 655 
* 32
* 12
cfi=(33)
cfn=(618)
calls=2 219 
* 28
* 6
+1 6
cfn=(616)
calls=2 655 
* 32
* 10
cfn=(608)
calls=2 660 
* 64
* 6
+1 8

fn=(694) std::vector<std::vector<char, std::allocator<char> >, std::allocator<std::vector<char, std::allocator<char> > > >::back()
868 378244
+1 283683
cfn=(696)
calls=94561 566 
* 2269464
* 472805
cfi=(36)
cfn=(700)
calls=94561 -32 
* 3215074
* 378244
cfi=(36)
cfn=(702)
calls=94561 -80 
* 661927
* 189122

fn=(704) std::vector<char, std::allocator<char> >::push_back(char const&)
914 472805
+2 567366
+2 661745
cfi=(32)
cfn=(728)
calls=94535 454 
* 5672100
+2 472675
+8 94535
-4 130
cfi=(31)
cfn=(706) void std::vector<char, std::allocator<char> >::_M_emplace_back_aux<char const&>(char const&)
calls=26 407 
* 155810
+4 283683

fn=(842)
142 5
+1 3
cfn=(844)
calls=1 -30 
* 6
* 2
cfi=(30)
cfn=(846)
calls=1 -42 
* 6
* 5
cfn=(848)
calls=1 -48 
* 48
+1 5
cfn=(854)
calls=1 -43 
* 156
* 3

fn=(878)
425 14008
+2 10506
cfn=(844)
calls=3502 113 
* 21012
* 3502
-1 24514
cfi=(28)
cfn=(880)
calls=3502 148 
* 119068
+1 10506
cfn=(886)
calls=3502 159 
* 799474
* 10506

fn=(888)
174 22512
+3 7504
+1 22200
cfi=(32)
cfn=(972)
calls=3700 441 
* 584950
+1 11256

fn=(1086)
159 8
+1 4
+1 10
-1 22
cfn=(672)
calls=2 +14 
* 270
+1 6
cfn=(1092)
calls=2 -82 
* 52
* 6

fl=(31)
fn=(604) void std::vector<std::vector<char, std::allocator<char> >, std::allocator<std::vector<char, std::allocator<char> > > >::_M_emplace_back_aux<std::vector<char, std::allocator<char> > >(std::vector<char, std::allocator<char> >&&)
407 12
+4 10
cfi=(25)
cfn=(606)
calls=2 1420 
* 388
* 2
+1 10
cfi=(25)
cfn=(620)
calls=2 167 
* 624
* 2
+1 4
+3 6
cfi=(30)
cfn=(602)
calls=2 76 
* 12
* 8
cfi=(25)
cfn=(616)
calls=2 655 
* 32
* 26
cfi=(32)
cfn=(626)
calls=2 +38 
* 1602
+2 2
+5 6
cfi=(25)
cfn=(520)
calls=2 113 
* 12
* 2
-1 8
-2 6
cfi=(35)
cfn=(654)
calls=2 297 
* 336
* 2
+5 2
+12 6
cfi=(25)
cfn=(520)
calls=2 113 
* 12
* 2
-1 14
cfi=(28)
cfn=(522)
calls=2 148 
* 76
+3 4
+1 10
-2 22
cfi=(25)
cfn=(672)
calls=2 174 
* 22
+3 6
+1 6
+1 20
+1 10

fn=(986)
91 30250
+3 36300
+2 17400
cfi=(30)
cfn=(988)
calls=5800 -20 
* 34800
* 40600
cfi=(32)
cfn=(1002)
calls=5800 454 
* 348000
+2 29000
+4 5800
-1 750
cfi=(30)
cfn=(988)
calls=250 -25 
* 1500
* 1250
cfn=(990) void std::vector<int, std::allocator<int> >::_M_emplace_back_aux<int>(int&&)
calls=250 407 
* 262771
+1 18150

fn=(600)
91 10
+3 12
+7 6
cfi=(30)
cfn=(602)
calls=2 -25 
* 12
* 10
cfn=(604)
calls=2 407 
* 3324
+1 6

fn=(706)
407 156
+4 130
cfi=(25)
cfn=(708)
calls=26 1420 
* 4604
* 26
+1 130
cfi=(25)
cfn=(720)
calls=26 167 
* 7188
* 26
+1 52
+3 78
cfi=(30)
cfn=(726)
calls=26 76 
* 156
* 104
cfi=(25)
cfn=(718)
calls=26 655 
* 312
* 208
cfi=(32)
cfn=(728)
calls=26 +38 
* 1560
+2 26
+5 78
cfi=(25)
cfn=(636)
calls=26 113 
* 156
* 26
-1 104
-2 78
cfi=(35)
cfn=(732)
calls=26 297 
* 132333
* 26
+5 26
+12 78
cfi=(25)
cfn=(636)
calls=26 113 
* 156
* 26
-1 182
cfi=(28)
cfn=(676)
calls=26 148 
* 884
+3 52
+1 130
-2 182
cfi=(25)
cfn=(684)
calls=26 174 
* 6121
+3 78
+1 78
+1 130
+1 130

fn=(990)
407 1500
+4 1250
cfi=(25)
cfn=(992)
calls=250 1420 
* 45300
* 250
+1 1250
cfi=(25)
cfn=(948)
calls=250 167 
* 64971
* 250
+1 500
+3 750
cfi=(30)
cfn=(988)
calls=250 76 
* 1500
* 1000
cfi=(25)
cfn=(1000)
calls=250 655 
* 3250
* 2000
cfi=(32)
cfn=(1002)
calls=250 +38 
* 15000
+2 250
+5 750
cfi=(25)
cfn=(844)
calls=250 113 
* 1500
* 250
-1 1000
-2 750
cfi=(35)
cfn=(1006)
calls=250 297 
* 70700
* 250
+5 250
+12 750
cfi=(25)
cfn=(844)
calls=250 113 
* 1500
* 250
-1 1750
cfi=(28)
cfn=(880)
calls=250 148 
* 8500
+3 500
+1 1250
-2 2000
cfi=(25)
cfn=(888)
calls=250 174 
* 27550
+3 750
+1 750
+1 1500
+1 1250

fl=(26)
fn=(850)
133 17255
+1 17255
cfi=(27)
cfn=(852) __gnu_cxx::new_allocator<int>::new_allocator(__gnu_cxx::new_allocator<int> const&)
calls=3451 -53 
* 24157
* 10353

fn=(892)
139 48664
cfi=(27)
cfn=(894) __gnu_cxx::new_allocator<int>::~new_allocator()
calls=6952 -53 
* 41712
* 20856

fn=(1094)
139 14
cfi=(27)
cfn=(1096) __gnu_cxx::new_allocator<std::vector<char, std::allocator<char> > >::~new_allocator()
calls=2 -53 
* 12
* 6

fn=(502)
131 14
cfi=(27)
cfn=(504) __gnu_cxx::new_allocator<std::vector<char, std::allocator<char> > >::new_allocator()
calls=2 -52 
* 12
* 6

fn=(832)
131 24507
cfi=(27)
cfn=(834) __gnu_cxx::new_allocator<int>::new_allocator()
calls=3501 -52 
* 21006
* 10503

fl=(23)
fn=(514) readFastaSequences(char const*, std::vector<std::vector<char, std::allocator<char> >, std::allocator<std::vector<char, std::allocator<char> > > >*)
287 20
+37 4
-36 6
cfi=(25)
cfn=(516)
calls=2 1209 
* 156
+2 8
cob=(3)
cfi=(3)
cfn=(532)
calls=1 0 
* 632
cob=(1)
cfi=(1)
cfn=(286)
calls=1 0 
* 1740
* 6
* 2
+1 4
+3 2
+1 2
+1 2
+1 48
+1 6
cob=(3)
cfi=(3)
cfn=(560)
calls=1 0 
* 32
cob=(1)
cfi=(1)
cfn=(286)
calls=1 0 
* 1286
* 6
* 75
cob=(3)
cfi=(3)
cfn=(560)
calls=25 0 
* 800
* 25
* 108
+1 175
cob=(3)
cfi=(3)
cfn=(566)
calls=24 0 
* 4402
cob=(1)
cfi=(1)
cfn=(286)
calls=1 0 
* 1842
* 29
* 25
+1 287911
+1 479685
+1 191874
+1 72
+1 2
+2 287739
+1 1
+1 2
+2 575472
+3 378244
+1 2
+1 6
cfi=(25)
cfn=(584)
calls=2 -60 
* 1083
* 10
cfi=(25)
cfn=(596)
calls=2 932 
* 3424
* 6
cfi=(25)
cfn=(674)
calls=2 425 
* 1160
+2 283683
cfi=(25)
cfn=(694)
calls=94561 868 
* 7848563
* 472805
cfi=(25)
cfn=(704)
calls=94561 914 
* 8380849
* 94561
-6 1351
-11 191874
+23 6
cob=(3)
cfi=(3)
cfn=(788)
calls=1 0 
* 541
cob=(1)
cfi=(1)
cfn=(286)
calls=1 0 
* 1793
* 6
+1 6
+1 16

fn=(410)
29 6
+4 1
+2 2
+3 1
+1 1
+1 1
+2 1
+4 2
+2 1
+1 6
cob=(1)
cfi=(1)
cfn=(286)
calls=1 -49 
* 1839
* 5
* 6
cob=(3)
cfi=(3)
cfn=(418)
calls=1 -49 
* 127
* 1
* 12
+1 7
+1 5
cob=(1)
cfi=(1)
cfn=(286)
calls=1 -51 
* 1257
* 5
* 1
-2 1
+12 6
+24 4
cob=(1)
cfi=(1)
cfn=(286)
calls=1 -85 
* 1236
* 5
* 2
+7 4
cob=(3)
cfi=(3)
cfn=(444)
calls=1 -92 
* 21
* 1
* 2
+2 4
cob=(3)
cfi=(3)
cfn=(444)
calls=1 -94 
* 21
* 1
* 2
+1 2
+7 5
cob=(1)
cfi=(1)
cfn=(286)
calls=1 0 
* 2660
* 5
+2 1
+1 2
+1 2
+5 7
+1 2
cob=(1)
cfi=(1)
cfn=(286)
calls=1 0 
* 1152
* 5
* 3
cfi=(25)
cfn=(496)
calls=1 255 
* 52
* 1
+1 2
cob=(1)
cfi=(1)
cfn=(286)
calls=1 0 
* 1611
* 5
+1 5
cfn=(514)
calls=1 287 
* 38651
* 1
+1 2
+5 3
cfi=(25)
cfn=(616)
calls=1 655 
* 16
* 1
+1 1
+1 7
+1 6
cfi=(25)
cfn=(806)
calls=1 780 
* 14
* 2
cfi=(25)
cfn=(718)
calls=1 655 
* 12
* 4
-1 2
+3 6
cob=(3)
cfi=(3)
cfn=(450)
calls=1 0 
* 1245
* 1
+3 8
+1 2
cob=(7)
cfi=(24)
cfn=(494)
calls=1 -86 
* 117
* 1
* 3
cfi=(25)
cfn=(496)
calls=1 255 
* 52
* 1
+1 2
cob=(3)
cfi=(3)
cfn=(510)
calls=1 0 
* 470
* 1
+1 5
cfn=(514)
calls=1 287 
* 19455539
* 1
+1 2
+6 4
cfi=(25)
cfn=(806)
calls=1 780 
* 14
* 2
cfi=(25)
cfn=(812)
calls=1 891 
* 19
* 1
+1 4
cfi=(25)
cfn=(806)
calls=1 780 
* 14
* 2
cfi=(25)
cfn=(718)
calls=1 655 
* 12
* 1
+1 5
cob=(3)
cfi=(3)
cfn=(450)
calls=1 0 
* 888
* 1
+4 2
cob=(3)
cfi=(3)
cfn=(510)
calls=1 0 
* 2248
* 1
+1 8
cob=(1)
cfi=(1)
cfn=(286)
calls=1 0 
* 1877
* 5
* 1
+1 9
cob=(7)
cfi=(39)
cfn=(820)
calls=1 32 
* 192
* 1
* 1
+1 9
cob=(7)
cfi=(39)
cfn=(820)
calls=1 32 
* 268
* 1
* 1
+1 9
cob=(7)
cfi=(39)
cfn=(820)
calls=1 32 
* 176
* 1
* 1
+1 3
cfi=(25)
cfn=(826)
calls=1 255 
* 52
* 6
cfi=(40)
cfn=(836)
calls=1 444 
* 443
* 4
cfi=(25)
cfn=(878)
calls=1 425 
* 123
+1 2
+1 1
+1 1
cob=(1)
cfi=(1)
cfn=(286)
calls=1 0 
* 1280
* 5
* 1
+2 4
+1 5
cob=(3)
cfi=(3)
cfn=(450)
calls=1 0 
* 552
* 1
+1 3
cob=(1)
cfi=(1)
cfn=(286)
calls=1 0 
* 1411
* 5
+2 7
+1 6
cfi=(25)
cfn=(806)
calls=1 780 
* 14
* 2
cfi=(25)
cfn=(812)
calls=1 891 
* 19
* 1
+1 6
cfi=(25)
cfn=(806)
calls=1 780 
* 14
* 2
cfi=(25)
cfn=(718)
calls=1 655 
* 12
* 1
+4 103
+2 300
cfi=(43) /home/martin/git/edlib/edlib/src/edlib.cpp
cfn=(914) edlibNewAlignConfig
calls=50 1390 
* 1100
* 850
cfi=(43)
cfn=(916) edlibAlign
calls=50 -63 
* 1233703309
* 650
+1 443
cfi=(43)
cfn=(1058) edlibFreeAlignResult
calls=49 1402 
* 5194
* 49
-3 100
+6 7
+1 7
+1 7
+1 7
+1 2
+1 2
+4 2
+14 4
+1 8
cob=(3)
cfi=(3)
cfn=(450)
calls=1 0 
* 924
* 1
+1 3
cob=(3)
cfi=(3)
cfn=(910)
calls=1 0 
* 188
* 1
* 1
+25 2
-62 2
+66 8
+1 1
+1 2
cob=(1)
cfi=(1)
cfn=(286)
calls=1 0 
* 1414
* 5
+2 3
cfi=(40)
cfn=(1066)
calls=1 535 
* 22
* 4
+4 2
cob=(3)
cfi=(3)
cfn=(510)
calls=1 0 
* 349
* 1
+4 2
cob=(3)
cfi=(3)
cfn=(510)
calls=1 0 
* 862
* 1
+1 7
+1 10
+1 17
cob=(3)
cfi=(3)
cfn=(450)
calls=1 0 
* 1302
* 1
+1 8
+1 3
cob=(3)
cfi=(3)
cfn=(450)
calls=1 0 
* 225
* 1
+1 17
+1 3
cob=(3)
cfi=(3)
cfn=(450)
calls=1 0 
* 220
* 1
+1 8
+3 2
cob=(3)
cfi=(3)
cfn=(1064)
calls=1 0 
* 89
* 1
+2 15
cob=(3)
cfi=(3)
cfn=(450)
calls=1 0 
* 680
* 1
-7 2
+9 3
cob=(3)
cfi=(3)
cfn=(450)
calls=1 0 
* 220
* 1
+2 2
cob=(3)
cfi=(3)
cfn=(1064)
calls=1 0 
* 206
* 1
-16 2
+22 1
cob=(3)
cfi=(3)
cfn=(900)
calls=1 0 
* 39
* 1
* 1
+1 7
+1 6
cob=(3)
cfi=(3)
cfn=(450)
calls=1 0 
* 3632
* 1
+4 7
+1 8
cob=(3)
cfi=(3)
cfn=(780)
calls=1 0 
* 88
* 1
+1 8
-2 2
+4 5
cob=(7)
cfi=(44)
cfn=(1048)
calls=1 35 
* 92
* 1
+1 5
cob=(7)
cfi=(44)
cfn=(1048)
calls=1 35 
* 92
* 1
+1 5
cob=(7)
cfi=(44)
cfn=(1048)
calls=1 35 
* 92
* 1
+1 5
cfi=(25)
cfn=(1080)
calls=1 425 
* 879
* 3
cob=(1)
cfi=(1)
cfn=(286)
calls=1 0 
* 1064
* 5
+1 5
cfi=(25)
cfn=(1080)
calls=1 425 
* 934
* 3
cob=(7)
cfi=(45)
cfn=(1102)
calls=1 32 
* 92
* 1
+1 5
cob=(7)
cfi=(44)
cfn=(1048)
calls=1 35 
* 92
* 1
+2 1
149 3
cfi=(40)
cfn=(1104)
calls=1 397 
* 133
* 2
277 3

fl=(27)
fn=(504)
79 12

fn=(628)
119 14
+1 6
cfi=(30)
cfn=(602)
calls=2 -44 
* 12
* 10
cfi=(34)
cfn=(630)
calls=2 +27 
* 14
* 10
cfi=(25)
cfn=(632)
calls=2 337 
* 1478
* 10

fn=(1090)
109 12
+1 6
cob=(7)
cfi=(38)
cfn=(774)
calls=2 -61 
* 180
* 2
* 6

fn=(852)
81 24157

fn=(974)
109 22200
+1 11100
cob=(7)
cfi=(38)
cfn=(774)
calls=3700 -61 
* 481350
* 3700
* 11100

fn=(1004)
119 42350
+1 18150
cfi=(30)
cfn=(988)
calls=6050 -44 
* 36300
* 30250
cfi=(34)
cfn=(630)
calls=6050 +27 
* 42350
* 48400

fn=(724)
99 156
+2 78
cfn=(716)
calls=26 +12 
* 156
* 104
+3 78
cob=(7)
cfi=(24)
cfn=(494)
calls=26 -61 
* 5810
* 26
+1 52

fn=(952)
99 22200
+2 11100
cfn=(954)
calls=3700 +12 
* 22200
* 14800
+3 14800
cob=(7)
cfi=(24)
cfn=(494)
calls=3700 -61 
* 1168671
* 3700
+1 7400

fn=(614)
113 18
+1 18

fn=(730)
119 661927
+1 283683
cfi=(30)
cfn=(726)
calls=94561 -44 
* 567366
* 472805
cfi=(34)
cfn=(630)
calls=94561 +27 
* 661927
* 756488

fn=(1096)
86 12

fn=(768)
109 156
+1 78
cob=(7)
cfi=(38)
cfn=(774)
calls=25 -61 
* 3621
cob=(1)
cfi=(1)
cfn=(286)
calls=1 0 
* 2363
* 30
* 78

fn=(894)
86 41712

fn=(624)
99 12
+2 6
cfn=(614)
calls=2 +12 
* 12
* 8
+3 14
cob=(7)
cfi=(24)
cfn=(494)
calls=2 -61 
* 510
* 2
+1 4

fn=(834)
79 21006

fn=(954)
113 12600
+1 12600

fn=(716)
113 234
+1 234

fl=(30)
fn=(650)
179 30
+11 18
cfn=(652) std::remove_reference<char*&>::type&& std::move<char*&>(char*&)
calls=6 -89 
* 36
* 12
+1 18
cfn=(652)
calls=6 -90 
* 36
* 18
+1 18
cfn=(652)
calls=6 -91 
* 36
* 18
+1 18

fn=(598)
101 12
+1 12

fn=(838)
101 6
+1 6

fn=(846)
101 6
+1 6

fn=(638)
101 12
+1 12

fn=(988)
76 55200
+1 55200

fn=(856)
179 15
+11 9
cfn=(858) std::remove_reference<int*&>::type&& std::move<int*&>(int*&)
calls=3 -89 
* 18
* 6
+1 9
cfn=(858)
calls=3 -90 
* 18
* 9
+1 9
cfn=(858)
calls=3 -91 
* 18
* 9
+1 9

fn=(984)
101 18150
+1 18150

fn=(602)
76 24
+1 24

fn=(652)
101 54
+1 54

fn=(858)
101 27
+1 27

fn=(726)
76 567444
+1 567444

fn=(1082)
47 6
+3 2
+1 4

fl=(43)
fn=(930) min(int, int)
380 400
+1 400
+1 200

fn=(934) calculateBlock(unsigned long, unsigned long, unsigned long, int, unsigned long&, unsigned long&)
336 56903600
+6 35564750
+2 21338850
+2 14225900
+1 56903600
+2 35564750
+1 21338850
+2 7112950
+2 21338850
+2 42677700
+2 7112950
+1 7112950
+3 14225900
+2 35564750
+2 49790650
+1 35564750
+2 7112950
+1 14225900

fn=(924) ceilDiv(int, int)
376 600
+1 1650
+1 300

fn=(936) allBlockCellsLarger(Block, int)
446 17250
+1 24150
cfn=(938) getBlockCellValues(Block)
calls=3450 -54 
* 11400100
* 3450
+1 310550
+1 914700
cfi=(25)
cfn=(970)
calls=152450 780 
* 1676950
* 766950
-1 300200
+3 1100
-4 3300
cfi=(25)
cfn=(878)
calls=1100 -22 
* 319000
* 7050
cfi=(25)
cfn=(878)
calls=2350 -22 
* 681500
* 3450
+5 10350

fn=(1058)
1402 98
+1 294
cob=(3)
cfi=(3)
cfn=(780)
calls=49 0 
* 4312
* 49
+1 147
+1 147
+1 147

fn=(914)
1390 250
+2 100
+1 100
+1 100
+1 400
+1 150

fn=(926) buildPeq(int, unsigned char const*, int)
282 300
+1 200
cfn=(924)
calls=50 +93 
* 850
* 50
+2 500
cob=(7)
cfi=(39)
cfn=(820)
calls=50 32 
* 20139
* 50
* 50
+3 1000
+1 2500
+1 1500
+1 4000
+1 106000
+1 537600
+2 204800
+1 285600
-4 51200
+7 1000
-10 1000
-1 500
+16 50
+1 100

fn=(932) Block::Block()
50 600

fn=(916)
103 450
+2 100
+1 300
+1 100
+1 100
+1 100
+1 100
+6 500
cfn=(918) transformSequences(char const*, int, char const*, int, unsigned char**, unsigned char**)
calls=50 1353 
* 123068168
* 50
+1 150
+5 200
cfn=(924)
calls=50 376 
* 850
* 50
+1 200
+2 300
cfn=(926)
calls=50 282 
* 1218989
* 50
+7 50
+1 50
+1 100
+1 100
+1 50
+1 50
+4 150
+3 50
-2 100
+3 1050
cfn=(928) myersCalcEditDistanceSemiGlobal(unsigned long const*, int, int, unsigned char const*, int, unsigned char const*, int, int, int, EdlibAlignMode, int*, int**, int*)
calls=50 480 
* 1109372471
* 100
+7 50
+1 400
+2 200
+2 150
+7 300
+32 150
+18 250
cob=(7)
cfi=(44)
cfn=(1048)
calls=50 35 
* 4600
* 50
+1 150
cob=(3)
cfi=(3)
cfn=(780)
calls=49 0 
* 4312
cob=(1)
cfi=(1)
cfn=(286)
calls=1 0 
* 1415
* 54
+1 150
cob=(3)
cfi=(3)
cfn=(780)
calls=50 0 
* 25550
* 50
+1 150
+3 50
+1 200

fn=(918)
1353 450
+5 200
cob=(3)
cfi=(3)
cfn=(326)
calls=49 0 
* 19943
cob=(1)
cfi=(1)
cfn=(286)
calls=1 0 
* 1813
* 54
* 150
+1 200
cob=(3)
cfi=(3)
cfn=(326)
calls=50 0 
* 23908
* 50
* 150
+5 89750
+1 50
+2 12200
+1 24000
+1 24000
+1 600
+1 800
+1 200
+2 1800
-7 400
+7 34200
-7 7600
+9 14172350
+1 28344300
+1 28344300
+5 42516450
-7 9448100
+10 50
+1 100

fn=(928)
480 600
+1 100
+1 100
+4 50
+1 250
cfn=(924)
calls=50 376 
* 850
* 250
cfn=(930)
calls=50 380 
* 500
* 100
+3 650
cob=(7)
cfi=(39)
cfn=(820)
calls=50 32 
* 9700
* 50
* 900
cfn=(932)
calls=100 50 
* 600
* 350
+3 100
+1 250
cfn=(930)
calls=50 380 
* 500
* 50
+5 50
+3 100
+1 500
+1 600
+1 200
+1 200
+1 100
-4 200
+7 50
+1 150
cfi=(25)
cfn=(826)
calls=50 255 
* 2600
+1 200
+1 100
+1 14172350
+1 42516450
+3 9448100
+1 47240500
+1 18896200
+1 44955950
+1 99566600
cfn=(934)
calls=7111900 336 
* 483609200
* 7111900
+1 42671400
+1 14223800
-3 14223800
+5 9448100
+4 30577200
+1 13900
+2 3150
+1 2100
+1 2100
+1 19950
cfn=(934)
calls=1050 336 
* 71400
* 4200
+2 42507000
+6 18896200
+1 37950
cfn=(936)
calls=3450 -99 
* 16440050
* 21800
+1 3300
-1 1100
+5 9448100
+15 9448100
+1 18896200
cfn=(976) max(int, int)
calls=4724050 384 
* 47240500
* 4724050
+4 14172150
+13 18896200
+1 7163400
+1 7163400
+2 30100
+1 18150
+1 9150
cfi=(25)
cfn=(978)
calls=3050 1209 
* 225700
+1 6100
+3 6100
+2 24400
cfi=(25)
cfn=(982)
calls=3050 932 
* 409871
* 24000
cfi=(25)
cfn=(982)
calls=3000 932 
* 549800
+6 4724050
-87 9448100
+92 200
+14 150
+1 100
+1 150
cfi=(25)
cfn=(1000)
calls=50 +33 
* 650
* 150
cob=(3)
cfi=(3)
cfn=(326)
calls=50 0 
* 5250
* 50
* 150
+1 150
cfi=(25)
cfn=(1000)
calls=50 +32 
* 650
* 150
+1 250
cfi=(25)
cfn=(860)
calls=50 -58 
* 1200
* 200
cfi=(25)
cfn=(864)
calls=50 -76 
* 1150
* 200
cfi=(33)
cfn=(1032)
calls=50 446 
* 7950
+3 250
cob=(7)
cfi=(44)
cfn=(1048)
calls=49 35 
* 4508
cob=(1)
cfi=(1)
cfn=(286)
calls=1 0 
* 1588
* 54
+1 50
511 150
cfi=(25)
cfn=(878)
calls=50 -86 
* 12350
* 100
629 300

fn=(938)
393 17250
+1 10350
cfi=(26)
cfn=(832)
calls=3450 131 
* 55200
* 17250
cfi=(25)
cfn=(940)
calls=3450 279 
* 3815100
* 10350
cfi=(26)
cfn=(892)
calls=3450 139 
* 55200
+1 6900
+1 6900
+1 445050
+1 1304100
cfi=(25)
cfn=(970)
calls=217350 780 
* 2390850
* 652050
+1 984100
+1 894600
+1 25200
-4 50400
+4 192150
-4 384300
+6 13800
cfi=(25)
cfn=(970)
calls=3450 780 
* 37950
* 10350
+1 3450
+1 17250

fn=(976)
384 18896200
+1 18896200
+1 9448100

fl=(37)
fn=(750)
408 156
+1 156

fn=(1024)
408 1500
+1 1500

fn=(1034)
408 300
+1 300

fl=(41)
fn=(872) void std::__make_heap<__gnu_cxx::__normal_iterator<int*, std::vector<int, std::allocator<int> > >, __gnu_cxx::__ops::_Iter_comp_iter<std::less<int> > >(__gnu_cxx::__normal_iterator<int*, std::vector<int, std::allocator<int> > >, __gnu_cxx::__normal_iterator<int*, std::vector<int, std::allocator<int> > >, __gnu_cxx::__ops::_Iter_comp_iter<std::less<int> >)
319 5
+8 5
cfi=(36)
cfn=(874)
calls=1 959 
* 34
* 4
+1 2
+13 2

fn=(866)
379 6
+9 3
cfi=(42)
cfn=(868)
calls=1 131 
* 20
* 8
cfn=(872)
calls=1 -69 
* 52
* 1
+2 4

ob=(1)
fl=(1)
fn=(10) get_common_indeces.constprop.1
0 57

fn=(78) index
0 510

fn=(88) read
0 25

fn=(132) allocate_dtv
0 9
cob=(2)
cfi=(2)
cfn=(24)
calls=1 0 
0 33
0 10

fn=(36) memcpy
0 363

fn=(46) _dl_discover_osversion
0 22
cfn=(48) uname
calls=1 0 
0 5
0 59

fn=(72) map_doit
0 11
cfn=(74) _dl_map_object
calls=1 0 
0 2243
0 3

fn=(122) _dl_check_map_versions
0 643
cfn=(76) _dl_name_match_p
calls=62 0 
0 5612
0 565
cfn=(124) match_symbol
calls=7 0 
0 1468
0 76
cfn=(124)
calls=19 0 
0 2717
0 1142
cob=(2)
cfi=(2)
cfn=(24)
calls=6 0 
0 198
0 2242

fn=(1114) _dl_sort_fini
0 29
cfn=(98) memset
calls=1 0 
0 13
0 66
cfn=(98)
calls=5 0 
0 73
0 489

fn=(0) 0x0000000000000d70
0 2
cfn=(2) _dl_start
calls=1 0 
0 2040141
0 14
cfn=(206) _dl_init
calls=1 0 
0 67212
0 3
cob=(8)
cfi=(22)
cfn=(386)
calls=1 0 
0 1253246251

fn=(56) _dl_debug_initialize
0 65

fn=(336)
0 53

fn=(208) call_init.part.0
0 161
cob=(2)
cfi=(2)
cfn=(266)
calls=1 0 
0 6
cob=(2)
cfi=(2)
cfn=(254)
calls=1 0 
0 6
cob=(2)
cfi=(2)
cfn=(236)
calls=1 0 
0 6
cob=(3)
cfi=(3)
cfn=(222)
calls=1 0 
0 176
cob=(2)
cfi=(2)
cfn=(210)
calls=1 0 
0 6
0 85
cob=(7)
cfi=(9)
cfn=(270)
calls=1 0 
0 17
cob=(4) /usr/lib/libm-2.24.so
cfi=(4) ???
cfn=(258) 0x0000000000005740
calls=1 0 
0 17
cob=(6) /usr/lib/libgcc_s.so.1
cfi=(6) /build/gcc-multilib/src/gcc/libgcc/config/i386/cpuinfo.c
cfn=(240) __cpu_indicator_init@GCC_4.8.0
calls=1 406 
0 255
cob=(3)
cfi=(3)
cfn=(230)
calls=1 0 
0 1751
cob=(5) /usr/lib/valgrind/vgpreload_core-amd64-linux.so
cfi=(5) ???
cfn=(214) 0x0000000000000680
calls=1 0 
0 17
0 44
cob=(7)
cfi=(19)
cfn=(378)
calls=1 1373 
0 49
cob=(7)
cfi=(19)
cfn=(372)
calls=1 1373 
0 49
cob=(7)
cfi=(19)
cfn=(366)
calls=1 1373 
0 33
cob=(7)
cfi=(19)
cfn=(360)
calls=1 1373 
0 33
cob=(7)
cfi=(18)
cfn=(358)
calls=1 70 
0 144
cob=(7)
cfi=(17)
cfn=(356)
calls=1 338 
0 54
cob=(7)
cfi=(15)
cfn=(352)
calls=1 1094 
0 73
cob=(7)
cfi=(14)
cfn=(320)
calls=1 326 
0 59399
cob=(7)
cfi=(11)
cfn=(300)
calls=1 124 
0 2309
cob=(7)
cfi=(10)
cfn=(278)
calls=1 257 
0 2292
cob=(6)
cfi=(8) ???
cfn=(246) 0x0000000000003160
calls=1 0 
0 17
0 90

fn=(76)
0 2233
cfn=(44) strcmp
calls=319 0 
0 9856
0 3867
cfn=(44)
calls=335 0 
0 9689
0 2584

fn=(92) _fxstat
0 60

fn=(102) access
0 9

fn=(194) free
0 12

fn=(202) munmap
0 5

fn=(20) bcmp
0 723

fn=(50) _dl_init_paths
0 14
cfn=(52) _dl_important_hwcaps
calls=1 0 
0 351
0 3
cob=(2)
cfi=(2)
cfn=(28)
calls=1 0 
0 24
0 14
cob=(2)
cfi=(2)
cfn=(28)
calls=1 0 
0 24
0 62

fn=(74)
0 1029
cfn=(76)
calls=58 0 
0 5966
0 534
cfn=(44)
calls=28 0 
0 946
0 238
cfn=(78)
calls=5 0 
0 115
0 16
cfn=(80) expand_dynamic_string_token
calls=1 0 
0 164
0 13
cfn=(84) open_verify.constprop.7
calls=1 0 
0 291
0 24
cfn=(90) _dl_map_object_from_fd
calls=1 0 
0 1382
0 60
cfn=(90)
calls=4 0 
0 6318
0 23
cfn=(12) strlen
calls=4 0 
0 64
0 216
cfn=(108) _dl_load_cache_lookup
calls=4 0 
0 5835
0 72
cfn=(84)
calls=4 0 
0 1336
0 96

fn=(94) mmap
0 524

fn=(110) _dl_sysdep_read_whole_file
0 11
cfn=(86) open
calls=1 0 
0 5
0 7
cfn=(92)
calls=1 0 
0 10
0 8
cfn=(100) close
calls=1 0 
0 5
0 13
cfn=(94)
calls=1 0 
0 33
0 2

fn=(112) _dl_cache_libcmp
0 1052
cfn=(113) _dl_cache_libcmp'2
calls=7 0 
0 42
0 2696

fn=(113)
0 42

fn=(114) _dl_next_tls_modid
0 12

fn=(116) _dl_receive_error
0 11
cfn=(68) _dl_initial_error_catch_tsd
calls=1 0 
0 2
0 7
cfn=(118) version_check_doit
calls=1 0 
0 14790
0 10

fn=(130) _dl_allocate_tls_storage
0 7
cob=(2)
cfi=(2)
cfn=(32)
calls=1 0 
0 20
0 303
cfn=(132)
calls=1 0 
0 52
0 6

fn=(140) check_match
0 51186
cfn=(44)
calls=59 0 
0 2451
0 51073
cfn=(44)
calls=2036 0 
0 61992
0 6108

fn=(192) _dl_higher_prime_number
0 152

fn=(2)
0 253
cfn=(4) _dl_setup_hash
calls=1 0 
0 23
0 17
cfn=(6) _dl_sysdep_start
calls=1 0 
0 2039509
0 339

fn=(26)
0 136
cob=(2)
cfi=(2)
cfn=(28)
calls=17 0 
0 588

fn=(44)
0 88683

fn=(48)
0 5

fn=(52)
0 84
cob=(2)
cfi=(2)
cfn=(28)
calls=1 0 
0 24
0 161
cfn=(54) mempcpy
calls=1 0 
0 16
0 4
cfn=(54)
calls=1 0 
0 15
0 4
cfn=(54)
calls=1 0 
0 14
0 4
cfn=(54)
calls=1 0 
0 15
0 10

fn=(66) _dl_catch_error
0 169
cfn=(68)
calls=13 0 
0 26
0 104
cfn=(70) __sigsetjmp
calls=13 0 
0 247
0 78
cfn=(106) openaux
calls=12 0 
0 22687
cfn=(72)
calls=1 0 
0 2257
0 169

fn=(104) _dl_map_object_deps
0 1166
cfn=(78)
calls=12 0 
0 348
0 108
cfn=(66)
calls=12 0 
0 23419
0 570
cob=(2)
cfi=(2)
cfn=(28)
calls=5 0 
0 120
0 45
cfn=(36)
calls=5 0 
0 58
0 30
cfn=(36)
calls=5 0 
0 58
0 105
cob=(2)
cfi=(2)
cfn=(28)
calls=1 0 
0 24
0 111
cfn=(98)
calls=1 0 
0 13
0 395
cfn=(98)
calls=5 0 
0 73
0 269
cfn=(36)
calls=1 0 
0 18
0 3

fn=(124)
0 2858
cfn=(44)
calls=26 0 
0 1067
0 260

fn=(162) _dl_add_to_slotinfo
0 40

fn=(34)
0 596
cfn=(94)
calls=3 0 
0 99
0 188

fn=(64) do_preload
0 17
cfn=(66)
calls=1 0 
0 2318
0 11

fn=(70)
0 247

fn=(196) _dl_allocate_tls_init
0 111
cfn=(54)
calls=2 0 
0 25
0 8
cfn=(98)
calls=2 0 
0 45
0 17

fn=(12)
0 720

fn=(38) _dl_add_to_namespace_list
0 42
cfn=(40)
calls=6 0 
0 12
0 188
cfn=(42)
calls=5 0 
0 10
0 12
cfn=(42)
calls=1 0 
0 2
0 2

fn=(96) mprotect
0 60

fn=(206)
0 103
cfn=(208)
calls=6 0 
0 67013
0 19
cfn=(208)
calls=1 0 
0 76
0 1

fn=(288) _dl_fixup
0 1734
cfn=(136) _dl_lookup_symbol_x
calls=34 0 
0 31548
0 819
cob=(3)
cfi=(3)
cfn=(158)
calls=1 0 
0 13
cob=(3)
cfi=(3)
cfn=(442)
calls=1 0 
0 5
cob=(3)
cfi=(3)
cfn=(434)
calls=1 0 
0 5
0 3

fn=(68)
0 28

fn=(120) _dl_check_all_versions
0 61
cfn=(122)
calls=7 0 
0 14663
0 56

fn=(126) init_tls
0 10
cob=(2)
cfi=(2)
cfn=(24)
calls=1 0 
0 91
0 65
cfn=(128) _dl_determine_tlsoffset
calls=1 0 
0 98
0 1
cfn=(130)
calls=1 0 
0 388
0 16

fn=(136)
0 825222
cfn=(138) do_lookup_x
calls=2058 0 
0 775773
0 73870

fn=(198) _dl_sysdep_start_cleanup
0 1

fn=(286)
0 754
cfn=(288)
calls=29 0 
0 30424
0 696
cob=(7)
cfi=(10)
cfn=(1176)
calls=1 135 
0 1
cob=(7)
cfi=(46)
cfn=(1164)
calls=1 66 
0 1
cob=(7)
cfi=(45)
cfn=(1102)
calls=1 32 
0 92
cob=(3)
cfi=(3)
cfn=(1064)
calls=1 0 
0 206
cob=(3)
cfi=(3)
cfn=(780)
calls=1 0 
0 88
cob=(7)
cfi=(44)
cfn=(1048)
calls=1 35 
0 695
cob=(3)
cfi=(3)
cfn=(910)
calls=1 0 
0 188
cob=(3)
cfi=(3)
cfn=(900)
calls=1 0 
0 39
cob=(7)
cfi=(39)
cfn=(820)
calls=1 32 
0 976
cob=(3)
cfi=(3)
cfn=(788)
calls=1 0 
0 541
cob=(7)
cfi=(38)
cfn=(774)
calls=1 49 
0 1427
cob=(3)
cfi=(3)
cfn=(764)
calls=1 0 
0 15
cob=(7)
cfi=(29)
cfn=(692)
calls=1 139 
0 1
cob=(7)
cfi=(29)
cfn=(646)
calls=1 133 
0 1
cob=(7)
cfi=(29)
cfn=(594)
calls=1 131 
0 1
cob=(3)
cfi=(3)
cfn=(566)
calls=1 0 
0 588
cob=(3)
cfi=(3)
cfn=(560)
calls=1 0 
0 32
cob=(3)
cfi=(3)
cfn=(532)
calls=1 0 
0 507
cob=(3)
cfi=(3)
cfn=(510)
calls=1 0 
0 420
cob=(7)
cfi=(24)
cfn=(494)
calls=1 43 
0 216
cob=(3)
cfi=(3)
cfn=(450)
calls=1 0 
0 1403
cob=(3)
cfi=(3)
cfn=(444)
calls=1 0 
0 21
cob=(3)
cfi=(3)
cfn=(436)
calls=1 0 
0 24
cob=(3)
cfi=(3)
cfn=(418)
calls=1 0 
0 590
cob=(3)
cfi=(3)
cfn=(326)
calls=2 0 
0 58676
cob=(7)
cfi=(12)
cfn=(306)
calls=1 64 
0 1563
cob=(3)
cfi=(3)
cfn=(296)
calls=1 0 
0 60
cob=(7)
cfi=(10)
cfn=(290)
calls=1 135 
0 4

fn=(287)
0 130
cfn=(288)
calls=5 0 
0 3703
0 120
cob=(7)
cfi=(38)
cfn=(774)
calls=1 49 
0 90
cob=(7)
cfi=(24)
cfn=(494)
calls=1 43 
0 371
cob=(3)
cfi=(3)
cfn=(780)
calls=1 0 
0 88
cob=(7)
cfi=(13)
cfn=(318)
calls=1 388 
0 14
cob=(7)
cfi=(13)
cfn=(312)
calls=1 243 
0 33

fn=(6)
0 460
cfn=(8) brk
calls=1 0 
0 11
0 32
cfn=(12)
calls=1 0 
0 32
0 3
cfn=(14) sbrk
calls=1 0 
0 17
0 11
cfn=(16) dl_main
calls=1 0 
0 2038844
0 13
cfn=(10)
calls=1 0 
0 57
0 29

fn=(18) _dl_next_ld_env_entry
0 356

fn=(108)
0 759
cfn=(112)
calls=38 0 
0 2990
0 281
cfn=(112)
calls=3 0 
0 241
0 20
cfn=(112)
calls=4 0 
0 559
0 198
cfn=(12)
calls=4 0 
0 136
0 36
cfn=(36)
calls=4 0 
0 40
0 8
cfn=(82) strdup
calls=4 0 
0 340
0 36
cfn=(110)
calls=1 0 
0 94
0 10
cfn=(20)
calls=1 0 
0 38
0 15
cfn=(20)
calls=1 0 
0 32
0 2

fn=(128)
0 98

fn=(138)
0 349826
cfn=(76)
calls=199 0 
0 16651
0 70494
cfn=(40)
calls=122 0 
0 244
0 6483
cfn=(44)
calls=40 0 
0 2632
0 560
cfn=(42)
calls=40 0 
0 80
0 3101
cfn=(42)
calls=82 0 
0 164
0 123663
cfn=(140)
calls=2038 0 
0 172810
0 6537
cfn=(192)
calls=2 0 
0 152
0 8
cob=(2)
cfi=(2)
cfn=(24)
calls=2 0 
0 124
0 2388
cfn=(194)
calls=2 0 
0 12
0 1467
cob=(2)
cfi=(2)
cfn=(24)
calls=1 0 
0 33
0 18344

fn=(40)
0 260

fn=(58) _dl_count_modids
0 4

fn=(90)
0 90
cfn=(56)
calls=5 0 
0 40
0 25
cfn=(92)
calls=5 0 
0 50
0 380
cfn=(22) _dl_new_object
calls=5 0 
0 1758
0 1304
cfn=(114)
calls=2 0 
0 12
0 209
cfn=(94)
calls=5 0 
0 175
0 1940
cfn=(100)
calls=2 0 
0 10
0 6
cfn=(100)
calls=3 0 
0 15
0 60
cfn=(4)
calls=5 0 
0 115
0 80
cfn=(38)
calls=5 0 
0 235
0 112
cfn=(98)
calls=5 0 
0 559
0 75
cfn=(96)
calls=5 0 
0 25
0 80
cfn=(94)
calls=5 0 
0 155
0 114
cfn=(94)
calls=2 0 
0 62
0 14

fn=(98)
0 776

fn=(106)
0 156
cfn=(74)
calls=12 0 
0 22495
0 36

fn=(134) _dl_relocate_object
0 14779
cob=(4)
cfi=(4)
cfn=(190) sin
calls=1 0 
0 8
cob=(4)
cfi=(4)
cfn=(188) __atan2_finite
calls=1 0 
0 8
cob=(4)
cfi=(4)
cfn=(186) __asin_finite
calls=1 0 
0 5
cob=(4)
cfi=(4)
cfn=(184) floor
calls=1 0 
0 5
cob=(4)
cfi=(4)
cfn=(182) floorf
calls=1 0 
0 5
cob=(4)
cfi=(4)
cfn=(180) __acos_finite
calls=1 0 
0 5
cob=(4)
cfi=(4)
cfn=(178) rintf
calls=1 0 
0 5
cob=(4)
cfi=(4)
cfn=(176) __log_finite
calls=1 0 
0 8
cob=(4)
cfi=(4)
cfn=(174) __pow_finite
calls=1 0 
0 5
cob=(4)
cfi=(4)
cfn=(172) ceil
calls=1 0 
0 5
cob=(4)
cfi=(4)
cfn=(170) ceilf
calls=1 0 
0 5
cob=(4)
cfi=(4)
cfn=(168) rint
calls=1 0 
0 5
cob=(4)
cfi=(4)
cfn=(166) cos
calls=1 0 
0 8
cob=(4)
cfi=(4)
cfn=(164) __exp_finite
calls=1 0 
0 8
0 190
cfn=(160) _dl_protect_relro
calls=7 0 
0 175
0 206509
cfn=(136)
calls=2018 0 
0 1639489
0 84313
cob=(3)
cfi=(3)
cfn=(158)
calls=1 0 
0 13
cob=(3)
cfi=(3)
cfn=(156)
calls=1 0 
0 66
cob=(3)
cfi=(3)
cfn=(154)
calls=1 0 
0 6
cob=(3)
cfi=(3)
cfn=(152)
calls=1 0 
0 6
cob=(3)
cfi=(3)
cfn=(150)
calls=1 0 
0 5
cob=(3)
cfi=(3)
cfn=(148)
calls=1 0 
0 6
cob=(3)
cfi=(3)
cfn=(144)
calls=1 0 
0 66
cob=(3)
cfi=(3)
cfn=(142)
calls=1 0 
0 5
0 181
cfn=(36)
calls=4 0 
0 42
0 22549
cfn=(136)
calls=6 0 
0 3828
0 17947

fn=(1112)
0 26
cfn=(40)
calls=1 0 
0 2
0 118
cfn=(1114)
calls=1 0 
0 670
0 2
cfn=(42)
calls=1 0 
0 2
0 129
cob=(6)
cfi=(8)
cfn=(1208) 0x0000000000003120
calls=1 0 
0 107
cob=(4)
cfi=(4)
cfn=(1190) 0x0000000000005700
calls=1 0 
0 107
cob=(7)
cfi=(9)
cfn=(1150)
calls=1 0 
0 1788
cob=(5)
cfi=(5)
cfn=(1128) 0x0000000000000640
calls=1 0 
0 107
cob=(8)
cfi=(22)
cfn=(1116)
calls=1 0 
0 16
0 45
cob=(2)
cfi=(2)
cfn=(1224)
calls=1 0 
0 3
cob=(2)
cfi=(2)
cfn=(1206)
calls=1 0 
0 3
cob=(2)
cfi=(2)
cfn=(1188)
calls=1 0 
0 3
cob=(2)
cfi=(2)
cfn=(1148)
calls=1 0 
0 3
cob=(2)
cfi=(2)
cfn=(1126)
calls=1 0 
0 3
0 94

fn=(22)
0 90
cfn=(12)
calls=6 0 
0 114
0 126
cob=(2)
cfi=(2)
cfn=(24)
calls=6 0 
0 262
0 84
cfn=(36)
calls=6 0 
0 71
0 353
cfn=(12)
calls=5 0 
0 170
0 146
cfn=(54)
calls=5 0 
0 68
0 368
cob=(2)
cfi=(2)
cfn=(28)
calls=5 0 
0 120
0 27

fn=(84)
0 105
cfn=(86)
calls=5 0 
0 25
0 75
cfn=(88)
calls=5 0 
0 25
0 65
cfn=(20)
calls=5 0 
0 147
0 45
cfn=(20)
calls=5 0 
0 180
0 551
cfn=(20)
calls=2 0 
0 50
0 20
cfn=(20)
calls=5 0 
0 150
0 111
cfn=(20)
calls=3 0 
0 72
0 6

fn=(118)
0 6
cfn=(120)
calls=1 0 
0 14780
0 4

fn=(160)
0 112
cfn=(96)
calls=7 0 
0 35
0 28

fn=(16)
0 38
cfn=(18)
calls=1 0 
0 350
0 2
cfn=(18)
calls=1 0 
0 6
0 79
cfn=(22)
calls=1 0 
0 241
0 11
cfn=(38)
calls=1 0 
0 33
0 141
cfn=(44)
calls=1 0 
0 50
0 262
cfn=(4)
calls=1 0 
0 23
0 5
cfn=(46)
calls=1 0 
0 86
0 69
cfn=(20)
calls=1 0 
0 18
0 18
cfn=(20)
calls=1 0 
0 36
0 7
cfn=(50)
calls=1 0 
0 492
0 3
cfn=(56)
calls=1 0 
0 17
0 54
cfn=(58)
calls=1 0 
0 4
0 10
cfn=(60) _dl_debug_state
calls=1 0 
0 1
0 13
cfn=(102)
calls=1 0 
0 9
0 20
cfn=(104)
calls=1 0 
0 26933
0 152
cfn=(116)
calls=1 0 
0 14820
0 5
cfn=(126)
calls=1 0 
0 669
0 25
cfn=(196)
calls=1 0 
0 206
0 132
cfn=(134)
calls=6 0 
0 1985116
0 54
cfn=(162)
calls=2 0 
0 40
0 22
cfn=(134)
calls=1 0 
0 5144
0 7
cfn=(198)
calls=1 0 
0 1
0 6
cfn=(56)
calls=1 0 
0 8
0 2
cfn=(60)
calls=1 0 
0 1
0 1
cfn=(200) _dl_unload_cache
calls=1 0 
0 15
0 22
cfn=(12)
calls=1 0 
0 34
0 8
cfn=(36)
calls=1 0 
0 18
0 10
cfn=(62) strsep
calls=1 0 
0 908
0 3
cfn=(62)
calls=1 0 
0 7
0 15
cfn=(64)
calls=1 0 
0 2346
0 16

fn=(80)
0 13
cfn=(78)
calls=1 0 
0 47
0 11
cfn=(82)
calls=1 0 
0 93

fn=(4)
0 161

fn=(14)
0 17

fn=(42)
0 260

fn=(60)
0 2

fn=(8)
0 11

fn=(30)
0 108
cob=(2)
cfi=(2)
cfn=(32)
calls=36 0 
0 900

fn=(54)
0 153

fn=(62)
0 915

fn=(82)
0 25
cfn=(12)
calls=5 0 
0 170
0 15
cob=(2)
cfi=(2)
cfn=(28)
calls=5 0 
0 120
0 45
cfn=(36)
calls=5 0 
0 58

fn=(86)
0 30

fn=(100)
0 30

fn=(200)
0 7
cfn=(202)
calls=1 0 
0 5
0 3

ob=(4)
fl=(4)
fn=(188)
0 8

fn=(1200) 0x0000000000005670
0 9

fn=(182)
0 5

fn=(184)
0 5

fn=(186)
0 5

fn=(1190)
0 8
cob=(2)
cfi=(2)
cfn=(1196)
calls=1 0 
0 86
0 1
cfn=(1200)
calls=1 0 
0 9
0 3

fn=(190)
0 8

fn=(166)
0 8

fn=(178)
0 5

fn=(180)
0 5

fn=(258)
0 17

fn=(164)
0 8

fn=(176)
0 8

fn=(168)
0 5

fn=(170)
0 5

fn=(172)
0 5

fn=(174)
0 5

ob=(6)
fl=(6)
fn=(244) get_available_features
306 1
-3 1
+3 2
+3 4
+2 4
+2 4
+2 4
+2 4
+2 4
+2 4
+2 4
+2 4
+2 4
+2 4
+2 4
+3 2
+3 3
+2 4
+2 4
+2 4
+2 4
+2 4
+2 4
+2 4
+2 4
+2 4
+2 4
+2 4
+2 4
+6 2
+2 2
+2 2
+3 4
+2 4
+2 4
+3 2
+1 2

fn=(240)
406 6
+10 1
-10 1
+9 4
+71 9
-67 11
cfi=(7) /build/gcc-multilib/src/gcc-build/gcc/include/cpuid.h
cfn=(242) __get_cpuid_output
calls=1 241 
* 20
* 3
+7 1
-1 1
+3 2
+6 6
cfi=(7)
cfn=(242)
calls=1 241 
* 20
* 2
+6 2
+1 1
+2 1
-3 1
+1 1
+2 1
+1 1
-4 1
+1 1
+2 1
+3 1
-2 1
+2 1
+3 1
-7 1
+7 1
+5 2
207 7
460 3
+25 1
-25 1
cfn=(244)
calls=1 306 
* 127
+1 3
-6 1
199 2
+59 2
+1 2

fl=(7)
fn=(242)
241 2
fi=(6)
393 4
fe=(7)
241 2
fi=(6)
393 2
fe=(7)
223 8
+20 4
+3 8
+1 2
-1 4
fi=(6)
395 4
fe=(7)

fl=(8)
fn=(246)
0 17

fn=(1218) 0x0000000000003090
0 9

fn=(1208)
0 8
cob=(2)
cfi=(2)
cfn=(1214)
calls=1 0 
0 86
0 1
cfn=(1218)
calls=1 0 
0 9
0 3

ob=(5)
fl=(5)
fn=(214)
0 17

fn=(1142) 0x00000000000005b0
0 9

fn=(1128)
0 8
cob=(2)
cfi=(2)
cfn=(1134)
calls=1 0 
0 86
0 1
cfn=(1142)
calls=1 0 
0 9
0 3

totals: 1255353623
